#
# There is insufficient memory for the Java Runtime Environment to continue.
# Native memory allocation (malloc) failed to allocate 32744 bytes for ChunkPool::allocate
# Possible reasons:
#   The system is out of physical RAM or swap space
#   The process is running with CompressedOops enabled, and the Java Heap may be blocking the growth of the native heap
# Possible solutions:
#   Reduce memory load on the system
#   Increase physical memory or swap space
#   Check if swap backing store is full
#   Decrease Java heap size (-Xmx/-Xms)
#   Decrease number of Java threads
#   Decrease Java thread stack sizes (-Xss)
#   Set larger code cache with -XX:ReservedCodeCacheSize=
#   JVM is running with Unscaled Compressed Oops mode in which the Java heap is
#     placed in the first 4GB address space. The Java Heap base address is the
#     maximum limit for the native heap growth. Please use -XX:HeapBaseMinAddress
#     to set the Java Heap base and to place the Java Heap above 4GB virtual address.
# This output file may be truncated or incomplete.
#
#  Out of Memory Error (./src/hotspot/share/memory/arena.cpp:81), pid=13732, tid=12196
#
# JRE version: OpenJDK Runtime Environment (11.0.11+9) (build 11.0.11+9-b60-7590822)
# Java VM: OpenJDK 64-Bit Server VM (11.0.11+9-b60-7590822, mixed mode, tiered, compressed oops, g1 gc, windows-amd64)
# No core dump will be written. Minidumps are not enabled by default on client versions of Windows
#

---------------  S U M M A R Y ------------

Command Line: --add-opens=java.base/java.util=ALL-UNNAMED --add-opens=java.base/java.lang=ALL-UNNAMED --add-opens=java.base/java.lang.invoke=ALL-UNNAMED --add-opens=java.base/java.util=ALL-UNNAMED --add-opens=java.prefs/java.util.prefs=ALL-UNNAMED --add-opens=java.prefs/java.util.prefs=ALL-UNNAMED --add-opens=java.base/java.nio.charset=ALL-UNNAMED --add-opens=java.base/java.net=ALL-UNNAMED --add-opens=java.base/java.util.concurrent.atomic=ALL-UNNAMED -Xmx2048m -Dfile.encoding=UTF-8 -Duser.country=IN -Duser.language=en -Duser.variant org.gradle.launcher.daemon.bootstrap.GradleDaemon 7.2

Host: Intel(R) Core(TM) i5-10400 CPU @ 2.90GHz, 12 cores, 7G,  Windows 10 , 64 bit Build 19041 (10.0.19041.1566)
Time: Fri Apr 15 20:26:11 2022 India Standard Time elapsed time: 5.292555 seconds (0d 0h 0m 5s)

---------------  T H R E A D  ---------------

Current thread (0x000001aed1a41800):  JavaThread "C2 CompilerThread1" daemon [_thread_in_native, id=12196, stack(0x000000550c000000,0x000000550c100000)]


Current CompileTask:
C2:   5292 6534 %     4       groovy.lang.MetaClassImpl::inheritInterfaceNewMetaMethods @ 100 (195 bytes)

Stack: [0x000000550c000000,0x000000550c100000]
Native frames: (J=compiled Java code, j=interpreted, Vv=VM code, C=native code)
V  [jvm.dll+0x5f214a]
V  [jvm.dll+0x726fb5]
V  [jvm.dll+0x7285cd]
V  [jvm.dll+0x728c83]
V  [jvm.dll+0x243278]
V  [jvm.dll+0xbc78b]
V  [jvm.dll+0xbca3c]
V  [jvm.dll+0x35919e]
V  [jvm.dll+0x4ec464]
V  [jvm.dll+0x3218c2]
V  [jvm.dll+0x320d8a]
V  [jvm.dll+0x1fc1e2]
V  [jvm.dll+0x1fb3d4]
V  [jvm.dll+0x183d6c]
V  [jvm.dll+0x209a57]
V  [jvm.dll+0x2082a1]
V  [jvm.dll+0x6ef58f]
V  [jvm.dll+0x6e80b5]
V  [jvm.dll+0x5f1036]
C  [ucrtbase.dll+0x21bb2]
C  [KERNEL32.DLL+0x17034]
C  [ntdll.dll+0x52651]


---------------  P R O C E S S  ---------------

Threads class SMR info:
_java_thread_list=0x000001aed55b7400, length=168, elements={
0x000001aeb0d1b800, 0x000001aecd587800, 0x000001aecd593000, 0x000001aecdf15800,
0x000001aecdf17800, 0x000001aecdf19000, 0x000001aecdf1e000, 0x000001aecdf1f800,
0x000001aecdf20800, 0x000001aece06c000, 0x000001aecf853000, 0x000001aece15a800,
0x000001aecefb2800, 0x000001aecff80800, 0x000001aecfff3800, 0x000001aed0673800,
0x000001aed1a41800, 0x000001aecf4a1800, 0x000001aecf592000, 0x000001aed02de800,
0x000001aed0b7f000, 0x000001aed0b7b000, 0x000001aed0b7d000, 0x000001aed0b7f800,
0x000001aed0b81800, 0x000001aed0b7e000, 0x000001aed0b80800, 0x000001aed0b7b800,
0x000001aed0b7c800, 0x000001aed10cb000, 0x000001aed10cc000, 0x000001aed3806000,
0x000001aed10cd800, 0x000001aed10ce000, 0x000001aed10d4000, 0x000001aed10d0000,
0x000001aed10d0800, 0x000001aed10d2800, 0x000001aed10d5800, 0x000001aed10d4800,
0x000001aed10d6800, 0x000001aed10d1800, 0x000001aed10d7000, 0x000001aed10d8000,
0x000001aed10d3000, 0x000001aed3bf6000, 0x000001aed3bf9000, 0x000001aed3bf8000,
0x000001aed3bf5000, 0x000001aed3bf6800, 0x000001aed3bfa000, 0x000001aed3bf7800,
0x000001aed3bf4000, 0x000001aed3c00800, 0x000001aed3bfe800, 0x000001aed3bff800,
0x000001aed3bfb800, 0x000001aed3bfa800, 0x000001aed3bfd000, 0x000001aed3c01000,
0x000001aed3bfc800, 0x000001aed3bfe000, 0x000001aed3c02000, 0x000001aed3c03000,
0x000001aed512f000, 0x000001aed512f800, 0x000001aed5131000, 0x000001aed512b800,
0x000001aed512c800, 0x000001aed512d000, 0x000001aed5130800, 0x000001aed512e000,
0x000001aed5132000, 0x000001aed5189000, 0x000001aed518c000, 0x000001aed518a000,
0x000001aed518a800, 0x000001aed5188000, 0x000001aed518b800, 0x000001aed5186800,
0x000001aed5187800, 0x000001aed5193000, 0x000001aed518f800, 0x000001aed518d000,
0x000001aed5190800, 0x000001aed5192000, 0x000001aed5193800, 0x000001aed518e000,
0x000001aed5194800, 0x000001aed518e800, 0x000001aed5195000, 0x000001aed5191000,
0x000001aed1977000, 0x000001aed1979800, 0x000001aed1978800, 0x000001aed1978000,
0x000001aed197a000, 0x000001aed1975800, 0x000001aed1974800, 0x000001aed197b000,
0x000001aed197c000, 0x000001aed1976000, 0x000001aed1981800, 0x000001aed197f000,
0x000001aed1982800, 0x000001aed1980800, 0x000001aed197c800, 0x000001aed1980000,
0x000001aed197d800, 0x000001aed1983000, 0x000001aed197e800, 0x000001aed32e1000,
0x000001aed32dc800, 0x000001aed32de800, 0x000001aed32e2000, 0x000001aed32e3000,
0x000001aed32de000, 0x000001aed32dd000, 0x000001aed32e3800, 0x000001aed32e4800,
0x000001aed32e5800, 0x000001aed32df800, 0x000001aed32e6000, 0x000001aed32e0800,
0x000001aed32e9800, 0x000001aed32e7800, 0x000001aed32e7000, 0x000001aed32e8800,
0x000001aed32ea000, 0x000001aed32eb000, 0x000001aed2e1d000, 0x000001aed2e1a800,
0x000001aed2e1c000, 0x000001aed2e1b000, 0x000001aed2e17000, 0x000001aed2e1d800,
0x000001aed2e18000, 0x000001aed2e19800, 0x000001aed2e1e800, 0x000001aed2e19000,
0x000001aed2e24000, 0x000001aed2e20000, 0x000001aed2e21000, 0x000001aed2e25000,
0x000001aed2e1f800, 0x000001aed2e26000, 0x000001aed2e23800, 0x000001aed2e22800,
0x000001aed2e22000, 0x000001aed3358000, 0x000001aed335b800, 0x000001aed3359000,
0x000001aed335a000, 0x000001aed335c800, 0x000001aed335d000, 0x000001aed3357800,
0x000001aed335e000, 0x000001aed335e800, 0x000001aed335f800, 0x000001aed3360800,
0x000001aed335a800, 0x000001aed3364800, 0x000001aed3363800, 0x000001aed3361000,
0x000001aed3365800, 0x000001aed3366000, 0x000001aed3362000, 0x000001aed3363000
}

Java Threads: ( => current thread )
  0x000001aeb0d1b800 JavaThread "main" [_thread_blocked, id=16424, stack(0x000000550a700000,0x000000550a800000)]
  0x000001aecd587800 JavaThread "Reference Handler" daemon [_thread_blocked, id=9564, stack(0x000000550ae00000,0x000000550af00000)]
  0x000001aecd593000 JavaThread "Finalizer" daemon [_thread_blocked, id=8656, stack(0x000000550af00000,0x000000550b000000)]
  0x000001aecdf15800 JavaThread "Signal Dispatcher" daemon [_thread_blocked, id=12936, stack(0x000000550b000000,0x000000550b100000)]
  0x000001aecdf17800 JavaThread "Attach Listener" daemon [_thread_blocked, id=12760, stack(0x000000550b100000,0x000000550b200000)]
  0x000001aecdf19000 JavaThread "Service Thread" daemon [_thread_blocked, id=7704, stack(0x000000550b200000,0x000000550b300000)]
  0x000001aecdf1e000 JavaThread "C2 CompilerThread0" daemon [_thread_in_native, id=16020, stack(0x000000550b300000,0x000000550b400000)]
  0x000001aecdf1f800 JavaThread "C1 CompilerThread0" daemon [_thread_blocked, id=2624, stack(0x000000550b400000,0x000000550b500000)]
  0x000001aecdf20800 JavaThread "Sweeper thread" daemon [_thread_blocked, id=4184, stack(0x000000550b500000,0x000000550b600000)]
  0x000001aece06c000 JavaThread "Common-Cleaner" daemon [_thread_blocked, id=19200, stack(0x000000550b600000,0x000000550b700000)]
  0x000001aecf853000 JavaThread "Daemon health stats" [_thread_blocked, id=18896, stack(0x000000550bc00000,0x000000550bd00000)]
  0x000001aece15a800 JavaThread "Incoming local TCP Connector on port 59362" [_thread_in_native, id=13180, stack(0x000000550b800000,0x000000550b900000)]
  0x000001aecefb2800 JavaThread "Daemon periodic checks" [_thread_blocked, id=5632, stack(0x000000550bb00000,0x000000550bc00000)]
  0x000001aecff80800 JavaThread "Daemon" [_thread_blocked, id=7476, stack(0x000000550bd00000,0x000000550be00000)]
  0x000001aecfff3800 JavaThread "Handler for socket connection from /127.0.0.1:59362 to /127.0.0.1:59363" [_thread_in_native, id=2952, stack(0x000000550be00000,0x000000550bf00000)]
  0x000001aed0673800 JavaThread "Cancel handler" [_thread_blocked, id=11412, stack(0x000000550bf00000,0x000000550c000000)]
=>0x000001aed1a41800 JavaThread "C2 CompilerThread1" daemon [_thread_in_native, id=12196, stack(0x000000550c000000,0x000000550c100000)]
  0x000001aecf4a1800 JavaThread "Daemon worker" [_thread_in_vm, id=14312, stack(0x000000550c100000,0x000000550c200000)]
  0x000001aecf592000 JavaThread "Asynchronous log dispatcher for DefaultDaemonConnection: socket connection from /127.0.0.1:59362 to /127.0.0.1:59363" [_thread_blocked, id=2080, stack(0x000000550c200000,0x000000550c300000)]
  0x000001aed02de800 JavaThread "Stdin handler" [_thread_blocked, id=12192, stack(0x000000550c300000,0x000000550c400000)]
  0x000001aed0b7f000 JavaThread "Daemon client event forwarder" [_thread_blocked, id=17688, stack(0x000000550c400000,0x000000550c500000)]
  0x000001aed0b7b000 JavaThread "Cache worker for journal cache (C:\Users\ADMIN\.gradle\caches\journal-1)" [_thread_blocked, id=13544, stack(0x000000550cc00000,0x000000550cd00000)]
  0x000001aed0b7d000 JavaThread "File lock request listener" [_thread_in_native, id=18988, stack(0x000000550cd00000,0x000000550ce00000)]
  0x000001aed0b7f800 JavaThread "Cache worker for file hash cache (C:\Users\ADMIN\.gradle\caches\7.2\fileHashes)" [_thread_blocked, id=7492, stack(0x000000550ce00000,0x000000550cf00000)]
  0x000001aed0b81800 JavaThread "Cache worker for file hash cache (D:\Android Learn\GlowDriver\.gradle\7.2\fileHashes)" [_thread_blocked, id=9148, stack(0x000000550d100000,0x000000550d200000)]
  0x000001aed0b7e000 JavaThread "File watcher server" daemon [_thread_in_native, id=7184, stack(0x000000550d200000,0x000000550d300000)]
  0x000001aed0b80800 JavaThread "File watcher consumer" daemon [_thread_blocked, id=16744, stack(0x000000550d300000,0x000000550d400000)]
  0x000001aed0b7b800 JavaThread "Cache worker for checksums cache (D:\Android Learn\GlowDriver\.gradle\checksums)" [_thread_blocked, id=11604, stack(0x000000550d400000,0x000000550d500000)]
  0x000001aed0b7c800 JavaThread "Cache worker for cache directory md-supplier (C:\Users\ADMIN\.gradle\caches\7.2\md-supplier)" [_thread_blocked, id=13056, stack(0x000000550d500000,0x000000550d600000)]
  0x000001aed10cb000 JavaThread "Cache worker for cache directory md-rule (C:\Users\ADMIN\.gradle\caches\7.2\md-rule)" [_thread_blocked, id=10048, stack(0x000000550d600000,0x000000550d700000)]
  0x000001aed10cc000 JavaThread "Cache worker for execution history cache (C:\Users\ADMIN\.gradle\caches\7.2\executionHistory)" [_thread_blocked, id=15584, stack(0x000000550d700000,0x000000550d800000)]
  0x000001aed3806000 JavaThread "C2 CompilerThread2" daemon [_thread_in_native, id=7820, stack(0x000000550d800000,0x000000550d900000)]
  0x000001aed10cd800 JavaThread "jar transforms" [_thread_blocked, id=17912, stack(0x000000550d900000,0x000000550da00000)]
  0x000001aed10ce000 JavaThread "Cache worker for file content cache (C:\Users\ADMIN\.gradle\caches\7.2\fileContent)" [_thread_blocked, id=11944, stack(0x000000550da00000,0x000000550db00000)]
  0x000001aed10d4000 JavaThread "jar transforms Thread 2" [_thread_blocked, id=4392, stack(0x000000550db00000,0x000000550dc00000)]
  0x000001aed10d0000 JavaThread "Cache worker for dependencies-accessors (D:\Android Learn\GlowDriver\.gradle\7.2\dependencies-accessors)" [_thread_blocked, id=7744, stack(0x000000550dc00000,0x000000550dd00000)]
  0x000001aed10d0800 JavaThread "jar transforms Thread 3" [_thread_blocked, id=5396, stack(0x000000550dd00000,0x000000550de00000)]
  0x000001aed10d2800 JavaThread "Cache worker for Build Output Cleanup Cache (D:\Android Learn\GlowDriver\.gradle\buildOutputCleanup)" [_thread_blocked, id=4348, stack(0x000000550de00000,0x000000550df00000)]
  0x000001aed10d5800 JavaThread "Unconstrained build operations" [_thread_blocked, id=9232, stack(0x000000550df00000,0x000000550e000000)]
  0x000001aed10d4800 JavaThread "Unconstrained build operations Thread 2" [_thread_blocked, id=16436, stack(0x000000550e000000,0x000000550e100000)]
  0x000001aed10d6800 JavaThread "Unconstrained build operations Thread 3" [_thread_blocked, id=1220, stack(0x000000550e100000,0x000000550e200000)]
  0x000001aed10d1800 JavaThread "Unconstrained build operations Thread 4" [_thread_blocked, id=9992, stack(0x000000550e200000,0x000000550e300000)]
  0x000001aed10d7000 JavaThread "Unconstrained build operations Thread 5" [_thread_blocked, id=17800, stack(0x000000550e300000,0x000000550e400000)]
  0x000001aed10d8000 JavaThread "Unconstrained build operations Thread 6" [_thread_blocked, id=14592, stack(0x000000550e400000,0x000000550e500000)]
  0x000001aed10d3000 JavaThread "Unconstrained build operations Thread 7" [_thread_blocked, id=16716, stack(0x000000550e500000,0x000000550e600000)]
  0x000001aed3bf6000 JavaThread "Unconstrained build operations Thread 8" [_thread_blocked, id=7496, stack(0x000000550e600000,0x000000550e700000)]
  0x000001aed3bf9000 JavaThread "Unconstrained build operations Thread 9" [_thread_blocked, id=17460, stack(0x000000550e700000,0x000000550e800000)]
  0x000001aed3bf8000 JavaThread "Unconstrained build operations Thread 10" [_thread_blocked, id=19152, stack(0x000000550e800000,0x000000550e900000)]
  0x000001aed3bf5000 JavaThread "Unconstrained build operations Thread 11" [_thread_blocked, id=6716, stack(0x000000550e900000,0x000000550ea00000)]
  0x000001aed3bf6800 JavaThread "Unconstrained build operations Thread 12" [_thread_blocked, id=992, stack(0x000000550ea00000,0x000000550eb00000)]
  0x000001aed3bfa000 JavaThread "Unconstrained build operations Thread 13" [_thread_blocked, id=16328, stack(0x000000550eb00000,0x000000550ec00000)]
  0x000001aed3bf7800 JavaThread "Unconstrained build operations Thread 14" [_thread_blocked, id=8216, stack(0x000000550ec00000,0x000000550ed00000)]
  0x000001aed3bf4000 JavaThread "Unconstrained build operations Thread 15" [_thread_blocked, id=15864, stack(0x000000550ed00000,0x000000550ee00000)]
  0x000001aed3c00800 JavaThread "Unconstrained build operations Thread 16" [_thread_blocked, id=13948, stack(0x000000550ee00000,0x000000550ef00000)]
  0x000001aed3bfe800 JavaThread "Unconstrained build operations Thread 17" [_thread_blocked, id=12464, stack(0x000000550ef00000,0x000000550f000000)]
  0x000001aed3bff800 JavaThread "Unconstrained build operations Thread 18" [_thread_blocked, id=9852, stack(0x000000550f000000,0x000000550f100000)]
  0x000001aed3bfb800 JavaThread "Unconstrained build operations Thread 19" [_thread_blocked, id=13960, stack(0x000000550f100000,0x000000550f200000)]
  0x000001aed3bfa800 JavaThread "Unconstrained build operations Thread 20" [_thread_blocked, id=7352, stack(0x000000550f200000,0x000000550f300000)]
  0x000001aed3bfd000 JavaThread "Unconstrained build operations Thread 21" [_thread_blocked, id=8800, stack(0x000000550f300000,0x000000550f400000)]
  0x000001aed3c01000 JavaThread "Unconstrained build operations Thread 22" [_thread_blocked, id=12920, stack(0x000000550f400000,0x000000550f500000)]
  0x000001aed3bfc800 JavaThread "Unconstrained build operations Thread 23" [_thread_blocked, id=17108, stack(0x000000550f500000,0x000000550f600000)]
  0x000001aed3bfe000 JavaThread "Unconstrained build operations Thread 24" [_thread_blocked, id=6700, stack(0x000000550f600000,0x000000550f700000)]
  0x000001aed3c02000 JavaThread "Unconstrained build operations Thread 25" [_thread_blocked, id=16928, stack(0x000000550f700000,0x000000550f800000)]
  0x000001aed3c03000 JavaThread "Unconstrained build operations Thread 26" [_thread_blocked, id=5868, stack(0x000000550f800000,0x000000550f900000)]
  0x000001aed512f000 JavaThread "Unconstrained build operations Thread 27" [_thread_blocked, id=17332, stack(0x000000550f900000,0x000000550fa00000)]
  0x000001aed512f800 JavaThread "Unconstrained build operations Thread 28" [_thread_blocked, id=5204, stack(0x000000550fa00000,0x000000550fb00000)]
  0x000001aed5131000 JavaThread "Unconstrained build operations Thread 29" [_thread_blocked, id=15396, stack(0x000000550fb00000,0x000000550fc00000)]
  0x000001aed512b800 JavaThread "Unconstrained build operations Thread 30" [_thread_blocked, id=9760, stack(0x000000550fc00000,0x000000550fd00000)]
  0x000001aed512c800 JavaThread "Unconstrained build operations Thread 31" [_thread_blocked, id=7960, stack(0x000000550fd00000,0x000000550fe00000)]
  0x000001aed512d000 JavaThread "Unconstrained build operations Thread 32" [_thread_blocked, id=544, stack(0x000000550fe00000,0x000000550ff00000)]
  0x000001aed5130800 JavaThread "Unconstrained build operations Thread 33" [_thread_blocked, id=13196, stack(0x000000550ff00000,0x0000005510000000)]
  0x000001aed512e000 JavaThread "Unconstrained build operations Thread 34" [_thread_blocked, id=12200, stack(0x0000005510000000,0x0000005510100000)]
  0x000001aed5132000 JavaThread "Unconstrained build operations Thread 35" [_thread_blocked, id=17220, stack(0x0000005510100000,0x0000005510200000)]
  0x000001aed5189000 JavaThread "Unconstrained build operations Thread 36" [_thread_blocked, id=12184, stack(0x0000005510200000,0x0000005510300000)]
  0x000001aed518c000 JavaThread "Unconstrained build operations Thread 37" [_thread_blocked, id=9008, stack(0x0000005510300000,0x0000005510400000)]
  0x000001aed518a000 JavaThread "Unconstrained build operations Thread 38" [_thread_blocked, id=14388, stack(0x0000005510400000,0x0000005510500000)]
  0x000001aed518a800 JavaThread "Unconstrained build operations Thread 39" [_thread_blocked, id=6860, stack(0x0000005510500000,0x0000005510600000)]
  0x000001aed5188000 JavaThread "Unconstrained build operations Thread 40" [_thread_blocked, id=10004, stack(0x0000005510600000,0x0000005510700000)]
  0x000001aed518b800 JavaThread "Unconstrained build operations Thread 41" [_thread_blocked, id=7000, stack(0x0000005510700000,0x0000005510800000)]
  0x000001aed5186800 JavaThread "Unconstrained build operations Thread 42" [_thread_blocked, id=17412, stack(0x0000005510800000,0x0000005510900000)]
  0x000001aed5187800 JavaThread "Unconstrained build operations Thread 43" [_thread_blocked, id=13280, stack(0x0000005510900000,0x0000005510a00000)]
  0x000001aed5193000 JavaThread "Unconstrained build operations Thread 44" [_thread_blocked, id=17036, stack(0x0000005510a00000,0x0000005510b00000)]
  0x000001aed518f800 JavaThread "Unconstrained build operations Thread 45" [_thread_blocked, id=15052, stack(0x0000005510b00000,0x0000005510c00000)]
  0x000001aed518d000 JavaThread "Unconstrained build operations Thread 46" [_thread_blocked, id=5736, stack(0x0000005510c00000,0x0000005510d00000)]
  0x000001aed5190800 JavaThread "Unconstrained build operations Thread 47" [_thread_blocked, id=10184, stack(0x0000005510d00000,0x0000005510e00000)]
  0x000001aed5192000 JavaThread "Unconstrained build operations Thread 48" [_thread_blocked, id=5744, stack(0x0000005510e00000,0x0000005510f00000)]
  0x000001aed5193800 JavaThread "Unconstrained build operations Thread 49" [_thread_blocked, id=12980, stack(0x0000005510f00000,0x0000005511000000)]
  0x000001aed518e000 JavaThread "Unconstrained build operations Thread 50" [_thread_blocked, id=6876, stack(0x0000005511000000,0x0000005511100000)]
  0x000001aed5194800 JavaThread "Unconstrained build operations Thread 51" [_thread_blocked, id=16440, stack(0x0000005511100000,0x0000005511200000)]
  0x000001aed518e800 JavaThread "Unconstrained build operations Thread 52" [_thread_blocked, id=15076, stack(0x0000005511200000,0x0000005511300000)]
  0x000001aed5195000 JavaThread "Unconstrained build operations Thread 53" [_thread_blocked, id=11952, stack(0x0000005511300000,0x0000005511400000)]
  0x000001aed5191000 JavaThread "Unconstrained build operations Thread 54" [_thread_blocked, id=7580, stack(0x0000005511400000,0x0000005511500000)]
  0x000001aed1977000 JavaThread "Unconstrained build operations Thread 55" [_thread_blocked, id=18956, stack(0x0000005511500000,0x0000005511600000)]
  0x000001aed1979800 JavaThread "Unconstrained build operations Thread 56" [_thread_blocked, id=13124, stack(0x0000005511600000,0x0000005511700000)]
  0x000001aed1978800 JavaThread "Unconstrained build operations Thread 57" [_thread_blocked, id=17508, stack(0x0000005511700000,0x0000005511800000)]
  0x000001aed1978000 JavaThread "Unconstrained build operations Thread 58" [_thread_blocked, id=3848, stack(0x0000005511800000,0x0000005511900000)]
  0x000001aed197a000 JavaThread "Unconstrained build operations Thread 59" [_thread_blocked, id=14824, stack(0x0000005511900000,0x0000005511a00000)]
  0x000001aed1975800 JavaThread "Unconstrained build operations Thread 60" [_thread_blocked, id=17572, stack(0x0000005511a00000,0x0000005511b00000)]
  0x000001aed1974800 JavaThread "Unconstrained build operations Thread 61" [_thread_blocked, id=6440, stack(0x0000005511b00000,0x0000005511c00000)]
  0x000001aed197b000 JavaThread "Unconstrained build operations Thread 62" [_thread_blocked, id=3016, stack(0x0000005511c00000,0x0000005511d00000)]
  0x000001aed197c000 JavaThread "Unconstrained build operations Thread 63" [_thread_blocked, id=18440, stack(0x0000005511d00000,0x0000005511e00000)]
  0x000001aed1976000 JavaThread "Unconstrained build operations Thread 64" [_thread_blocked, id=14292, stack(0x0000005511e00000,0x0000005511f00000)]
  0x000001aed1981800 JavaThread "Unconstrained build operations Thread 65" [_thread_blocked, id=11560, stack(0x0000005511f00000,0x0000005512000000)]
  0x000001aed197f000 JavaThread "Unconstrained build operations Thread 66" [_thread_blocked, id=3620, stack(0x0000005512000000,0x0000005512100000)]
  0x000001aed1982800 JavaThread "Unconstrained build operations Thread 67" [_thread_blocked, id=14488, stack(0x0000005512100000,0x0000005512200000)]
  0x000001aed1980800 JavaThread "Unconstrained build operations Thread 68" [_thread_blocked, id=15528, stack(0x0000005512200000,0x0000005512300000)]
  0x000001aed197c800 JavaThread "Unconstrained build operations Thread 69" [_thread_blocked, id=4428, stack(0x0000005512300000,0x0000005512400000)]
  0x000001aed1980000 JavaThread "Unconstrained build operations Thread 70" [_thread_blocked, id=13484, stack(0x0000005512400000,0x0000005512500000)]
  0x000001aed197d800 JavaThread "Unconstrained build operations Thread 71" [_thread_blocked, id=16964, stack(0x0000005512500000,0x0000005512600000)]
  0x000001aed1983000 JavaThread "Unconstrained build operations Thread 72" [_thread_blocked, id=5852, stack(0x0000005512600000,0x0000005512700000)]
  0x000001aed197e800 JavaThread "Unconstrained build operations Thread 73" [_thread_blocked, id=8, stack(0x0000005512700000,0x0000005512800000)]
  0x000001aed32e1000 JavaThread "Unconstrained build operations Thread 74" [_thread_blocked, id=15488, stack(0x0000005512800000,0x0000005512900000)]
  0x000001aed32dc800 JavaThread "Unconstrained build operations Thread 75" [_thread_blocked, id=15956, stack(0x0000005512900000,0x0000005512a00000)]
  0x000001aed32de800 JavaThread "Unconstrained build operations Thread 76" [_thread_blocked, id=11084, stack(0x0000005512a00000,0x0000005512b00000)]
  0x000001aed32e2000 JavaThread "Unconstrained build operations Thread 77" [_thread_blocked, id=14732, stack(0x0000005512b00000,0x0000005512c00000)]
  0x000001aed32e3000 JavaThread "Unconstrained build operations Thread 78" [_thread_blocked, id=10624, stack(0x0000005512c00000,0x0000005512d00000)]
  0x000001aed32de000 JavaThread "Unconstrained build operations Thread 79" [_thread_blocked, id=18992, stack(0x0000005512d00000,0x0000005512e00000)]
  0x000001aed32dd000 JavaThread "Unconstrained build operations Thread 80" [_thread_blocked, id=18324, stack(0x0000005512e00000,0x0000005512f00000)]
  0x000001aed32e3800 JavaThread "Unconstrained build operations Thread 81" [_thread_blocked, id=10192, stack(0x0000005512f00000,0x0000005513000000)]
  0x000001aed32e4800 JavaThread "Unconstrained build operations Thread 82" [_thread_blocked, id=3580, stack(0x0000005513000000,0x0000005513100000)]
  0x000001aed32e5800 JavaThread "Unconstrained build operations Thread 83" [_thread_blocked, id=8172, stack(0x0000005513100000,0x0000005513200000)]
  0x000001aed32df800 JavaThread "Unconstrained build operations Thread 84" [_thread_blocked, id=2820, stack(0x0000005513200000,0x0000005513300000)]
  0x000001aed32e6000 JavaThread "Unconstrained build operations Thread 85" [_thread_blocked, id=1644, stack(0x0000005513300000,0x0000005513400000)]
  0x000001aed32e0800 JavaThread "Unconstrained build operations Thread 86" [_thread_blocked, id=6828, stack(0x0000005513400000,0x0000005513500000)]
  0x000001aed32e9800 JavaThread "Unconstrained build operations Thread 87" [_thread_blocked, id=1584, stack(0x0000005513500000,0x0000005513600000)]
  0x000001aed32e7800 JavaThread "Unconstrained build operations Thread 88" [_thread_blocked, id=8592, stack(0x0000005513600000,0x0000005513700000)]
  0x000001aed32e7000 JavaThread "Unconstrained build operations Thread 89" [_thread_blocked, id=11228, stack(0x0000005513700000,0x0000005513800000)]
  0x000001aed32e8800 JavaThread "Unconstrained build operations Thread 90" [_thread_blocked, id=15684, stack(0x0000005513800000,0x0000005513900000)]
  0x000001aed32ea000 JavaThread "Unconstrained build operations Thread 91" [_thread_blocked, id=17864, stack(0x0000005513900000,0x0000005513a00000)]
  0x000001aed32eb000 JavaThread "Unconstrained build operations Thread 92" [_thread_blocked, id=10260, stack(0x0000005513a00000,0x0000005513b00000)]
  0x000001aed2e1d000 JavaThread "Unconstrained build operations Thread 93" [_thread_blocked, id=7824, stack(0x0000005513b00000,0x0000005513c00000)]
  0x000001aed2e1a800 JavaThread "Unconstrained build operations Thread 94" [_thread_blocked, id=5568, stack(0x0000005513c00000,0x0000005513d00000)]
  0x000001aed2e1c000 JavaThread "Unconstrained build operations Thread 95" [_thread_blocked, id=2960, stack(0x0000005513d00000,0x0000005513e00000)]
  0x000001aed2e1b000 JavaThread "Unconstrained build operations Thread 96" [_thread_blocked, id=7780, stack(0x0000005513e00000,0x0000005513f00000)]
  0x000001aed2e17000 JavaThread "Unconstrained build operations Thread 97" [_thread_blocked, id=14024, stack(0x0000005513f00000,0x0000005514000000)]
  0x000001aed2e1d800 JavaThread "Unconstrained build operations Thread 98" [_thread_blocked, id=288, stack(0x0000005514000000,0x0000005514100000)]
  0x000001aed2e18000 JavaThread "Unconstrained build operations Thread 99" [_thread_blocked, id=14252, stack(0x0000005514100000,0x0000005514200000)]
  0x000001aed2e19800 JavaThread "Unconstrained build operations Thread 100" [_thread_blocked, id=12128, stack(0x0000005514200000,0x0000005514300000)]
  0x000001aed2e1e800 JavaThread "Unconstrained build operations Thread 101" [_thread_blocked, id=15276, stack(0x0000005514300000,0x0000005514400000)]
  0x000001aed2e19000 JavaThread "Unconstrained build operations Thread 102" [_thread_blocked, id=11044, stack(0x0000005514400000,0x0000005514500000)]
  0x000001aed2e24000 JavaThread "Unconstrained build operations Thread 103" [_thread_blocked, id=16768, stack(0x0000005514500000,0x0000005514600000)]
  0x000001aed2e20000 JavaThread "Unconstrained build operations Thread 104" [_thread_blocked, id=16036, stack(0x0000005514600000,0x0000005514700000)]
  0x000001aed2e21000 JavaThread "Unconstrained build operations Thread 105" [_thread_blocked, id=17696, stack(0x0000005514700000,0x0000005514800000)]
  0x000001aed2e25000 JavaThread "Unconstrained build operations Thread 106" [_thread_blocked, id=16860, stack(0x0000005514800000,0x0000005514900000)]
  0x000001aed2e1f800 JavaThread "Unconstrained build operations Thread 107" [_thread_blocked, id=6896, stack(0x0000005514900000,0x0000005514a00000)]
  0x000001aed2e26000 JavaThread "Unconstrained build operations Thread 108" [_thread_blocked, id=13716, stack(0x0000005514a00000,0x0000005514b00000)]
  0x000001aed2e23800 JavaThread "Unconstrained build operations Thread 109" [_thread_blocked, id=18968, stack(0x0000005514b00000,0x0000005514c00000)]
  0x000001aed2e22800 JavaThread "Unconstrained build operations Thread 110" [_thread_blocked, id=10084, stack(0x0000005514c00000,0x0000005514d00000)]
  0x000001aed2e22000 JavaThread "Unconstrained build operations Thread 111" [_thread_blocked, id=8448, stack(0x0000005514d00000,0x0000005514e00000)]
  0x000001aed3358000 JavaThread "Unconstrained build operations Thread 112" [_thread_blocked, id=12380, stack(0x0000005514e00000,0x0000005514f00000)]
  0x000001aed335b800 JavaThread "Unconstrained build operations Thread 113" [_thread_blocked, id=1364, stack(0x0000005514f00000,0x0000005515000000)]
  0x000001aed3359000 JavaThread "Unconstrained build operations Thread 114" [_thread_blocked, id=5320, stack(0x0000005515000000,0x0000005515100000)]
  0x000001aed335a000 JavaThread "Unconstrained build operations Thread 115" [_thread_blocked, id=7864, stack(0x0000005515100000,0x0000005515200000)]
  0x000001aed335c800 JavaThread "Unconstrained build operations Thread 116" [_thread_blocked, id=9536, stack(0x0000005515200000,0x0000005515300000)]
  0x000001aed335d000 JavaThread "Unconstrained build operations Thread 117" [_thread_blocked, id=7740, stack(0x0000005515300000,0x0000005515400000)]
  0x000001aed3357800 JavaThread "Unconstrained build operations Thread 118" [_thread_blocked, id=10576, stack(0x0000005515400000,0x0000005515500000)]
  0x000001aed335e000 JavaThread "Unconstrained build operations Thread 119" [_thread_blocked, id=18412, stack(0x0000005515500000,0x0000005515600000)]
  0x000001aed335e800 JavaThread "jar transforms Thread 4" [_thread_blocked, id=7436, stack(0x0000005515600000,0x0000005515700000)]
  0x000001aed335f800 JavaThread "jar transforms Thread 5" [_thread_blocked, id=6844, stack(0x0000005515700000,0x0000005515800000)]
  0x000001aed3360800 JavaThread "jar transforms Thread 6" [_thread_blocked, id=964, stack(0x0000005515800000,0x0000005515900000)]
  0x000001aed335a800 JavaThread "jar transforms Thread 7" [_thread_blocked, id=9988, stack(0x0000005515900000,0x0000005515a00000)]
  0x000001aed3364800 JavaThread "jar transforms Thread 8" [_thread_blocked, id=18004, stack(0x0000005515a00000,0x0000005515b00000)]
  0x000001aed3363800 JavaThread "jar transforms Thread 9" [_thread_blocked, id=12656, stack(0x0000005515b00000,0x0000005515c00000)]
  0x000001aed3361000 JavaThread "jar transforms Thread 10" [_thread_blocked, id=6212, stack(0x0000005515c00000,0x0000005515d00000)]
  0x000001aed3365800 JavaThread "jar transforms Thread 11" [_thread_blocked, id=5580, stack(0x0000005515d00000,0x0000005515e00000)]
  0x000001aed3366000 JavaThread "jar transforms Thread 12" [_thread_blocked, id=320, stack(0x0000005515e00000,0x0000005515f00000)]
  0x000001aed3362000 JavaThread "pool-1-thread-1" [_thread_blocked, id=17536, stack(0x0000005515f00000,0x0000005516000000)]
  0x000001aed3363000 JavaThread "Memory manager" [_thread_blocked, id=6632, stack(0x0000005516000000,0x0000005516100000)]

Other Threads:
  0x000001aecd585800 VMThread "VM Thread" [stack: 0x000000550ad00000,0x000000550ae00000] [id=16148]
  0x000001aece09d000 WatcherThread [stack: 0x000000550b700000,0x000000550b800000] [id=11528]
  0x000001aeb0d34000 GCTaskThread "GC Thread#0" [stack: 0x000000550a800000,0x000000550a900000] [id=16324]
  0x000001aece36b800 GCTaskThread "GC Thread#1" [stack: 0x000000550b900000,0x000000550ba00000] [id=13912]
  0x000001aece399800 GCTaskThread "GC Thread#2" [stack: 0x000000550ba00000,0x000000550bb00000] [id=12140]
  0x000001aecfa3b800 GCTaskThread "GC Thread#3" [stack: 0x000000550c500000,0x000000550c600000] [id=12112]
  0x000001aecfa90800 GCTaskThread "GC Thread#4" [stack: 0x000000550c600000,0x000000550c700000] [id=12148]
  0x000001aecf3cc800 GCTaskThread "GC Thread#5" [stack: 0x000000550c700000,0x000000550c800000] [id=16792]
  0x000001aed18dc800 GCTaskThread "GC Thread#6" [stack: 0x000000550c800000,0x000000550c900000] [id=16936]
  0x000001aecf808000 GCTaskThread "GC Thread#7" [stack: 0x000000550c900000,0x000000550ca00000] [id=13880]
  0x000001aed1c45000 GCTaskThread "GC Thread#8" [stack: 0x000000550ca00000,0x000000550cb00000] [id=14156]
  0x000001aed09b9000 GCTaskThread "GC Thread#9" [stack: 0x000000550cb00000,0x000000550cc00000] [id=10424]
  0x000001aeb0d66800 ConcurrentGCThread "G1 Main Marker" [stack: 0x000000550a900000,0x000000550aa00000] [id=11056]
  0x000001aeb0d68800 ConcurrentGCThread "G1 Conc#0" [stack: 0x000000550aa00000,0x000000550ab00000] [id=16696]
  0x000001aecf303800 ConcurrentGCThread "G1 Conc#1" [stack: 0x000000550cf00000,0x000000550d000000] [id=14560]
  0x000001aecfa9e800 ConcurrentGCThread "G1 Conc#2" [stack: 0x000000550d000000,0x000000550d100000] [id=5988]
  0x000001aecd3d4800 ConcurrentGCThread "G1 Refine#0" [stack: 0x000000550ab00000,0x000000550ac00000] [id=9960]
  0x000001aeb0dfe000 ConcurrentGCThread "G1 Young RemSet Sampling" [stack: 0x000000550ac00000,0x000000550ad00000] [id=16404]

Threads with active compile tasks:
C2 CompilerThread0   5307 6452       4       groovy.lang.MetaClassImpl$1MOPIter::methodNameAction (325 bytes)
C2 CompilerThread1   5307 6534 %     4       groovy.lang.MetaClassImpl::inheritInterfaceNewMetaMethods @ 100 (195 bytes)
C2 CompilerThread2   5307 6535   !   4       java.lang.reflect.Executable::sharedToGenericString (321 bytes)

VM state:not at safepoint (normal execution)

VM Mutex/Monitor currently owned by a thread:  ([mutex/lock_event])
[0x000001aeb0d16050] SystemDictionary_lock - owner thread: 0x0000000000000000

Heap address: 0x0000000080000000, size: 2048 MB, Compressed Oops mode: 32-bit
Narrow klass base: 0x0000000000000000, Narrow klass shift: 3
Compressed class space size: 1073741824 Address: 0x0000000100000000

Heap:
 garbage-first heap   total 155648K, used 116551K [0x0000000080000000, 0x0000000100000000)
  region size 1024K, 65 young (66560K), 7 survivors (7168K)
 Metaspace       used 68005K, capacity 69724K, committed 69888K, reserved 1110016K
  class space    used 8568K, capacity 9259K, committed 9292K, reserved 1048576K
Heap Regions: E=young(eden), S=young(survivor), O=old, HS=humongous(starts), HC=humongous(continues), CS=collection set, F=free, A=archive, TAMS=top-at-mark-start (previous, next)
|   0|0x0000000080000000, 0x0000000080100000, 0x0000000080100000|100%| O|  |TAMS 0x0000000080100000, 0x0000000080000000| Untracked 
|   1|0x0000000080100000, 0x0000000080200000, 0x0000000080200000|100%| O|  |TAMS 0x0000000080200000, 0x0000000080100000| Untracked 
|   2|0x0000000080200000, 0x0000000080300000, 0x0000000080300000|100%| O|  |TAMS 0x0000000080300000, 0x0000000080200000| Untracked 
|   3|0x0000000080300000, 0x0000000080400000, 0x0000000080400000|100%|HS|  |TAMS 0x0000000080400000, 0x0000000080300000| Complete 
|   4|0x0000000080400000, 0x0000000080500000, 0x0000000080500000|100%|HC|  |TAMS 0x0000000080500000, 0x0000000080400000| Complete 
|   5|0x0000000080500000, 0x0000000080600000, 0x0000000080600000|100%|HC|  |TAMS 0x0000000080600000, 0x0000000080500000| Complete 
|   6|0x0000000080600000, 0x0000000080700000, 0x0000000080700000|100%| O|  |TAMS 0x0000000080700000, 0x0000000080600000| Untracked 
|   7|0x0000000080700000, 0x0000000080800000, 0x0000000080800000|100%| O|  |TAMS 0x0000000080800000, 0x0000000080700000| Untracked 
|   8|0x0000000080800000, 0x0000000080900000, 0x0000000080900000|100%| O|  |TAMS 0x0000000080900000, 0x0000000080800000| Untracked 
|   9|0x0000000080900000, 0x0000000080a00000, 0x0000000080a00000|100%| O|  |TAMS 0x0000000080a00000, 0x0000000080900000| Untracked 
|  10|0x0000000080a00000, 0x0000000080b00000, 0x0000000080b00000|100%| O|  |TAMS 0x0000000080b00000, 0x0000000080a00000| Untracked 
|  11|0x0000000080b00000, 0x0000000080c00000, 0x0000000080c00000|100%| O|  |TAMS 0x0000000080c00000, 0x0000000080b00000| Untracked 
|  12|0x0000000080c00000, 0x0000000080d00000, 0x0000000080d00000|100%| O|  |TAMS 0x0000000080d00000, 0x0000000080c00000| Untracked 
|  13|0x0000000080d00000, 0x0000000080e00000, 0x0000000080e00000|100%| O|  |TAMS 0x0000000080e00000, 0x0000000080d00000| Untracked 
|  14|0x0000000080e00000, 0x0000000080f00000, 0x0000000080f00000|100%| O|  |TAMS 0x0000000080f00000, 0x0000000080e00000| Untracked 
|  15|0x0000000080f00000, 0x0000000081000000, 0x0000000081000000|100%| O|  |TAMS 0x0000000081000000, 0x0000000080f00000| Untracked 
|  16|0x0000000081000000, 0x0000000081100000, 0x0000000081100000|100%|HS|  |TAMS 0x0000000081100000, 0x0000000081000000| Complete 
|  17|0x0000000081100000, 0x0000000081200000, 0x0000000081200000|100%| O|  |TAMS 0x0000000081200000, 0x0000000081100000| Untracked 
|  18|0x0000000081200000, 0x0000000081300000, 0x0000000081300000|100%| O|  |TAMS 0x0000000081300000, 0x0000000081200000| Untracked 
|  19|0x0000000081300000, 0x0000000081400000, 0x0000000081400000|100%| O|  |TAMS 0x0000000081400000, 0x0000000081300000| Untracked 
|  20|0x0000000081400000, 0x0000000081500000, 0x0000000081500000|100%| O|  |TAMS 0x0000000081500000, 0x0000000081400000| Untracked 
|  21|0x0000000081500000, 0x0000000081600000, 0x0000000081600000|100%| O|  |TAMS 0x0000000081600000, 0x0000000081500000| Untracked 
|  22|0x0000000081600000, 0x0000000081700000, 0x0000000081700000|100%| O|  |TAMS 0x0000000081700000, 0x0000000081600000| Untracked 
|  23|0x0000000081700000, 0x0000000081800000, 0x0000000081800000|100%| O|  |TAMS 0x0000000081800000, 0x0000000081700000| Untracked 
|  24|0x0000000081800000, 0x0000000081900000, 0x0000000081900000|100%| O|  |TAMS 0x0000000081900000, 0x0000000081800000| Untracked 
|  25|0x0000000081900000, 0x0000000081a00000, 0x0000000081a00000|100%| O|  |TAMS 0x0000000081a00000, 0x0000000081900000| Untracked 
|  26|0x0000000081a00000, 0x0000000081b00000, 0x0000000081b00000|100%| O|  |TAMS 0x0000000081b00000, 0x0000000081a00000| Untracked 
|  27|0x0000000081b00000, 0x0000000081c00000, 0x0000000081c00000|100%|HS|  |TAMS 0x0000000081c00000, 0x0000000081b00000| Complete 
|  28|0x0000000081c00000, 0x0000000081d00000, 0x0000000081d00000|100%|HS|  |TAMS 0x0000000081d00000, 0x0000000081c00000| Complete 
|  29|0x0000000081d00000, 0x0000000081e00000, 0x0000000081e00000|100%|HC|  |TAMS 0x0000000081e00000, 0x0000000081d00000| Complete 
|  30|0x0000000081e00000, 0x0000000081f00000, 0x0000000081f00000|100%|HC|  |TAMS 0x0000000081f00000, 0x0000000081e00000| Complete 
|  31|0x0000000081f00000, 0x0000000082000000, 0x0000000082000000|100%|HS|  |TAMS 0x0000000082000000, 0x0000000081f00000| Complete 
|  32|0x0000000082000000, 0x0000000082100000, 0x0000000082100000|100%|HC|  |TAMS 0x0000000082100000, 0x0000000082000000| Complete 
|  33|0x0000000082100000, 0x0000000082200000, 0x0000000082200000|100%| O|  |TAMS 0x0000000082200000, 0x0000000082100000| Untracked 
|  34|0x0000000082200000, 0x0000000082300000, 0x0000000082300000|100%| O|  |TAMS 0x0000000082300000, 0x0000000082200000| Untracked 
|  35|0x0000000082300000, 0x0000000082400000, 0x0000000082400000|100%| O|  |TAMS 0x0000000082400000, 0x0000000082300000| Untracked 
|  36|0x0000000082400000, 0x0000000082500000, 0x0000000082500000|100%| O|  |TAMS 0x0000000082500000, 0x0000000082400000| Untracked 
|  37|0x0000000082500000, 0x0000000082600000, 0x0000000082600000|100%| O|  |TAMS 0x0000000082600000, 0x0000000082500000| Untracked 
|  38|0x0000000082600000, 0x0000000082700000, 0x0000000082700000|100%| O|  |TAMS 0x0000000082700000, 0x0000000082600000| Untracked 
|  39|0x0000000082700000, 0x0000000082800000, 0x0000000082800000|100%| O|  |TAMS 0x0000000082800000, 0x0000000082700000| Untracked 
|  40|0x0000000082800000, 0x0000000082900000, 0x0000000082900000|100%| O|  |TAMS 0x0000000082900000, 0x0000000082800000| Untracked 
|  41|0x0000000082900000, 0x0000000082a00000, 0x0000000082a00000|100%| O|  |TAMS 0x0000000082a00000, 0x0000000082900000| Untracked 
|  42|0x0000000082a00000, 0x0000000082b00000, 0x0000000082b00000|100%| O|  |TAMS 0x0000000082b00000, 0x0000000082a00000| Untracked 
|  43|0x0000000082b00000, 0x0000000082c00000, 0x0000000082c00000|100%| O|  |TAMS 0x0000000082c00000, 0x0000000082b00000| Untracked 
|  44|0x0000000082c00000, 0x0000000082d00000, 0x0000000082d00000|100%| O|  |TAMS 0x0000000082d00000, 0x0000000082c00000| Untracked 
|  45|0x0000000082d00000, 0x0000000082e00000, 0x0000000082e00000|100%| O|  |TAMS 0x0000000082e00000, 0x0000000082d00000| Untracked 
|  46|0x0000000082e00000, 0x0000000082f00000, 0x0000000082f00000|100%| O|  |TAMS 0x0000000082f00000, 0x0000000082e00000| Untracked 
|  47|0x0000000082f00000, 0x0000000083000000, 0x0000000083000000|100%| O|  |TAMS 0x0000000082fd2200, 0x0000000082f00000| Untracked 
|  48|0x0000000083000000, 0x0000000083000000, 0x0000000083100000|  0%| F|  |TAMS 0x0000000083000000, 0x0000000083000000| Untracked 
|  49|0x0000000083100000, 0x0000000083200000, 0x0000000083200000|100%| O|  |TAMS 0x0000000083100000, 0x0000000083100000| Untracked 
|  50|0x0000000083200000, 0x0000000083300000, 0x0000000083300000|100%| O|  |TAMS 0x0000000083200000, 0x0000000083200000| Untracked 
|  51|0x0000000083300000, 0x00000000833b3a00, 0x0000000083400000| 70%| O|  |TAMS 0x0000000083300000, 0x0000000083300000| Untracked 
|  52|0x0000000083400000, 0x0000000083400000, 0x0000000083500000|  0%| F|  |TAMS 0x0000000083400000, 0x0000000083400000| Untracked 
|  53|0x0000000083500000, 0x0000000083500000, 0x0000000083600000|  0%| F|  |TAMS 0x0000000083500000, 0x0000000083500000| Untracked 
|  54|0x0000000083600000, 0x0000000083600000, 0x0000000083700000|  0%| F|  |TAMS 0x0000000083600000, 0x0000000083600000| Untracked 
|  55|0x0000000083700000, 0x0000000083700000, 0x0000000083800000|  0%| F|  |TAMS 0x0000000083700000, 0x0000000083700000| Untracked 
|  56|0x0000000083800000, 0x0000000083800000, 0x0000000083900000|  0%| F|  |TAMS 0x0000000083800000, 0x0000000083800000| Untracked 
|  57|0x0000000083900000, 0x0000000083900000, 0x0000000083a00000|  0%| F|  |TAMS 0x0000000083900000, 0x0000000083900000| Untracked 
|  58|0x0000000083a00000, 0x0000000083a00000, 0x0000000083b00000|  0%| F|  |TAMS 0x0000000083a00000, 0x0000000083a00000| Untracked 
|  59|0x0000000083b00000, 0x0000000083b00000, 0x0000000083c00000|  0%| F|  |TAMS 0x0000000083b00000, 0x0000000083b00000| Untracked 
|  60|0x0000000083c00000, 0x0000000083c00000, 0x0000000083d00000|  0%| F|  |TAMS 0x0000000083c00000, 0x0000000083c00000| Untracked 
|  61|0x0000000083d00000, 0x0000000083d00000, 0x0000000083e00000|  0%| F|  |TAMS 0x0000000083d00000, 0x0000000083d00000| Untracked 
|  62|0x0000000083e00000, 0x0000000083e00000, 0x0000000083f00000|  0%| F|  |TAMS 0x0000000083e00000, 0x0000000083e00000| Untracked 
|  63|0x0000000083f00000, 0x0000000083f00000, 0x0000000084000000|  0%| F|  |TAMS 0x0000000083f00000, 0x0000000083f00000| Untracked 
|  64|0x0000000084000000, 0x0000000084000000, 0x0000000084100000|  0%| F|  |TAMS 0x0000000084000000, 0x0000000084000000| Untracked 
|  65|0x0000000084100000, 0x0000000084100000, 0x0000000084200000|  0%| F|  |TAMS 0x0000000084100000, 0x0000000084100000| Untracked 
|  66|0x0000000084200000, 0x0000000084200000, 0x0000000084300000|  0%| F|  |TAMS 0x0000000084200000, 0x0000000084200000| Untracked 
|  67|0x0000000084300000, 0x0000000084300000, 0x0000000084400000|  0%| F|  |TAMS 0x0000000084300000, 0x0000000084300000| Untracked 
|  68|0x0000000084400000, 0x0000000084400000, 0x0000000084500000|  0%| F|  |TAMS 0x0000000084400000, 0x0000000084400000| Untracked 
|  69|0x0000000084500000, 0x0000000084500000, 0x0000000084600000|  0%| F|  |TAMS 0x0000000084500000, 0x0000000084500000| Untracked 
|  70|0x0000000084600000, 0x0000000084600000, 0x0000000084700000|  0%| F|  |TAMS 0x0000000084600000, 0x0000000084600000| Untracked 
|  71|0x0000000084700000, 0x0000000084700000, 0x0000000084800000|  0%| F|  |TAMS 0x0000000084700000, 0x0000000084700000| Untracked 
|  72|0x0000000084800000, 0x0000000084800000, 0x0000000084900000|  0%| F|  |TAMS 0x0000000084800000, 0x0000000084800000| Untracked 
|  73|0x0000000084900000, 0x0000000084900000, 0x0000000084a00000|  0%| F|  |TAMS 0x0000000084900000, 0x0000000084900000| Untracked 
|  74|0x0000000084a00000, 0x0000000084a00000, 0x0000000084b00000|  0%| F|  |TAMS 0x0000000084a00000, 0x0000000084a00000| Untracked 
|  75|0x0000000084b00000, 0x0000000084b00000, 0x0000000084c00000|  0%| F|  |TAMS 0x0000000084b00000, 0x0000000084b00000| Untracked 
|  76|0x0000000084c00000, 0x0000000084c1e468, 0x0000000084d00000| 11%| S|CS|TAMS 0x0000000084c00000, 0x0000000084c00000| Complete 
|  77|0x0000000084d00000, 0x0000000084e00000, 0x0000000084e00000|100%| S|CS|TAMS 0x0000000084d00000, 0x0000000084d00000| Complete 
|  78|0x0000000084e00000, 0x0000000084f00000, 0x0000000084f00000|100%| S|CS|TAMS 0x0000000084e00000, 0x0000000084e00000| Complete 
|  79|0x0000000084f00000, 0x0000000085000000, 0x0000000085000000|100%| S|CS|TAMS 0x0000000084f00000, 0x0000000084f00000| Complete 
|  80|0x0000000085000000, 0x0000000085100000, 0x0000000085100000|100%| S|CS|TAMS 0x0000000085000000, 0x0000000085000000| Complete 
|  81|0x0000000085100000, 0x0000000085200000, 0x0000000085200000|100%| S|CS|TAMS 0x0000000085100000, 0x0000000085100000| Complete 
|  82|0x0000000085200000, 0x0000000085300000, 0x0000000085300000|100%| S|CS|TAMS 0x0000000085200000, 0x0000000085200000| Complete 
|  83|0x0000000085300000, 0x0000000085300000, 0x0000000085400000|  0%| F|  |TAMS 0x0000000085300000, 0x0000000085300000| Untracked 
|  84|0x0000000085400000, 0x0000000085400000, 0x0000000085500000|  0%| F|  |TAMS 0x0000000085400000, 0x0000000085400000| Untracked 
|  85|0x0000000085500000, 0x0000000085500000, 0x0000000085600000|  0%| F|  |TAMS 0x0000000085500000, 0x0000000085500000| Untracked 
|  86|0x0000000085600000, 0x0000000085600000, 0x0000000085700000|  0%| F|  |TAMS 0x0000000085600000, 0x0000000085600000| Untracked 
|  87|0x0000000085700000, 0x0000000085700000, 0x0000000085800000|  0%| F|  |TAMS 0x0000000085700000, 0x0000000085700000| Untracked 
|  88|0x0000000085800000, 0x0000000085800000, 0x0000000085900000|  0%| F|  |TAMS 0x0000000085800000, 0x0000000085800000| Untracked 
|  89|0x0000000085900000, 0x0000000085900000, 0x0000000085a00000|  0%| F|  |TAMS 0x0000000085900000, 0x0000000085900000| Untracked 
|  90|0x0000000085a00000, 0x0000000085a00000, 0x0000000085b00000|  0%| F|  |TAMS 0x0000000085a00000, 0x0000000085a00000| Untracked 
|  91|0x0000000085b00000, 0x0000000085b00000, 0x0000000085c00000|  0%| F|  |TAMS 0x0000000085b00000, 0x0000000085b00000| Untracked 
|  92|0x0000000085c00000, 0x0000000085c00000, 0x0000000085d00000|  0%| F|  |TAMS 0x0000000085c00000, 0x0000000085c00000| Untracked 
|  93|0x0000000085d00000, 0x0000000085d80800, 0x0000000085e00000| 50%| E|  |TAMS 0x0000000085d00000, 0x0000000085d00000| Complete 
|  94|0x0000000085e00000, 0x0000000085f00000, 0x0000000085f00000|100%| E|CS|TAMS 0x0000000085e00000, 0x0000000085e00000| Complete 
|  95|0x0000000085f00000, 0x0000000086000000, 0x0000000086000000|100%| E|CS|TAMS 0x0000000085f00000, 0x0000000085f00000| Complete 
|  96|0x0000000086000000, 0x0000000086100000, 0x0000000086100000|100%| E|CS|TAMS 0x0000000086000000, 0x0000000086000000| Complete 
|  97|0x0000000086100000, 0x0000000086200000, 0x0000000086200000|100%| E|CS|TAMS 0x0000000086100000, 0x0000000086100000| Complete 
|  98|0x0000000086200000, 0x0000000086300000, 0x0000000086300000|100%| E|CS|TAMS 0x0000000086200000, 0x0000000086200000| Complete 
|  99|0x0000000086300000, 0x0000000086400000, 0x0000000086400000|100%| E|CS|TAMS 0x0000000086300000, 0x0000000086300000| Complete 
| 100|0x0000000086400000, 0x0000000086500000, 0x0000000086500000|100%| E|CS|TAMS 0x0000000086400000, 0x0000000086400000| Complete 
| 101|0x0000000086500000, 0x0000000086600000, 0x0000000086600000|100%| E|CS|TAMS 0x0000000086500000, 0x0000000086500000| Complete 
| 102|0x0000000086600000, 0x0000000086700000, 0x0000000086700000|100%| E|CS|TAMS 0x0000000086600000, 0x0000000086600000| Complete 
| 103|0x0000000086700000, 0x0000000086800000, 0x0000000086800000|100%| E|CS|TAMS 0x0000000086700000, 0x0000000086700000| Complete 
| 104|0x0000000086800000, 0x0000000086900000, 0x0000000086900000|100%| E|CS|TAMS 0x0000000086800000, 0x0000000086800000| Complete 
| 105|0x0000000086900000, 0x0000000086a00000, 0x0000000086a00000|100%| E|CS|TAMS 0x0000000086900000, 0x0000000086900000| Complete 
| 106|0x0000000086a00000, 0x0000000086b00000, 0x0000000086b00000|100%| E|CS|TAMS 0x0000000086a00000, 0x0000000086a00000| Complete 
| 107|0x0000000086b00000, 0x0000000086c00000, 0x0000000086c00000|100%| E|CS|TAMS 0x0000000086b00000, 0x0000000086b00000| Complete 
| 108|0x0000000086c00000, 0x0000000086d00000, 0x0000000086d00000|100%| E|CS|TAMS 0x0000000086c00000, 0x0000000086c00000| Complete 
| 109|0x0000000086d00000, 0x0000000086e00000, 0x0000000086e00000|100%| E|CS|TAMS 0x0000000086d00000, 0x0000000086d00000| Complete 
| 110|0x0000000086e00000, 0x0000000086f00000, 0x0000000086f00000|100%| E|CS|TAMS 0x0000000086e00000, 0x0000000086e00000| Complete 
| 111|0x0000000086f00000, 0x0000000087000000, 0x0000000087000000|100%| E|CS|TAMS 0x0000000086f00000, 0x0000000086f00000| Complete 
| 112|0x0000000087000000, 0x0000000087100000, 0x0000000087100000|100%| E|CS|TAMS 0x0000000087000000, 0x0000000087000000| Complete 
| 113|0x0000000087100000, 0x0000000087200000, 0x0000000087200000|100%| E|CS|TAMS 0x0000000087100000, 0x0000000087100000| Complete 
| 114|0x0000000087200000, 0x0000000087300000, 0x0000000087300000|100%| E|CS|TAMS 0x0000000087200000, 0x0000000087200000| Complete 
| 115|0x0000000087300000, 0x0000000087400000, 0x0000000087400000|100%| E|CS|TAMS 0x0000000087300000, 0x0000000087300000| Complete 
| 116|0x0000000087400000, 0x0000000087500000, 0x0000000087500000|100%| E|CS|TAMS 0x0000000087400000, 0x0000000087400000| Complete 
| 117|0x0000000087500000, 0x0000000087600000, 0x0000000087600000|100%| E|CS|TAMS 0x0000000087500000, 0x0000000087500000| Complete 
| 118|0x0000000087600000, 0x0000000087700000, 0x0000000087700000|100%| E|CS|TAMS 0x0000000087600000, 0x0000000087600000| Complete 
| 119|0x0000000087700000, 0x0000000087800000, 0x0000000087800000|100%| E|CS|TAMS 0x0000000087700000, 0x0000000087700000| Complete 
| 120|0x0000000087800000, 0x0000000087900000, 0x0000000087900000|100%| E|CS|TAMS 0x0000000087800000, 0x0000000087800000| Complete 
| 121|0x0000000087900000, 0x0000000087a00000, 0x0000000087a00000|100%| E|CS|TAMS 0x0000000087900000, 0x0000000087900000| Complete 
| 122|0x0000000087a00000, 0x0000000087b00000, 0x0000000087b00000|100%| E|CS|TAMS 0x0000000087a00000, 0x0000000087a00000| Complete 
| 123|0x0000000087b00000, 0x0000000087c00000, 0x0000000087c00000|100%| E|CS|TAMS 0x0000000087b00000, 0x0000000087b00000| Complete 
| 124|0x0000000087c00000, 0x0000000087d00000, 0x0000000087d00000|100%| E|CS|TAMS 0x0000000087c00000, 0x0000000087c00000| Complete 
| 125|0x0000000087d00000, 0x0000000087e00000, 0x0000000087e00000|100%| E|CS|TAMS 0x0000000087d00000, 0x0000000087d00000| Complete 
| 126|0x0000000087e00000, 0x0000000087f00000, 0x0000000087f00000|100%| E|CS|TAMS 0x0000000087e00000, 0x0000000087e00000| Complete 
| 127|0x0000000087f00000, 0x0000000088000000, 0x0000000088000000|100%| E|CS|TAMS 0x0000000087f00000, 0x0000000087f00000| Complete 
| 128|0x0000000088000000, 0x0000000088100000, 0x0000000088100000|100%| E|CS|TAMS 0x0000000088000000, 0x0000000088000000| Complete 
| 129|0x0000000088100000, 0x0000000088200000, 0x0000000088200000|100%| E|CS|TAMS 0x0000000088100000, 0x0000000088100000| Complete 
| 130|0x0000000088200000, 0x0000000088300000, 0x0000000088300000|100%| E|CS|TAMS 0x0000000088200000, 0x0000000088200000| Complete 
| 131|0x0000000088300000, 0x0000000088400000, 0x0000000088400000|100%| E|CS|TAMS 0x0000000088300000, 0x0000000088300000| Complete 
| 132|0x0000000088400000, 0x0000000088500000, 0x0000000088500000|100%| E|CS|TAMS 0x0000000088400000, 0x0000000088400000| Complete 
| 133|0x0000000088500000, 0x0000000088600000, 0x0000000088600000|100%| E|CS|TAMS 0x0000000088500000, 0x0000000088500000| Complete 
| 134|0x0000000088600000, 0x0000000088700000, 0x0000000088700000|100%| E|CS|TAMS 0x0000000088600000, 0x0000000088600000| Complete 
| 135|0x0000000088700000, 0x0000000088800000, 0x0000000088800000|100%| E|CS|TAMS 0x0000000088700000, 0x0000000088700000| Complete 
| 136|0x0000000088800000, 0x0000000088900000, 0x0000000088900000|100%| E|CS|TAMS 0x0000000088800000, 0x0000000088800000| Complete 
| 137|0x0000000088900000, 0x0000000088a00000, 0x0000000088a00000|100%| E|CS|TAMS 0x0000000088900000, 0x0000000088900000| Complete 
| 138|0x0000000088a00000, 0x0000000088b00000, 0x0000000088b00000|100%| E|CS|TAMS 0x0000000088a00000, 0x0000000088a00000| Complete 
| 139|0x0000000088b00000, 0x0000000088c00000, 0x0000000088c00000|100%| E|CS|TAMS 0x0000000088b00000, 0x0000000088b00000| Complete 
| 140|0x0000000088c00000, 0x0000000088d00000, 0x0000000088d00000|100%| E|CS|TAMS 0x0000000088c00000, 0x0000000088c00000| Complete 
| 141|0x0000000088d00000, 0x0000000088e00000, 0x0000000088e00000|100%| E|CS|TAMS 0x0000000088d00000, 0x0000000088d00000| Complete 
| 142|0x0000000088e00000, 0x0000000088f00000, 0x0000000088f00000|100%| E|CS|TAMS 0x0000000088e00000, 0x0000000088e00000| Complete 
| 143|0x0000000088f00000, 0x0000000089000000, 0x0000000089000000|100%| E|CS|TAMS 0x0000000088f00000, 0x0000000088f00000| Complete 
| 144|0x0000000089000000, 0x0000000089100000, 0x0000000089100000|100%| E|CS|TAMS 0x0000000089000000, 0x0000000089000000| Complete 
| 145|0x0000000089100000, 0x0000000089200000, 0x0000000089200000|100%| E|CS|TAMS 0x0000000089100000, 0x0000000089100000| Complete 
| 146|0x0000000089200000, 0x0000000089300000, 0x0000000089300000|100%| E|CS|TAMS 0x0000000089200000, 0x0000000089200000| Complete 
| 147|0x0000000089300000, 0x0000000089400000, 0x0000000089400000|100%| E|CS|TAMS 0x0000000089300000, 0x0000000089300000| Complete 
| 148|0x0000000089400000, 0x0000000089500000, 0x0000000089500000|100%| E|CS|TAMS 0x0000000089400000, 0x0000000089400000| Complete 
| 149|0x0000000089500000, 0x0000000089600000, 0x0000000089600000|100%| E|CS|TAMS 0x0000000089500000, 0x0000000089500000| Complete 
| 150|0x0000000089600000, 0x0000000089700000, 0x0000000089700000|100%| E|CS|TAMS 0x0000000089600000, 0x0000000089600000| Complete 
| 151|0x0000000089700000, 0x0000000089800000, 0x0000000089800000|100%| E|CS|TAMS 0x0000000089700000, 0x0000000089700000| Complete 

Card table byte_map: [0x000001aec6080000,0x000001aec6480000] _byte_map_base: 0x000001aec5c80000

Marking Bits (Prev, Next): (CMBitMap*) 0x000001aeb0d5d9b0, (CMBitMap*) 0x000001aeb0d5d978
 Prev Bits: [0x000001aec8880000, 0x000001aeca880000)
 Next Bits: [0x000001aec6880000, 0x000001aec8880000)

Polling page: 0x000001aeb0e00000

Metaspace:

Usage:
  Non-class:     59.11 MB capacity,    58.08 MB ( 98%) used,   885.37 KB (  1%) free+waste,   172.94 KB ( <1%) overhead. 
      Class:      9.04 MB capacity,     8.37 MB ( 93%) used,   607.65 KB (  7%) free+waste,    80.56 KB ( <1%) overhead. 
       Both:     68.15 MB capacity,    66.45 MB ( 97%) used,     1.46 MB (  2%) free+waste,   253.50 KB ( <1%) overhead. 

Virtual space:
  Non-class space:       60.00 MB reserved,      59.18 MB ( 99%) committed 
      Class space:        1.00 GB reserved,       9.07 MB ( <1%) committed 
             Both:        1.06 GB reserved,      68.25 MB (  6%) committed 

Chunk freelists:
   Non-Class:  3.00 KB
       Class:  21.00 KB
        Both:  24.00 KB

MaxMetaspaceSize: 17179869184.00 GB
CompressedClassSpaceSize: 1.00 GB

CodeHeap 'non-profiled nmethods': size=120000Kb used=3890Kb max_used=3890Kb free=116109Kb
 bounds [0x000001aebdad0000, 0x000001aebdea0000, 0x000001aec5000000]
CodeHeap 'profiled nmethods': size=120000Kb used=14284Kb max_used=14284Kb free=105715Kb
 bounds [0x000001aeb65a0000, 0x000001aeb73a0000, 0x000001aebdad0000]
CodeHeap 'non-nmethods': size=5760Kb used=2256Kb max_used=2294Kb free=3503Kb
 bounds [0x000001aeb6000000, 0x000001aeb6270000, 0x000001aeb65a0000]
 total_blobs=7412 nmethods=6566 adapters=757
 compilation: enabled
              stopped_count=0, restarted_count=0
 full_count=0

Compilation events (20 events):
Event: 5.247 Thread 0x000001aecdf1f800 6583       3       java.util.Properties$LineReader::<init> (38 bytes)
Event: 5.247 Thread 0x000001aecdf1f800 nmethod 6583 0x000001aeb738cb90 code [0x000001aeb738cd60, 0x000001aeb738d118]
Event: 5.265 Thread 0x000001aecdf1f800 6585   !   3       java.util.concurrent.LinkedBlockingQueue::poll (128 bytes)
Event: 5.266 Thread 0x000001aecdf1f800 nmethod 6585 0x000001aeb738d210 code [0x000001aeb738d5c0, 0x000001aeb738ee28]
Event: 5.272 Thread 0x000001aecdf1f800 6586       3       org.gradle.api.internal.DefaultNamedDomainObjectCollection::findByName (61 bytes)
Event: 5.273 Thread 0x000001aecdf1f800 nmethod 6586 0x000001aeb738fa90 code [0x000001aeb738fcc0, 0x000001aeb7390478]
Event: 5.274 Thread 0x000001aecdf1f800 6587       3       org.gradle.api.internal.DefaultNamedDomainObjectCollection$UnfilteredIndex::getPending (14 bytes)
Event: 5.274 Thread 0x000001aecdf1f800 nmethod 6587 0x000001aeb7390690 code [0x000001aeb7390860, 0x000001aeb7390b28]
Event: 5.274 Thread 0x000001aecdf1f800 6588       3       org.gradle.api.internal.artifacts.configurations.DefaultConfiguration::addMutationValidator (12 bytes)
Event: 5.274 Thread 0x000001aecdf1f800 nmethod 6588 0x000001aeb7390c10 code [0x000001aeb7390dc0, 0x000001aeb7390f88]
Event: 5.274 Thread 0x000001aecdf1f800 6589       3       org.gradle.api.internal.DefaultDomainObjectCollection::assertMutableCollectionContents (1 bytes)
Event: 5.274 Thread 0x000001aecdf1f800 nmethod 6589 0x000001aeb7391090 code [0x000001aeb7391240, 0x000001aeb7391338]
Event: 5.281 Thread 0x000001aecdf1f800 6590       3       org.gradle.launcher.daemon.server.exec.DaemonConnectionBackedEventConsumer$ForwardEvents::moreMessagesToSend (35 bytes)
Event: 5.281 Thread 0x000001aecdf1f800 nmethod 6590 0x000001aeb7391410 code [0x000001aeb73915e0, 0x000001aeb7391888]
Event: 5.281 Thread 0x000001aecdf1f800 6591   !   3       org.gradle.launcher.daemon.server.exec.DaemonConnectionBackedEventConsumer$ForwardEvents::getNextEvent (27 bytes)
Event: 5.281 Thread 0x000001aecdf1f800 nmethod 6591 0x000001aeb7391990 code [0x000001aeb7391b60, 0x000001aeb7391da8]
Event: 5.283 Thread 0x000001aecdf1f800 6593       3       com.google.common.collect.AbstractIndexedListIterator::hasNext (17 bytes)
Event: 5.283 Thread 0x000001aecdf1f800 nmethod 6593 0x000001aeb7391f10 code [0x000001aeb73920c0, 0x000001aeb7392218]
Event: 5.289 Thread 0x000001aecdf1f800 6594       3       com.google.common.base.Preconditions::checkNotNull (14 bytes)
Event: 5.289 Thread 0x000001aecdf1f800 nmethod 6594 0x000001aeb7392290 code [0x000001aeb7392460, 0x000001aeb7392628]

GC Heap History (20 events):
Event: 1.320 GC heap before
{Heap before GC invocations=1 (full 0):
 garbage-first heap   total 129024K, used 83076K [0x0000000080000000, 0x0000000100000000)
  region size 1024K, 75 young (76800K), 3 survivors (3072K)
 Metaspace       used 17608K, capacity 18056K, committed 18176K, reserved 1064960K
  class space    used 2085K, capacity 2219K, committed 2304K, reserved 1048576K
}
Event: 1.324 GC heap after
{Heap after GC invocations=2 (full 0):
 garbage-first heap   total 129024K, used 16021K [0x0000000080000000, 0x0000000100000000)
  region size 1024K, 10 young (10240K), 10 survivors (10240K)
 Metaspace       used 17608K, capacity 18056K, committed 18176K, reserved 1064960K
  class space    used 2085K, capacity 2219K, committed 2304K, reserved 1048576K
}
Event: 1.495 GC heap before
{Heap before GC invocations=2 (full 0):
 garbage-first heap   total 129024K, used 40597K [0x0000000080000000, 0x0000000100000000)
  region size 1024K, 35 young (35840K), 10 survivors (10240K)
 Metaspace       used 20658K, capacity 21075K, committed 21248K, reserved 1067008K
  class space    used 2538K, capacity 2693K, committed 2816K, reserved 1048576K
}
Event: 1.501 GC heap after
{Heap after GC invocations=3 (full 0):
 garbage-first heap   total 129024K, used 16767K [0x0000000080000000, 0x0000000100000000)
  region size 1024K, 2 young (2048K), 2 survivors (2048K)
 Metaspace       used 20658K, capacity 21075K, committed 21248K, reserved 1067008K
  class space    used 2538K, capacity 2693K, committed 2816K, reserved 1048576K
}
Event: 1.886 GC heap before
{Heap before GC invocations=4 (full 0):
 garbage-first heap   total 129024K, used 75135K [0x0000000080000000, 0x0000000100000000)
  region size 1024K, 59 young (60416K), 2 survivors (2048K)
 Metaspace       used 26472K, capacity 27026K, committed 27264K, reserved 1073152K
  class space    used 3474K, capacity 3683K, committed 3712K, reserved 1048576K
}
Event: 1.888 GC heap after
{Heap after GC invocations=5 (full 0):
 garbage-first heap   total 129024K, used 18760K [0x0000000080000000, 0x0000000100000000)
  region size 1024K, 4 young (4096K), 4 survivors (4096K)
 Metaspace       used 26472K, capacity 27026K, committed 27264K, reserved 1073152K
  class space    used 3474K, capacity 3683K, committed 3712K, reserved 1048576K
}
Event: 2.351 GC heap before
{Heap before GC invocations=5 (full 0):
 garbage-first heap   total 129024K, used 70984K [0x0000000080000000, 0x0000000100000000)
  region size 1024K, 56 young (57344K), 4 survivors (4096K)
 Metaspace       used 35020K, capacity 35785K, committed 35840K, reserved 1081344K
  class space    used 4552K, capacity 4863K, committed 4864K, reserved 1048576K
}
Event: 2.357 GC heap after
{Heap after GC invocations=6 (full 0):
 garbage-first heap   total 129024K, used 22261K [0x0000000080000000, 0x0000000100000000)
  region size 1024K, 7 young (7168K), 7 survivors (7168K)
 Metaspace       used 35020K, capacity 35785K, committed 35840K, reserved 1081344K
  class space    used 4552K, capacity 4863K, committed 4864K, reserved 1048576K
}
Event: 2.836 GC heap before
{Heap before GC invocations=7 (full 0):
 garbage-first heap   total 129024K, used 90869K [0x0000000080000000, 0x0000000100000000)
  region size 1024K, 72 young (73728K), 7 survivors (7168K)
 Metaspace       used 40103K, capacity 41000K, committed 41164K, reserved 1085440K
  class space    used 5158K, capacity 5529K, committed 5580K, reserved 1048576K
}
Event: 2.843 GC heap after
{Heap after GC invocations=8 (full 0):
 garbage-first heap   total 129024K, used 27293K [0x0000000080000000, 0x0000000100000000)
  region size 1024K, 9 young (9216K), 9 survivors (9216K)
 Metaspace       used 40103K, capacity 41000K, committed 41164K, reserved 1085440K
  class space    used 5158K, capacity 5529K, committed 5580K, reserved 1048576K
}
Event: 3.218 GC heap before
{Heap before GC invocations=8 (full 0):
 garbage-first heap   total 129024K, used 91805K [0x0000000080000000, 0x0000000100000000)
  region size 1024K, 72 young (73728K), 9 survivors (9216K)
 Metaspace       used 44894K, capacity 45968K, committed 46156K, reserved 1089536K
  class space    used 5765K, capacity 6175K, committed 6220K, reserved 1048576K
}
Event: 3.225 GC heap after
{Heap after GC invocations=9 (full 0):
 garbage-first heap   total 155648K, used 30124K [0x0000000080000000, 0x0000000100000000)
  region size 1024K, 4 young (4096K), 4 survivors (4096K)
 Metaspace       used 44894K, capacity 45968K, committed 46156K, reserved 1089536K
  class space    used 5765K, capacity 6175K, committed 6220K, reserved 1048576K
}
Event: 3.732 GC heap before
{Heap before GC invocations=9 (full 0):
 garbage-first heap   total 155648K, used 117164K [0x0000000080000000, 0x0000000100000000)
  region size 1024K, 83 young (84992K), 4 survivors (4096K)
 Metaspace       used 48186K, capacity 49555K, committed 49740K, reserved 1091584K
  class space    used 6180K, capacity 6684K, committed 6732K, reserved 1048576K
}
Event: 3.739 GC heap after
{Heap after GC invocations=10 (full 0):
 garbage-first heap   total 155648K, used 48502K [0x0000000080000000, 0x0000000100000000)
  region size 1024K, 11 young (11264K), 11 survivors (11264K)
 Metaspace       used 48186K, capacity 49555K, committed 49740K, reserved 1091584K
  class space    used 6180K, capacity 6684K, committed 6732K, reserved 1048576K
}
Event: 4.304 GC heap before
{Heap before GC invocations=10 (full 0):
 garbage-first heap   total 155648K, used 115062K [0x0000000080000000, 0x0000000100000000)
  region size 1024K, 76 young (77824K), 11 survivors (11264K)
 Metaspace       used 56983K, capacity 58616K, committed 58956K, reserved 1099776K
  class space    used 7269K, capacity 7878K, committed 8012K, reserved 1048576K
}
Event: 4.312 GC heap after
{Heap after GC invocations=11 (full 0):
 garbage-first heap   total 155648K, used 52537K [0x0000000080000000, 0x0000000100000000)
  region size 1024K, 4 young (4096K), 4 survivors (4096K)
 Metaspace       used 56983K, capacity 58616K, committed 58956K, reserved 1099776K
  class space    used 7269K, capacity 7878K, committed 8012K, reserved 1048576K
}
Event: 4.444 GC heap before
{Heap before GC invocations=11 (full 0):
 garbage-first heap   total 155648K, used 67897K [0x0000000080000000, 0x0000000100000000)
  region size 1024K, 21 young (21504K), 4 survivors (4096K)
 Metaspace       used 58624K, capacity 60132K, committed 60288K, reserved 1101824K
  class space    used 7449K, capacity 8040K, committed 8140K, reserved 1048576K
}
Event: 4.448 GC heap after
{Heap after GC invocations=12 (full 0):
 garbage-first heap   total 155648K, used 54841K [0x0000000080000000, 0x0000000100000000)
  region size 1024K, 6 young (6144K), 6 survivors (6144K)
 Metaspace       used 58624K, capacity 60132K, committed 60288K, reserved 1101824K
  class space    used 7449K, capacity 8040K, committed 8140K, reserved 1048576K
}
Event: 4.997 GC heap before
{Heap before GC invocations=13 (full 0):
 garbage-first heap   total 155648K, used 119353K [0x0000000080000000, 0x0000000100000000)
  region size 1024K, 69 young (70656K), 6 survivors (6144K)
 Metaspace       used 66110K, capacity 67758K, committed 67840K, reserved 1107968K
  class space    used 8334K, capacity 8970K, committed 9036K, reserved 1048576K
}
Event: 5.004 GC heap after
{Heap after GC invocations=14 (full 0):
 garbage-first heap   total 155648K, used 58183K [0x0000000080000000, 0x0000000100000000)
  region size 1024K, 7 young (7168K), 7 survivors (7168K)
 Metaspace       used 66110K, capacity 67758K, committed 67840K, reserved 1107968K
  class space    used 8334K, capacity 8970K, committed 9036K, reserved 1048576K
}

Deoptimization events (20 events):
Event: 5.062 Thread 0x000001aecf4a1800 DEOPT PACKING pc=0x000001aebdd8500c sp=0x000000550c1f7300
Event: 5.062 Thread 0x000001aecf4a1800 DEOPT UNPACKING pc=0x000001aeb602662f sp=0x000000550c1f72c8 mode 2
Event: 5.068 Thread 0x000001aecf4a1800 Uncommon trap: trap_request=0xffffff4d fr.pc=0x000001aebde67f3c relative=0x000000000000089c
Event: 5.068 Thread 0x000001aecf4a1800 Uncommon trap: reason=unstable_if action=reinterpret pc=0x000001aebde67f3c method=com.sun.beans.introspect.MethodInfo$MethodOrder.compare(Ljava/lang/reflect/Method;Ljava/lang/reflect/Method;)I @ 124 c2
Event: 5.068 Thread 0x000001aecf4a1800 DEOPT PACKING pc=0x000001aebde67f3c sp=0x000000550c1f72f0
Event: 5.068 Thread 0x000001aecf4a1800 DEOPT UNPACKING pc=0x000001aeb602662f sp=0x000000550c1f7220 mode 2
Event: 5.079 Thread 0x000001aecf4a1800 Uncommon trap: trap_request=0xffffffdc fr.pc=0x000001aebde7efe0 relative=0x00000000000002a0
Event: 5.079 Thread 0x000001aecf4a1800 Uncommon trap: reason=class_check action=make_not_entrant pc=0x000001aebde7efe0 method=java.util.ArrayList.toArray([Ljava/lang/Object;)[Ljava/lang/Object; @ 21 c2
Event: 5.079 Thread 0x000001aecf4a1800 DEOPT PACKING pc=0x000001aebde7efe0 sp=0x000000550c1f8250
Event: 5.079 Thread 0x000001aecf4a1800 DEOPT UNPACKING pc=0x000001aeb602662f sp=0x000000550c1f8210 mode 2
Event: 5.088 Thread 0x000001aecf4a1800 Uncommon trap: trap_request=0xffffff4d fr.pc=0x000001aebdc67a00 relative=0x0000000000000340
Event: 5.088 Thread 0x000001aecf4a1800 Uncommon trap: reason=unstable_if action=reinterpret pc=0x000001aebdc67a00 method=java.util.StringJoiner.add(Ljava/lang/CharSequence;)Ljava/util/StringJoiner; @ 33 c2
Event: 5.089 Thread 0x000001aecf4a1800 DEOPT PACKING pc=0x000001aebdc67a00 sp=0x000000550c1f5e70
Event: 5.089 Thread 0x000001aecf4a1800 DEOPT UNPACKING pc=0x000001aeb602662f sp=0x000000550c1f5e20 mode 2
Event: 5.205 Thread 0x000001aecf4a1800 Uncommon trap: trap_request=0xffffff4d fr.pc=0x000001aebdd92e44 relative=0x0000000000000444
Event: 5.205 Thread 0x000001aecf4a1800 Uncommon trap: reason=unstable_if action=reinterpret pc=0x000001aebdd92e44 method=org.codehaus.groovy.runtime.metaclass.MetaMethodIndex.copyNonPrivateNonNewMetaMethods(Lorg/codehaus/groovy/runtime/metaclass/MetaMethodIndex$Entry;Lorg/codehaus/groovy/runti
Event: 5.205 Thread 0x000001aecf4a1800 DEOPT PACKING pc=0x000001aebdd92e44 sp=0x000000550c1f6850
Event: 5.205 Thread 0x000001aecf4a1800 DEOPT UNPACKING pc=0x000001aeb602662f sp=0x000000550c1f6808 mode 2
Event: 5.245 Thread 0x000001aecf4a1800 DEOPT PACKING pc=0x000001aeb6b23716 sp=0x000000550c1f8ff0
Event: 5.245 Thread 0x000001aecf4a1800 DEOPT UNPACKING pc=0x000001aeb6026dde sp=0x000000550c1f8508 mode 0

Classes redefined (0 events):
No events

Internal exceptions (20 events):
Event: 5.196 Thread 0x000001aecf4a1800 Exception <a 'java/lang/ClassNotFoundException'{0x0000000086ea6590}: org/gradle/api/internal/artifacts/configurations/DefaultConfigurationContainerBeanInfo> (0x0000000086ea6590) thrown at [./src/hotspot/share/classfile/systemDictionary.cpp, line 231]
Event: 5.196 Thread 0x000001aecf4a1800 Exception <a 'java/lang/ClassNotFoundException'{0x0000000086edde58}: org/gradle/api/internal/AbstractValidatingNamedDomainObjectContainerBeanInfo> (0x0000000086edde58) thrown at [./src/hotspot/share/classfile/systemDictionary.cpp, line 231]
Event: 5.197 Thread 0x000001aecf4a1800 Exception <a 'java/lang/ClassNotFoundException'{0x0000000086d15b68}: org/gradle/api/internal/AbstractValidatingNamedDomainObjectContainerCustomizer> (0x0000000086d15b68) thrown at [./src/hotspot/share/classfile/systemDictionary.cpp, line 231]
Event: 5.198 Thread 0x000001aecf4a1800 Exception <a 'java/lang/ClassNotFoundException'{0x0000000086d68fa0}: org/gradle/api/internal/artifacts/configurations/DefaultConfigurationContainerCustomizer> (0x0000000086d68fa0) thrown at [./src/hotspot/share/classfile/systemDictionary.cpp, line 231]
Event: 5.198 Thread 0x000001aecf4a1800 Exception <a 'java/lang/ClassNotFoundException'{0x0000000086dc9920}: org/gradle/api/internal/artifacts/configurations/DefaultConfigurationContainer_DecoratedCustomizer> (0x0000000086dc9920) thrown at [./src/hotspot/share/classfile/systemDictionary.cpp, line 231]
Event: 5.206 Thread 0x000001aecf4a1800 Exception <a 'java/lang/ClassNotFoundException'{0x0000000086a986e0}: org/gradle/api/internal/artifacts/configurations/DefaultConfiguration_DecoratedBeanInfo> (0x0000000086a986e0) thrown at [./src/hotspot/share/classfile/systemDictionary.cpp, line 231]
Event: 5.207 Thread 0x000001aecf4a1800 Exception <a 'java/lang/ClassNotFoundException'{0x0000000086add160}: org/gradle/api/internal/artifacts/configurations/DefaultConfigurationBeanInfo> (0x0000000086add160) thrown at [./src/hotspot/share/classfile/systemDictionary.cpp, line 231]
Event: 5.207 Thread 0x000001aecf4a1800 Exception <a 'java/lang/ClassNotFoundException'{0x000000008690f048}: org/gradle/api/internal/file/AbstractFileCollectionBeanInfo> (0x000000008690f048) thrown at [./src/hotspot/share/classfile/systemDictionary.cpp, line 231]
Event: 5.208 Thread 0x000001aecf4a1800 Exception <a 'java/lang/ClassNotFoundException'{0x0000000086940b78}: org/gradle/api/internal/file/AbstractFileCollectionCustomizer> (0x0000000086940b78) thrown at [./src/hotspot/share/classfile/systemDictionary.cpp, line 231]
Event: 5.209 Thread 0x000001aecf4a1800 Exception <a 'java/lang/ClassNotFoundException'{0x0000000086997bd8}: org/gradle/api/internal/artifacts/configurations/DefaultConfigurationCustomizer> (0x0000000086997bd8) thrown at [./src/hotspot/share/classfile/systemDictionary.cpp, line 231]
Event: 5.211 Thread 0x000001aecf4a1800 Exception <a 'java/lang/ClassNotFoundException'{0x0000000086838328}: org/gradle/api/internal/artifacts/configurations/DefaultConfiguration_DecoratedCustomizer> (0x0000000086838328) thrown at [./src/hotspot/share/classfile/systemDictionary.cpp, line 231]
Event: 5.217 Thread 0x000001aecf4a1800 Exception <a 'java/lang/ClassNotFoundException'{0x00000000867117b0}: com/android/build/gradle/internal/dsl/PackagingOptions_DecoratedBeanInfo> (0x00000000867117b0) thrown at [./src/hotspot/share/classfile/systemDictionary.cpp, line 231]
Event: 5.218 Thread 0x000001aecf4a1800 Exception <a 'java/lang/ClassNotFoundException'{0x0000000086728c38}: com/android/build/gradle/internal/dsl/PackagingOptionsBeanInfo> (0x0000000086728c38) thrown at [./src/hotspot/share/classfile/systemDictionary.cpp, line 231]
Event: 5.218 Thread 0x000001aecf4a1800 Exception <a 'java/lang/ClassNotFoundException'{0x0000000086740108}: com/android/build/gradle/internal/dsl/PackagingOptionsCustomizer> (0x0000000086740108) thrown at [./src/hotspot/share/classfile/systemDictionary.cpp, line 231]
Event: 5.219 Thread 0x000001aecf4a1800 Exception <a 'java/lang/ClassNotFoundException'{0x00000000867674a0}: com/android/build/gradle/internal/dsl/PackagingOptions_DecoratedCustomizer> (0x00000000867674a0) thrown at [./src/hotspot/share/classfile/systemDictionary.cpp, line 231]
Event: 5.229 Thread 0x000001aecf4a1800 Exception <a 'java/lang/ClassNotFoundException'{0x0000000086623490}: org/jetbrains/kotlin/gradle/plugin/KaptExtension_DecoratedBeanInfo> (0x0000000086623490) thrown at [./src/hotspot/share/classfile/systemDictionary.cpp, line 231]
Event: 5.229 Thread 0x000001aecf4a1800 Exception <a 'java/lang/ClassNotFoundException'{0x0000000086638550}: org/jetbrains/kotlin/gradle/plugin/KaptExtensionBeanInfo> (0x0000000086638550) thrown at [./src/hotspot/share/classfile/systemDictionary.cpp, line 231]
Event: 5.229 Thread 0x000001aecf4a1800 Exception <a 'java/lang/ClassNotFoundException'{0x000000008664ddb0}: org/jetbrains/kotlin/gradle/plugin/KaptExtensionCustomizer> (0x000000008664ddb0) thrown at [./src/hotspot/share/classfile/systemDictionary.cpp, line 231]
Event: 5.231 Thread 0x000001aecf4a1800 Exception <a 'java/lang/ClassNotFoundException'{0x00000000866928f0}: org/jetbrains/kotlin/gradle/plugin/KaptExtension_DecoratedCustomizer> (0x00000000866928f0) thrown at [./src/hotspot/share/classfile/systemDictionary.cpp, line 231]
Event: 5.254 Thread 0x000001aecf4a1800 Exception <a 'java/lang/NoSuchMethodError'{0x0000000086389d58}: 'java.lang.Object java.lang.invoke.DirectMethodHandle$Holder.invokeSpecial(java.lang.Object, java.lang.Object, int, java.lang.Object, java.lang.Object)'> (0x0000000086389d58) thrown at [./src/hotspot/share/interpreter/linkResolver.cpp, line 773]

Events (20 events):
Event: 5.289 loading class com/android/build/gradle/internal/scope/InternalArtifactType$APK_ZIP
Event: 5.289 loading class com/android/build/gradle/internal/scope/InternalArtifactType$APK_ZIP done
Event: 5.289 loading class com/android/build/gradle/internal/scope/InternalArtifactType$APKS_FROM_BUNDLE
Event: 5.289 loading class com/android/build/gradle/internal/scope/InternalArtifactType$APKS_FROM_BUNDLE done
Event: 5.290 loading class com/android/build/gradle/internal/scope/InternalArtifactType$PACKAGED_DEPENDENCIES
Event: 5.290 loading class com/android/build/gradle/internal/scope/InternalArtifactType$PACKAGED_DEPENDENCIES done
Event: 5.290 loading class com/android/build/gradle/internal/scope/InternalArtifactType$NAVIGATION_JSON
Event: 5.290 loading class com/android/build/gradle/internal/scope/InternalArtifactType$NAVIGATION_JSON done
Event: 5.290 loading class com/android/build/gradle/internal/scope/InternalArtifactType$FEATURE_SET_METADATA
Event: 5.290 loading class com/android/build/gradle/internal/scope/InternalArtifactType$FEATURE_SET_METADATA done
Event: 5.290 loading class com/android/build/gradle/internal/scope/InternalArtifactType$BASE_MODULE_METADATA
Event: 5.290 loading class com/android/build/gradle/internal/scope/InternalArtifactType$BASE_MODULE_METADATA done
Event: 5.290 loading class com/android/build/gradle/internal/scope/InternalArtifactType$SIGNING_CONFIG
Event: 5.290 loading class com/android/build/gradle/internal/scope/InternalArtifactType$SIGNING_CONFIG done
Event: 5.290 loading class com/android/build/gradle/internal/publishing/VariantPublishingSpecImpl
Event: 5.290 loading class com/android/build/gradle/internal/publishing/VariantPublishingSpecImpl done
Event: 5.291 loading class com/android/build/gradle/internal/publishing/PublishingSpecs$VariantSpec
Event: 5.291 loading class com/android/build/gradle/internal/publishing/PublishingSpecs$VariantSpec done
Event: 5.291 loading class com/android/build/gradle/internal/publishing/PublishingSpecs$Companion$2
Event: 5.291 loading class com/android/build/gradle/internal/publishing/PublishingSpecs$Companion$2 done


Dynamic libraries:
0x00007ff752c50000 - 0x00007ff752c5a000 	C:\Program Files\Android\Android Studio\jre\bin\java.exe
0x00007ff9d45f0000 - 0x00007ff9d47e5000 	C:\WINDOWS\SYSTEM32\ntdll.dll
0x00007ff9d2770000 - 0x00007ff9d282e000 	C:\WINDOWS\System32\KERNEL32.DLL
0x00007ff9d1d90000 - 0x00007ff9d2058000 	C:\WINDOWS\System32\KERNELBASE.dll
0x00007ff9d2110000 - 0x00007ff9d2210000 	C:\WINDOWS\System32\ucrtbase.dll
0x00007ff9af600000 - 0x00007ff9af617000 	C:\Program Files\Android\Android Studio\jre\bin\VCRUNTIME140.dll
0x00007ff9b83a0000 - 0x00007ff9b83b9000 	C:\Program Files\Android\Android Studio\jre\bin\jli.dll
0x00007ff9d40f0000 - 0x00007ff9d4290000 	C:\WINDOWS\System32\USER32.dll
0x00007ff9b6200000 - 0x00007ff9b649a000 	C:\WINDOWS\WinSxS\amd64_microsoft.windows.common-controls_6595b64144ccf1df_6.0.19041.1110_none_60b5254171f9507e\COMCTL32.dll
0x00007ff9d2620000 - 0x00007ff9d2642000 	C:\WINDOWS\System32\win32u.dll
0x00007ff9d44b0000 - 0x00007ff9d454e000 	C:\WINDOWS\System32\msvcrt.dll
0x00007ff9d4550000 - 0x00007ff9d457b000 	C:\WINDOWS\System32\GDI32.dll
0x00007ff9d2510000 - 0x00007ff9d261b000 	C:\WINDOWS\System32\gdi32full.dll
0x00007ff9d2210000 - 0x00007ff9d22ad000 	C:\WINDOWS\System32\msvcp_win.dll
0x00007ff9d4580000 - 0x00007ff9d45b0000 	C:\WINDOWS\System32\IMM32.DLL
0x00007ff9aebe0000 - 0x00007ff9aec7d000 	C:\Program Files\Android\Android Studio\jre\bin\msvcp140.dll
0x00007ff995b40000 - 0x00007ff996615000 	C:\Program Files\Android\Android Studio\jre\bin\server\jvm.dll
0x00007ff9d3f50000 - 0x00007ff9d3ffe000 	C:\WINDOWS\System32\ADVAPI32.dll
0x00007ff9d26d0000 - 0x00007ff9d276c000 	C:\WINDOWS\System32\sechost.dll
0x00007ff9d3c40000 - 0x00007ff9d3d65000 	C:\WINDOWS\System32\RPCRT4.dll
0x00007ff9d2830000 - 0x00007ff9d2838000 	C:\WINDOWS\System32\PSAPI.DLL
0x00007ff9ba0e0000 - 0x00007ff9ba0e9000 	C:\WINDOWS\SYSTEM32\WSOCK32.dll
0x00007ff9b7760000 - 0x00007ff9b7787000 	C:\WINDOWS\SYSTEM32\WINMM.dll
0x00007ff9cc880000 - 0x00007ff9cc88a000 	C:\WINDOWS\SYSTEM32\VERSION.dll
0x00007ff9d4440000 - 0x00007ff9d44ab000 	C:\WINDOWS\System32\WS2_32.dll
0x00007ff9cfc00000 - 0x00007ff9cfc12000 	C:\WINDOWS\SYSTEM32\kernel.appcore.dll
0x00007ff9c2dc0000 - 0x00007ff9c2dd1000 	C:\Program Files\Android\Android Studio\jre\bin\verify.dll
0x00007ff9c1ea0000 - 0x00007ff9c2084000 	C:\WINDOWS\SYSTEM32\DBGHELP.DLL
0x00007ff9c1e70000 - 0x00007ff9c1e9c000 	C:\WINDOWS\SYSTEM32\dbgcore.DLL
0x00007ff9d2320000 - 0x00007ff9d23a2000 	C:\WINDOWS\System32\bcryptPrimitives.dll
0x00007ff9c11b0000 - 0x00007ff9c11d9000 	C:\Program Files\Android\Android Studio\jre\bin\java.dll
0x00007ff9ccaf0000 - 0x00007ff9ccafb000 	C:\Program Files\Android\Android Studio\jre\bin\jimage.dll
0x00007ff9c1190000 - 0x00007ff9c11a8000 	C:\Program Files\Android\Android Studio\jre\bin\zip.dll
0x00007ff9d2a40000 - 0x00007ff9d3184000 	C:\WINDOWS\System32\SHELL32.dll
0x00007ff9cfe00000 - 0x00007ff9d0594000 	C:\WINDOWS\SYSTEM32\windows.storage.dll
0x00007ff9d32d0000 - 0x00007ff9d3624000 	C:\WINDOWS\System32\combase.dll
0x00007ff9d15c0000 - 0x00007ff9d15ec000 	C:\WINDOWS\SYSTEM32\Wldp.dll
0x00007ff9d3ea0000 - 0x00007ff9d3f4d000 	C:\WINDOWS\System32\SHCORE.dll
0x00007ff9d3b80000 - 0x00007ff9d3bd5000 	C:\WINDOWS\System32\shlwapi.dll
0x00007ff9d1c50000 - 0x00007ff9d1c6f000 	C:\WINDOWS\SYSTEM32\profapi.dll
0x00007ff9be220000 - 0x00007ff9be23a000 	C:\Program Files\Android\Android Studio\jre\bin\net.dll
0x00007ff9cc110000 - 0x00007ff9cc219000 	C:\WINDOWS\SYSTEM32\WINHTTP.dll
0x00007ff9d13a0000 - 0x00007ff9d140a000 	C:\WINDOWS\system32\mswsock.dll
0x00007ff9b8280000 - 0x00007ff9b8294000 	C:\Program Files\Android\Android Studio\jre\bin\nio.dll
0x00007ff9b0390000 - 0x00007ff9b03b7000 	C:\Users\ADMIN\.gradle\native\e1d6ef7f7dcc3fd88c89a11ec53ec762bb8ba0a96d01ffa2cd45eb1d1d8dd5c5\windows-amd64\native-platform.dll
0x00007ff99ebf0000 - 0x00007ff99ed34000 	C:\Users\ADMIN\.gradle\native\5664cfc778a61ccfe75a443a1ab52a65af34e5dc3c78e0209fed803814484fcb\windows-amd64\native-platform-file-events.dll
0x00007ff9cb350000 - 0x00007ff9cb35a000 	C:\Program Files\Android\Android Studio\jre\bin\management.dll
0x00007ff9c2e80000 - 0x00007ff9c2e8d000 	C:\Program Files\Android\Android Studio\jre\bin\management_ext.dll
0x00007ff9d1600000 - 0x00007ff9d1618000 	C:\WINDOWS\SYSTEM32\CRYPTSP.dll
0x00007ff9d0d40000 - 0x00007ff9d0d74000 	C:\WINDOWS\system32\rsaenh.dll
0x00007ff9d1d60000 - 0x00007ff9d1d87000 	C:\WINDOWS\System32\bcrypt.dll
0x00007ff9d1c10000 - 0x00007ff9d1c3e000 	C:\WINDOWS\SYSTEM32\USERENV.dll
0x00007ff9d1530000 - 0x00007ff9d153c000 	C:\WINDOWS\SYSTEM32\CRYPTBASE.dll
0x00007ff9d10b0000 - 0x00007ff9d10eb000 	C:\WINDOWS\SYSTEM32\IPHLPAPI.DLL
0x00007ff9d2860000 - 0x00007ff9d2868000 	C:\WINDOWS\System32\NSI.dll
0x00007ff9cb990000 - 0x00007ff9cb9a7000 	C:\WINDOWS\SYSTEM32\dhcpcsvc6.DLL
0x00007ff9cbd20000 - 0x00007ff9cbd3d000 	C:\WINDOWS\SYSTEM32\dhcpcsvc.DLL
0x00007ff9d10f0000 - 0x00007ff9d11ba000 	C:\WINDOWS\SYSTEM32\DNSAPI.dll

dbghelp: loaded successfully - version: 4.0.5 - missing functions: none
symbol engine: initialized successfully - sym options: 0x614 - pdb path: .;C:\Program Files\Android\Android Studio\jre\bin;C:\WINDOWS\SYSTEM32;C:\WINDOWS\WinSxS\amd64_microsoft.windows.common-controls_6595b64144ccf1df_6.0.19041.1110_none_60b5254171f9507e;C:\Program Files\Android\Android Studio\jre\bin\server;C:\Users\ADMIN\.gradle\native\e1d6ef7f7dcc3fd88c89a11ec53ec762bb8ba0a96d01ffa2cd45eb1d1d8dd5c5\windows-amd64;C:\Users\ADMIN\.gradle\native\5664cfc778a61ccfe75a443a1ab52a65af34e5dc3c78e0209fed803814484fcb\windows-amd64

VM Arguments:
jvm_args: --add-opens=java.base/java.util=ALL-UNNAMED --add-opens=java.base/java.lang=ALL-UNNAMED --add-opens=java.base/java.lang.invoke=ALL-UNNAMED --add-opens=java.base/java.util=ALL-UNNAMED --add-opens=java.prefs/java.util.prefs=ALL-UNNAMED --add-opens=java.prefs/java.util.prefs=ALL-UNNAMED --add-opens=java.base/java.nio.charset=ALL-UNNAMED --add-opens=java.base/java.net=ALL-UNNAMED --add-opens=java.base/java.util.concurrent.atomic=ALL-UNNAMED -Xmx2048m -Dfile.encoding=UTF-8 -Duser.country=IN -Duser.language=en -Duser.variant 
java_command: org.gradle.launcher.daemon.bootstrap.GradleDaemon 7.2
java_class_path (initial): C:\Users\ADMIN\.gradle\wrapper\dists\gradle-7.2-bin\2dnblmf4td7x66yl1d74lt32g\gradle-7.2\lib\gradle-launcher-7.2.jar
Launcher Type: SUN_STANDARD

[Global flags]
     intx CICompilerCount                          = 4                                         {product} {ergonomic}
     uint ConcGCThreads                            = 3                                         {product} {ergonomic}
     uint G1ConcRefinementThreads                  = 10                                        {product} {ergonomic}
   size_t G1HeapRegionSize                         = 1048576                                   {product} {ergonomic}
    uintx GCDrainStackTargetSize                   = 64                                        {product} {ergonomic}
   size_t InitialHeapSize                          = 132120576                                 {product} {ergonomic}
   size_t MarkStackSize                            = 4194304                                   {product} {ergonomic}
   size_t MaxHeapSize                              = 2147483648                                {product} {command line}
   size_t MaxNewSize                               = 1287651328                                {product} {ergonomic}
   size_t MinHeapDeltaBytes                        = 1048576                                   {product} {ergonomic}
    uintx NonNMethodCodeHeapSize                   = 5836300                                {pd product} {ergonomic}
    uintx NonProfiledCodeHeapSize                  = 122910970                              {pd product} {ergonomic}
    uintx ProfiledCodeHeapSize                     = 122910970                              {pd product} {ergonomic}
    uintx ReservedCodeCacheSize                    = 251658240                              {pd product} {ergonomic}
     bool SegmentedCodeCache                       = true                                      {product} {ergonomic}
     bool UseCompressedClassPointers               = true                                 {lp64_product} {ergonomic}
     bool UseCompressedOops                        = true                                 {lp64_product} {ergonomic}
     bool UseG1GC                                  = true                                      {product} {ergonomic}
     bool UseLargePagesIndividualAllocation        = false                                  {pd product} {ergonomic}

Logging:
Log output configuration:
 #0: stdout all=warning uptime,level,tags
 #1: stderr all=off uptime,level,tags

Environment Variables:
JAVA_HOME=C:\Program Files\Java\jdk-17.0.2
PATH=C:\WINDOWS\system32;C:\WINDOWS;C:\WINDOWS\System32\Wbem;C:\WINDOWS\System32\WindowsPowerShell\v1.0\;C:\WINDOWS\System32\OpenSSH\;C:\Program Files\Git\cmd;C:\Users\ADMIN\AppData\Local\Microsoft\WindowsApps;D:\Flutter\flutter_windows_2.8.1-stable\flutter\bin;C:\Program Files\JetBrains\IntelliJ IDEA 2021.3.1\bin;;C:\Program Files (x86)\Java\jre1.8.0_321\bin;
USERNAME=ADMIN
OS=Windows_NT
PROCESSOR_IDENTIFIER=Intel64 Family 6 Model 165 Stepping 3, GenuineIntel



---------------  S Y S T E M  ---------------

OS: Windows 10 , 64 bit Build 19041 (10.0.19041.1566)
OS uptime: 6 days 5:19 hours
Hyper-V role detected

CPU:total 12 (initial active 12) (6 cores per cpu, 2 threads per core) family 6 model 165 stepping 3 microcode 0xe0, cmov, cx8, fxsr, mmx, sse, sse2, sse3, ssse3, sse4.1, sse4.2, popcnt, avx, avx2, aes, clmul, erms, 3dnowpref, lzcnt, ht, tsc, tscinvbit, bmi1, bmi2, adx, fma

Memory: 4k page, system-wide physical 8036M (511M free)
TotalPageFile size 22956M (AvailPageFile size 4M)
current process WorkingSet (physical memory assigned to process): 390M, peak: 391M
current process commit charge ("private bytes"): 435M, peak: 436M

vm_info: OpenJDK 64-Bit Server VM (11.0.11+9-b60-7590822) for windows-amd64 JRE (11.0.11+9-b60-7590822), built on Jul 29 2021 21:43:44 by "builder" with MS VC++ 14.0 (VS2015)

END.
