#
# There is insufficient memory for the Java Runtime Environment to continue.
# Native memory allocation (malloc) failed to allocate 1902096 bytes for Chunk::new
# Possible reasons:
#   The system is out of physical RAM or swap space
#   The process is running with CompressedOops enabled, and the Java Heap may be blocking the growth of the native heap
# Possible solutions:
#   Reduce memory load on the system
#   Increase physical memory or swap space
#   Check if swap backing store is full
#   Decrease Java heap size (-Xmx/-Xms)
#   Decrease number of Java threads
#   Decrease Java thread stack sizes (-Xss)
#   Set larger code cache with -XX:ReservedCodeCacheSize=
#   JVM is running with Unscaled Compressed Oops mode in which the Java heap is
#     placed in the first 4GB address space. The Java Heap base address is the
#     maximum limit for the native heap growth. Please use -XX:HeapBaseMinAddress
#     to set the Java Heap base and to place the Java Heap above 4GB virtual address.
# This output file may be truncated or incomplete.
#
#  Out of Memory Error (./src/hotspot/share/memory/arena.cpp:197), pid=10796, tid=14692
#
# JRE version: OpenJDK Runtime Environment (11.0.11+9) (build 11.0.11+9-b60-7590822)
# Java VM: OpenJDK 64-Bit Server VM (11.0.11+9-b60-7590822, mixed mode, tiered, compressed oops, g1 gc, windows-amd64)
# No core dump will be written. Minidumps are not enabled by default on client versions of Windows
#

---------------  S U M M A R Y ------------

Command Line: --add-opens=java.base/java.util=ALL-UNNAMED --add-opens=java.base/java.lang=ALL-UNNAMED --add-opens=java.base/java.lang.invoke=ALL-UNNAMED --add-opens=java.base/java.util=ALL-UNNAMED --add-opens=java.prefs/java.util.prefs=ALL-UNNAMED --add-opens=java.prefs/java.util.prefs=ALL-UNNAMED --add-opens=java.base/java.nio.charset=ALL-UNNAMED --add-opens=java.base/java.net=ALL-UNNAMED --add-opens=java.base/java.util.concurrent.atomic=ALL-UNNAMED -Xmx2048m -Dfile.encoding=UTF-8 -Duser.country=IN -Duser.language=en -Duser.variant org.gradle.launcher.daemon.bootstrap.GradleDaemon 7.2

Host: Intel(R) Core(TM) i5-10400 CPU @ 2.90GHz, 12 cores, 7G,  Windows 10 , 64 bit Build 19041 (10.0.19041.1566)
Time: Fri Apr 15 20:25:55 2022 India Standard Time elapsed time: 7.038288 seconds (0d 0h 0m 7s)

---------------  T H R E A D  ---------------

Current thread (0x0000012e2fbbc800):  JavaThread "C2 CompilerThread0" daemon [_thread_in_native, id=14692, stack(0x0000000b14900000,0x0000000b14a00000)]


Current CompileTask:
C2:   7038 7399       4       sun.reflect.generics.parser.SignatureParser::parsePackageNameAndSimpleClassTypeSignature (119 bytes)

Stack: [0x0000000b14900000,0x0000000b14a00000]
Native frames: (J=compiled Java code, j=interpreted, Vv=VM code, C=native code)
V  [jvm.dll+0x5f214a]
V  [jvm.dll+0x726fb5]
V  [jvm.dll+0x7285cd]
V  [jvm.dll+0x728c83]
V  [jvm.dll+0x243278]
V  [jvm.dll+0xbc53c]
V  [jvm.dll+0xbca3c]
V  [jvm.dll+0x353e3b]
V  [jvm.dll+0x321893]
V  [jvm.dll+0x320d8a]
V  [jvm.dll+0x1fc1e2]
V  [jvm.dll+0x1fb3d4]
V  [jvm.dll+0x183d6c]
V  [jvm.dll+0x209a57]
V  [jvm.dll+0x2082a1]
V  [jvm.dll+0x6ef58f]
V  [jvm.dll+0x6e80b5]
V  [jvm.dll+0x5f1036]
C  [ucrtbase.dll+0x21bb2]
C  [KERNEL32.DLL+0x17034]
C  [ntdll.dll+0x52651]


---------------  P R O C E S S  ---------------

Threads class SMR info:
_java_thread_list=0x0000012e37e46cd0, length=167, elements={
0x0000012e1424b800, 0x0000012e2f237800, 0x0000012e2f245000, 0x0000012e2fbb5800,
0x0000012e2fbb7000, 0x0000012e2fbb9000, 0x0000012e2fbbc800, 0x0000012e2fbbd800,
0x0000012e2fbc0800, 0x0000012e2fd0d000, 0x0000012e2febc000, 0x0000012e3159c000,
0x0000012e31a84800, 0x0000012e31b73800, 0x0000012e32192800, 0x0000012e32ec5800,
0x0000012e31461800, 0x0000012e322df000, 0x0000012e32050800, 0x0000012e321ed800,
0x0000012e32dc9000, 0x0000012e32dc3000, 0x0000012e32dc8000, 0x0000012e32dc4000,
0x0000012e32dc9800, 0x0000012e32dc4800, 0x0000012e32dc5800, 0x0000012e32dc6800,
0x0000012e32dc7000, 0x0000012e34a9d000, 0x0000012e34a9f000, 0x0000012e34aa1000,
0x0000012e34aa2000, 0x0000012e34aa3000, 0x0000012e34a9f800, 0x0000012e34aa3800,
0x0000012e34a9e000, 0x0000012e34aa5800, 0x0000012e34aaa000, 0x0000012e34aa7000,
0x0000012e34aa8800, 0x0000012e34aa6000, 0x0000012e34aa8000, 0x0000012e34aa9800,
0x0000012e34aa4800, 0x0000012e34aab000, 0x0000012e36ea5800, 0x0000012e36ea3800,
0x0000012e36ea4800, 0x0000012e36ea6000, 0x0000012e36ea2000, 0x0000012e36ea0800,
0x0000012e36ea7000, 0x0000012e36ea3000, 0x0000012e36ea1000, 0x0000012e353d5000,
0x0000012e353d5800, 0x0000012e353d6800, 0x0000012e353d3800, 0x0000012e353d7800,
0x0000012e353d2800, 0x0000012e353d8000, 0x0000012e353d9000, 0x0000012e353d4000,
0x0000012e369a1000, 0x0000012e369a4800, 0x0000012e369a2000, 0x0000012e369a5000,
0x0000012e369a2800, 0x0000012e369a6000, 0x0000012e369a0800, 0x0000012e369a7000,
0x0000012e369a7800, 0x0000012e369a8800, 0x0000012e369a9000, 0x0000012e369a3800,
0x0000012e369aa000, 0x0000012e369ae000, 0x0000012e369af000, 0x0000012e369ad800,
0x0000012e369ab000, 0x0000012e369ab800, 0x0000012e369ac800, 0x0000012e349a2000,
0x0000012e349a3000, 0x0000012e349a3800, 0x0000012e349a1000, 0x0000012e349a6000,
0x0000012e349a0800, 0x0000012e349a9800, 0x0000012e349a8800, 0x0000012e349aa000,
0x0000012e349a5000, 0x0000012e349a4800, 0x0000012e349ac800, 0x0000012e349ab800,
0x0000012e349a7000, 0x0000012e349ad800, 0x0000012e349ab000, 0x0000012e349a7800,
0x0000012e349ae000, 0x0000012e349af000, 0x0000012e369b0800, 0x0000012e369b2000,
0x0000012e369b7000, 0x0000012e369b2800, 0x0000012e369b1000, 0x0000012e369b7800,
0x0000012e369b8800, 0x0000012e369b9000, 0x0000012e369b3800, 0x0000012e369b6000,
0x0000012e369ba000, 0x0000012e369b4800, 0x0000012e369bb000, 0x0000012e369b5000,
0x0000012e369bb800, 0x0000012e369bf000, 0x0000012e369bc800, 0x0000012e369bd800,
0x0000012e369be000, 0x0000012e3543e800, 0x0000012e3543f800, 0x0000012e35440800,
0x0000012e3543c000, 0x0000012e35441000, 0x0000012e35442000, 0x0000012e35442800,
0x0000012e3543d000, 0x0000012e35443800, 0x0000012e3543e000, 0x0000012e35447000,
0x0000012e35444800, 0x0000012e35447800, 0x0000012e35448800, 0x0000012e35449800,
0x0000012e3544a000, 0x0000012e3544b000, 0x0000012e35446000, 0x0000012e35445000,
0x0000012e3544c000, 0x0000012e3544e000, 0x0000012e35451000, 0x0000012e3544d000,
0x0000012e35453800, 0x0000012e35454800, 0x0000012e35452000, 0x0000012e35452800,
0x0000012e3544e800, 0x0000012e35450800, 0x0000012e3544f800, 0x0000012e35457000,
0x0000012e3545a000, 0x0000012e35459800, 0x0000012e3545b000, 0x0000012e35455000,
0x0000012e35456000, 0x0000012e35457800, 0x0000012e35458800, 0x0000012e34d6c000,
0x0000012e34d6e800, 0x0000012e34d6d000, 0x0000012e34d6b800, 0x0000012e34d6e000,
0x0000012e34d69800, 0x0000012e34d6a800, 0x0000012e34d74800
}

Java Threads: ( => current thread )
  0x0000012e1424b800 JavaThread "main" [_thread_blocked, id=7384, stack(0x0000000b13d00000,0x0000000b13e00000)]
  0x0000012e2f237800 JavaThread "Reference Handler" daemon [_thread_blocked, id=1372, stack(0x0000000b14400000,0x0000000b14500000)]
  0x0000012e2f245000 JavaThread "Finalizer" daemon [_thread_blocked, id=7248, stack(0x0000000b14500000,0x0000000b14600000)]
  0x0000012e2fbb5800 JavaThread "Signal Dispatcher" daemon [_thread_blocked, id=12280, stack(0x0000000b14600000,0x0000000b14700000)]
  0x0000012e2fbb7000 JavaThread "Attach Listener" daemon [_thread_blocked, id=17744, stack(0x0000000b14700000,0x0000000b14800000)]
  0x0000012e2fbb9000 JavaThread "Service Thread" daemon [_thread_blocked, id=18428, stack(0x0000000b14800000,0x0000000b14900000)]
=>0x0000012e2fbbc800 JavaThread "C2 CompilerThread0" daemon [_thread_in_native, id=14692, stack(0x0000000b14900000,0x0000000b14a00000)]
  0x0000012e2fbbd800 JavaThread "C1 CompilerThread0" daemon [_thread_blocked, id=10952, stack(0x0000000b14a00000,0x0000000b14b00000)]
  0x0000012e2fbc0800 JavaThread "Sweeper thread" daemon [_thread_blocked, id=5724, stack(0x0000000b14b00000,0x0000000b14c00000)]
  0x0000012e2fd0d000 JavaThread "Common-Cleaner" daemon [_thread_blocked, id=4660, stack(0x0000000b14c00000,0x0000000b14d00000)]
  0x0000012e2febc000 JavaThread "C2 CompilerThread1" daemon [_thread_in_native, id=15700, stack(0x0000000b14e00000,0x0000000b14f00000)]
  0x0000012e3159c000 JavaThread "Daemon health stats" [_thread_blocked, id=15060, stack(0x0000000b15100000,0x0000000b15200000)]
  0x0000012e31a84800 JavaThread "Incoming local TCP Connector on port 58054" [_thread_in_native, id=17812, stack(0x0000000b15200000,0x0000000b15300000)]
  0x0000012e31b73800 JavaThread "Daemon periodic checks" [_thread_blocked, id=13720, stack(0x0000000b15300000,0x0000000b15400000)]
  0x0000012e32192800 JavaThread "Daemon" [_thread_blocked, id=17092, stack(0x0000000b15400000,0x0000000b15500000)]
  0x0000012e32ec5800 JavaThread "Handler for socket connection from /127.0.0.1:58054 to /127.0.0.1:58055" [_thread_in_native, id=14868, stack(0x0000000b15500000,0x0000000b15600000)]
  0x0000012e31461800 JavaThread "Cancel handler" [_thread_blocked, id=18800, stack(0x0000000b15600000,0x0000000b15700000)]
  0x0000012e322df000 JavaThread "Daemon worker" [_thread_in_vm, id=13348, stack(0x0000000b15700000,0x0000000b15800000)]
  0x0000012e32050800 JavaThread "Asynchronous log dispatcher for DefaultDaemonConnection: socket connection from /127.0.0.1:58054 to /127.0.0.1:58055" [_thread_blocked, id=7324, stack(0x0000000b15800000,0x0000000b15900000)]
  0x0000012e321ed800 JavaThread "Stdin handler" [_thread_blocked, id=8236, stack(0x0000000b15900000,0x0000000b15a00000)]
  0x0000012e32dc9000 JavaThread "Daemon client event forwarder" [_thread_blocked, id=6564, stack(0x0000000b15a00000,0x0000000b15b00000)]
  0x0000012e32dc3000 JavaThread "Cache worker for journal cache (C:\Users\ADMIN\.gradle\caches\journal-1)" [_thread_blocked, id=12448, stack(0x0000000b16200000,0x0000000b16300000)]
  0x0000012e32dc8000 JavaThread "File lock request listener" [_thread_in_native, id=1468, stack(0x0000000b16300000,0x0000000b16400000)]
  0x0000012e32dc4000 JavaThread "Cache worker for file hash cache (C:\Users\ADMIN\.gradle\caches\7.2\fileHashes)" [_thread_blocked, id=16700, stack(0x0000000b16400000,0x0000000b16500000)]
  0x0000012e32dc9800 JavaThread "Cache worker for file hash cache (D:\Android Learn\GlowDriver\.gradle\7.2\fileHashes)" [_thread_blocked, id=6752, stack(0x0000000b16700000,0x0000000b16800000)]
  0x0000012e32dc4800 JavaThread "File watcher server" daemon [_thread_in_native, id=3264, stack(0x0000000b16800000,0x0000000b16900000)]
  0x0000012e32dc5800 JavaThread "File watcher consumer" daemon [_thread_blocked, id=8764, stack(0x0000000b16900000,0x0000000b16a00000)]
  0x0000012e32dc6800 JavaThread "Cache worker for checksums cache (D:\Android Learn\GlowDriver\.gradle\checksums)" [_thread_blocked, id=16276, stack(0x0000000b16a00000,0x0000000b16b00000)]
  0x0000012e32dc7000 JavaThread "Cache worker for cache directory md-supplier (C:\Users\ADMIN\.gradle\caches\7.2\md-supplier)" [_thread_blocked, id=15156, stack(0x0000000b16b00000,0x0000000b16c00000)]
  0x0000012e34a9d000 JavaThread "Cache worker for cache directory md-rule (C:\Users\ADMIN\.gradle\caches\7.2\md-rule)" [_thread_blocked, id=19232, stack(0x0000000b16c00000,0x0000000b16d00000)]
  0x0000012e34a9f000 JavaThread "Cache worker for execution history cache (C:\Users\ADMIN\.gradle\caches\7.2\executionHistory)" [_thread_blocked, id=6168, stack(0x0000000b16d00000,0x0000000b16e00000)]
  0x0000012e34aa1000 JavaThread "jar transforms" [_thread_blocked, id=17740, stack(0x0000000b16e00000,0x0000000b16f00000)]
  0x0000012e34aa2000 JavaThread "Cache worker for file content cache (C:\Users\ADMIN\.gradle\caches\7.2\fileContent)" [_thread_blocked, id=2880, stack(0x0000000b16f00000,0x0000000b17000000)]
  0x0000012e34aa3000 JavaThread "jar transforms Thread 2" [_thread_blocked, id=12228, stack(0x0000000b17000000,0x0000000b17100000)]
  0x0000012e34a9f800 JavaThread "Cache worker for dependencies-accessors (D:\Android Learn\GlowDriver\.gradle\7.2\dependencies-accessors)" [_thread_blocked, id=16568, stack(0x0000000b17100000,0x0000000b17200000)]
  0x0000012e34aa3800 JavaThread "jar transforms Thread 3" [_thread_blocked, id=13952, stack(0x0000000b17200000,0x0000000b17300000)]
  0x0000012e34a9e000 JavaThread "Cache worker for Build Output Cleanup Cache (D:\Android Learn\GlowDriver\.gradle\buildOutputCleanup)" [_thread_blocked, id=18392, stack(0x0000000b17300000,0x0000000b17400000)]
  0x0000012e34aa5800 JavaThread "Unconstrained build operations" [_thread_blocked, id=17032, stack(0x0000000b17400000,0x0000000b17500000)]
  0x0000012e34aaa000 JavaThread "Unconstrained build operations Thread 2" [_thread_blocked, id=9508, stack(0x0000000b17500000,0x0000000b17600000)]
  0x0000012e34aa7000 JavaThread "Unconstrained build operations Thread 3" [_thread_blocked, id=9264, stack(0x0000000b17600000,0x0000000b17700000)]
  0x0000012e34aa8800 JavaThread "Unconstrained build operations Thread 4" [_thread_blocked, id=5356, stack(0x0000000b17700000,0x0000000b17800000)]
  0x0000012e34aa6000 JavaThread "Unconstrained build operations Thread 5" [_thread_blocked, id=13524, stack(0x0000000b17800000,0x0000000b17900000)]
  0x0000012e34aa8000 JavaThread "Unconstrained build operations Thread 6" [_thread_blocked, id=15600, stack(0x0000000b17900000,0x0000000b17a00000)]
  0x0000012e34aa9800 JavaThread "Unconstrained build operations Thread 7" [_thread_blocked, id=5848, stack(0x0000000b17a00000,0x0000000b17b00000)]
  0x0000012e34aa4800 JavaThread "Unconstrained build operations Thread 8" [_thread_blocked, id=15660, stack(0x0000000b17b00000,0x0000000b17c00000)]
  0x0000012e34aab000 JavaThread "Unconstrained build operations Thread 9" [_thread_blocked, id=18056, stack(0x0000000b17c00000,0x0000000b17d00000)]
  0x0000012e36ea5800 JavaThread "Unconstrained build operations Thread 10" [_thread_blocked, id=5536, stack(0x0000000b17d00000,0x0000000b17e00000)]
  0x0000012e36ea3800 JavaThread "Unconstrained build operations Thread 11" [_thread_blocked, id=16544, stack(0x0000000b17e00000,0x0000000b17f00000)]
  0x0000012e36ea4800 JavaThread "Unconstrained build operations Thread 12" [_thread_blocked, id=18884, stack(0x0000000b17f00000,0x0000000b18000000)]
  0x0000012e36ea6000 JavaThread "Unconstrained build operations Thread 13" [_thread_blocked, id=14412, stack(0x0000000b18000000,0x0000000b18100000)]
  0x0000012e36ea2000 JavaThread "Unconstrained build operations Thread 14" [_thread_blocked, id=13216, stack(0x0000000b18100000,0x0000000b18200000)]
  0x0000012e36ea0800 JavaThread "Unconstrained build operations Thread 15" [_thread_blocked, id=8136, stack(0x0000000b18200000,0x0000000b18300000)]
  0x0000012e36ea7000 JavaThread "Unconstrained build operations Thread 16" [_thread_blocked, id=5244, stack(0x0000000b18300000,0x0000000b18400000)]
  0x0000012e36ea3000 JavaThread "Unconstrained build operations Thread 17" [_thread_blocked, id=16444, stack(0x0000000b18400000,0x0000000b18500000)]
  0x0000012e36ea1000 JavaThread "Unconstrained build operations Thread 18" [_thread_blocked, id=6472, stack(0x0000000b18500000,0x0000000b18600000)]
  0x0000012e353d5000 JavaThread "Unconstrained build operations Thread 19" [_thread_blocked, id=13856, stack(0x0000000b18600000,0x0000000b18700000)]
  0x0000012e353d5800 JavaThread "Unconstrained build operations Thread 20" [_thread_blocked, id=10488, stack(0x0000000b18700000,0x0000000b18800000)]
  0x0000012e353d6800 JavaThread "Unconstrained build operations Thread 21" [_thread_blocked, id=14260, stack(0x0000000b18800000,0x0000000b18900000)]
  0x0000012e353d3800 JavaThread "Unconstrained build operations Thread 22" [_thread_blocked, id=11740, stack(0x0000000b18900000,0x0000000b18a00000)]
  0x0000012e353d7800 JavaThread "Unconstrained build operations Thread 23" [_thread_blocked, id=460, stack(0x0000000b18a00000,0x0000000b18b00000)]
  0x0000012e353d2800 JavaThread "Unconstrained build operations Thread 24" [_thread_blocked, id=14356, stack(0x0000000b18b00000,0x0000000b18c00000)]
  0x0000012e353d8000 JavaThread "Unconstrained build operations Thread 25" [_thread_blocked, id=14920, stack(0x0000000b18c00000,0x0000000b18d00000)]
  0x0000012e353d9000 JavaThread "Unconstrained build operations Thread 26" [_thread_blocked, id=17200, stack(0x0000000b18d00000,0x0000000b18e00000)]
  0x0000012e353d4000 JavaThread "Unconstrained build operations Thread 27" [_thread_blocked, id=12716, stack(0x0000000b18e00000,0x0000000b18f00000)]
  0x0000012e369a1000 JavaThread "Unconstrained build operations Thread 28" [_thread_blocked, id=6980, stack(0x0000000b18f00000,0x0000000b19000000)]
  0x0000012e369a4800 JavaThread "Unconstrained build operations Thread 29" [_thread_blocked, id=2808, stack(0x0000000b19000000,0x0000000b19100000)]
  0x0000012e369a2000 JavaThread "Unconstrained build operations Thread 30" [_thread_blocked, id=7504, stack(0x0000000b19100000,0x0000000b19200000)]
  0x0000012e369a5000 JavaThread "Unconstrained build operations Thread 31" [_thread_blocked, id=10396, stack(0x0000000b19200000,0x0000000b19300000)]
  0x0000012e369a2800 JavaThread "Unconstrained build operations Thread 32" [_thread_blocked, id=5224, stack(0x0000000b19300000,0x0000000b19400000)]
  0x0000012e369a6000 JavaThread "Unconstrained build operations Thread 33" [_thread_blocked, id=11108, stack(0x0000000b19400000,0x0000000b19500000)]
  0x0000012e369a0800 JavaThread "Unconstrained build operations Thread 34" [_thread_blocked, id=17112, stack(0x0000000b19500000,0x0000000b19600000)]
  0x0000012e369a7000 JavaThread "Unconstrained build operations Thread 35" [_thread_blocked, id=13548, stack(0x0000000b19600000,0x0000000b19700000)]
  0x0000012e369a7800 JavaThread "Unconstrained build operations Thread 36" [_thread_blocked, id=17808, stack(0x0000000b19700000,0x0000000b19800000)]
  0x0000012e369a8800 JavaThread "Unconstrained build operations Thread 37" [_thread_blocked, id=17056, stack(0x0000000b19800000,0x0000000b19900000)]
  0x0000012e369a9000 JavaThread "Unconstrained build operations Thread 38" [_thread_blocked, id=6456, stack(0x0000000b19900000,0x0000000b19a00000)]
  0x0000012e369a3800 JavaThread "Unconstrained build operations Thread 39" [_thread_blocked, id=16960, stack(0x0000000b19a00000,0x0000000b19b00000)]
  0x0000012e369aa000 JavaThread "Unconstrained build operations Thread 40" [_thread_blocked, id=15536, stack(0x0000000b19b00000,0x0000000b19c00000)]
  0x0000012e369ae000 JavaThread "Unconstrained build operations Thread 41" [_thread_blocked, id=1260, stack(0x0000000b19c00000,0x0000000b19d00000)]
  0x0000012e369af000 JavaThread "Unconstrained build operations Thread 42" [_thread_blocked, id=7228, stack(0x0000000b19d00000,0x0000000b19e00000)]
  0x0000012e369ad800 JavaThread "Unconstrained build operations Thread 43" [_thread_blocked, id=5148, stack(0x0000000b19e00000,0x0000000b19f00000)]
  0x0000012e369ab000 JavaThread "Unconstrained build operations Thread 44" [_thread_blocked, id=13060, stack(0x0000000b19f00000,0x0000000b1a000000)]
  0x0000012e369ab800 JavaThread "Unconstrained build operations Thread 45" [_thread_blocked, id=10296, stack(0x0000000b1a000000,0x0000000b1a100000)]
  0x0000012e369ac800 JavaThread "Unconstrained build operations Thread 46" [_thread_blocked, id=5468, stack(0x0000000b1a100000,0x0000000b1a200000)]
  0x0000012e349a2000 JavaThread "Unconstrained build operations Thread 47" [_thread_blocked, id=18532, stack(0x0000000b1a200000,0x0000000b1a300000)]
  0x0000012e349a3000 JavaThread "Unconstrained build operations Thread 48" [_thread_blocked, id=11904, stack(0x0000000b1a300000,0x0000000b1a400000)]
  0x0000012e349a3800 JavaThread "Unconstrained build operations Thread 49" [_thread_blocked, id=16056, stack(0x0000000b1a400000,0x0000000b1a500000)]
  0x0000012e349a1000 JavaThread "Unconstrained build operations Thread 50" [_thread_blocked, id=4792, stack(0x0000000b1a500000,0x0000000b1a600000)]
  0x0000012e349a6000 JavaThread "Unconstrained build operations Thread 51" [_thread_blocked, id=18608, stack(0x0000000b1a600000,0x0000000b1a700000)]
  0x0000012e349a0800 JavaThread "Unconstrained build operations Thread 52" [_thread_blocked, id=11940, stack(0x0000000b1a700000,0x0000000b1a800000)]
  0x0000012e349a9800 JavaThread "Unconstrained build operations Thread 53" [_thread_blocked, id=3624, stack(0x0000000b1a800000,0x0000000b1a900000)]
  0x0000012e349a8800 JavaThread "Unconstrained build operations Thread 54" [_thread_blocked, id=7696, stack(0x0000000b1a900000,0x0000000b1aa00000)]
  0x0000012e349aa000 JavaThread "Unconstrained build operations Thread 55" [_thread_blocked, id=11336, stack(0x0000000b1aa00000,0x0000000b1ab00000)]
  0x0000012e349a5000 JavaThread "Unconstrained build operations Thread 56" [_thread_blocked, id=7104, stack(0x0000000b1ab00000,0x0000000b1ac00000)]
  0x0000012e349a4800 JavaThread "Unconstrained build operations Thread 57" [_thread_blocked, id=14484, stack(0x0000000b1ac00000,0x0000000b1ad00000)]
  0x0000012e349ac800 JavaThread "Unconstrained build operations Thread 58" [_thread_blocked, id=13848, stack(0x0000000b1ad00000,0x0000000b1ae00000)]
  0x0000012e349ab800 JavaThread "Unconstrained build operations Thread 59" [_thread_blocked, id=8100, stack(0x0000000b1ae00000,0x0000000b1af00000)]
  0x0000012e349a7000 JavaThread "Unconstrained build operations Thread 60" [_thread_blocked, id=16500, stack(0x0000000b1af00000,0x0000000b1b000000)]
  0x0000012e349ad800 JavaThread "Unconstrained build operations Thread 61" [_thread_blocked, id=6676, stack(0x0000000b1b000000,0x0000000b1b100000)]
  0x0000012e349ab000 JavaThread "Unconstrained build operations Thread 62" [_thread_blocked, id=13192, stack(0x0000000b1b100000,0x0000000b1b200000)]
  0x0000012e349a7800 JavaThread "Unconstrained build operations Thread 63" [_thread_blocked, id=15456, stack(0x0000000b1b200000,0x0000000b1b300000)]
  0x0000012e349ae000 JavaThread "Unconstrained build operations Thread 64" [_thread_blocked, id=468, stack(0x0000000b1b300000,0x0000000b1b400000)]
  0x0000012e349af000 JavaThread "Unconstrained build operations Thread 65" [_thread_blocked, id=4476, stack(0x0000000b1b400000,0x0000000b1b500000)]
  0x0000012e369b0800 JavaThread "Unconstrained build operations Thread 66" [_thread_blocked, id=1956, stack(0x0000000b1b500000,0x0000000b1b600000)]
  0x0000012e369b2000 JavaThread "Unconstrained build operations Thread 67" [_thread_blocked, id=6788, stack(0x0000000b1b600000,0x0000000b1b700000)]
  0x0000012e369b7000 JavaThread "Unconstrained build operations Thread 68" [_thread_blocked, id=16676, stack(0x0000000b1b700000,0x0000000b1b800000)]
  0x0000012e369b2800 JavaThread "Unconstrained build operations Thread 69" [_thread_blocked, id=19412, stack(0x0000000b1b800000,0x0000000b1b900000)]
  0x0000012e369b1000 JavaThread "Unconstrained build operations Thread 70" [_thread_blocked, id=8176, stack(0x0000000b1b900000,0x0000000b1ba00000)]
  0x0000012e369b7800 JavaThread "Unconstrained build operations Thread 71" [_thread_blocked, id=2888, stack(0x0000000b1ba00000,0x0000000b1bb00000)]
  0x0000012e369b8800 JavaThread "Unconstrained build operations Thread 72" [_thread_blocked, id=10228, stack(0x0000000b1bb00000,0x0000000b1bc00000)]
  0x0000012e369b9000 JavaThread "Unconstrained build operations Thread 73" [_thread_blocked, id=17336, stack(0x0000000b1bc00000,0x0000000b1bd00000)]
  0x0000012e369b3800 JavaThread "Unconstrained build operations Thread 74" [_thread_blocked, id=3456, stack(0x0000000b1bd00000,0x0000000b1be00000)]
  0x0000012e369b6000 JavaThread "Unconstrained build operations Thread 75" [_thread_blocked, id=3464, stack(0x0000000b1be00000,0x0000000b1bf00000)]
  0x0000012e369ba000 JavaThread "Unconstrained build operations Thread 76" [_thread_blocked, id=7208, stack(0x0000000b1bf00000,0x0000000b1c000000)]
  0x0000012e369b4800 JavaThread "Unconstrained build operations Thread 77" [_thread_blocked, id=15824, stack(0x0000000b1c000000,0x0000000b1c100000)]
  0x0000012e369bb000 JavaThread "Unconstrained build operations Thread 78" [_thread_blocked, id=14456, stack(0x0000000b1c100000,0x0000000b1c200000)]
  0x0000012e369b5000 JavaThread "Unconstrained build operations Thread 79" [_thread_blocked, id=3780, stack(0x0000000b1c200000,0x0000000b1c300000)]
  0x0000012e369bb800 JavaThread "Unconstrained build operations Thread 80" [_thread_blocked, id=11552, stack(0x0000000b1c300000,0x0000000b1c400000)]
  0x0000012e369bf000 JavaThread "Unconstrained build operations Thread 81" [_thread_blocked, id=14280, stack(0x0000000b1c400000,0x0000000b1c500000)]
  0x0000012e369bc800 JavaThread "Unconstrained build operations Thread 82" [_thread_blocked, id=18632, stack(0x0000000b1c500000,0x0000000b1c600000)]
  0x0000012e369bd800 JavaThread "Unconstrained build operations Thread 83" [_thread_blocked, id=10524, stack(0x0000000b1c600000,0x0000000b1c700000)]
  0x0000012e369be000 JavaThread "Unconstrained build operations Thread 84" [_thread_blocked, id=13812, stack(0x0000000b1c700000,0x0000000b1c800000)]
  0x0000012e3543e800 JavaThread "Unconstrained build operations Thread 85" [_thread_blocked, id=6124, stack(0x0000000b1c800000,0x0000000b1c900000)]
  0x0000012e3543f800 JavaThread "Unconstrained build operations Thread 86" [_thread_blocked, id=12864, stack(0x0000000b1c900000,0x0000000b1ca00000)]
  0x0000012e35440800 JavaThread "Unconstrained build operations Thread 87" [_thread_blocked, id=16212, stack(0x0000000b1ca00000,0x0000000b1cb00000)]
  0x0000012e3543c000 JavaThread "Unconstrained build operations Thread 88" [_thread_blocked, id=13680, stack(0x0000000b1cb00000,0x0000000b1cc00000)]
  0x0000012e35441000 JavaThread "Unconstrained build operations Thread 89" [_thread_blocked, id=13528, stack(0x0000000b1cc00000,0x0000000b1cd00000)]
  0x0000012e35442000 JavaThread "Unconstrained build operations Thread 90" [_thread_blocked, id=17268, stack(0x0000000b1cd00000,0x0000000b1ce00000)]
  0x0000012e35442800 JavaThread "Unconstrained build operations Thread 91" [_thread_blocked, id=7312, stack(0x0000000b1ce00000,0x0000000b1cf00000)]
  0x0000012e3543d000 JavaThread "Unconstrained build operations Thread 92" [_thread_blocked, id=18572, stack(0x0000000b1cf00000,0x0000000b1d000000)]
  0x0000012e35443800 JavaThread "Unconstrained build operations Thread 93" [_thread_blocked, id=1896, stack(0x0000000b1d000000,0x0000000b1d100000)]
  0x0000012e3543e000 JavaThread "Unconstrained build operations Thread 94" [_thread_blocked, id=15476, stack(0x0000000b1d100000,0x0000000b1d200000)]
  0x0000012e35447000 JavaThread "Unconstrained build operations Thread 95" [_thread_blocked, id=12116, stack(0x0000000b1d200000,0x0000000b1d300000)]
  0x0000012e35444800 JavaThread "Unconstrained build operations Thread 96" [_thread_blocked, id=16116, stack(0x0000000b1d300000,0x0000000b1d400000)]
  0x0000012e35447800 JavaThread "Unconstrained build operations Thread 97" [_thread_blocked, id=16312, stack(0x0000000b1d400000,0x0000000b1d500000)]
  0x0000012e35448800 JavaThread "Unconstrained build operations Thread 98" [_thread_blocked, id=5780, stack(0x0000000b1d500000,0x0000000b1d600000)]
  0x0000012e35449800 JavaThread "Unconstrained build operations Thread 99" [_thread_blocked, id=12016, stack(0x0000000b1d600000,0x0000000b1d700000)]
  0x0000012e3544a000 JavaThread "Unconstrained build operations Thread 100" [_thread_blocked, id=9920, stack(0x0000000b1d700000,0x0000000b1d800000)]
  0x0000012e3544b000 JavaThread "Unconstrained build operations Thread 101" [_thread_blocked, id=13452, stack(0x0000000b1d800000,0x0000000b1d900000)]
  0x0000012e35446000 JavaThread "Unconstrained build operations Thread 102" [_thread_blocked, id=14916, stack(0x0000000b1d900000,0x0000000b1da00000)]
  0x0000012e35445000 JavaThread "Unconstrained build operations Thread 103" [_thread_blocked, id=8724, stack(0x0000000b1da00000,0x0000000b1db00000)]
  0x0000012e3544c000 JavaThread "Unconstrained build operations Thread 104" [_thread_blocked, id=5760, stack(0x0000000b1db00000,0x0000000b1dc00000)]
  0x0000012e3544e000 JavaThread "Unconstrained build operations Thread 105" [_thread_blocked, id=14548, stack(0x0000000b1dc00000,0x0000000b1dd00000)]
  0x0000012e35451000 JavaThread "Unconstrained build operations Thread 106" [_thread_blocked, id=8596, stack(0x0000000b1dd00000,0x0000000b1de00000)]
  0x0000012e3544d000 JavaThread "Unconstrained build operations Thread 107" [_thread_blocked, id=11508, stack(0x0000000b1de00000,0x0000000b1df00000)]
  0x0000012e35453800 JavaThread "Unconstrained build operations Thread 108" [_thread_blocked, id=1932, stack(0x0000000b1df00000,0x0000000b1e000000)]
  0x0000012e35454800 JavaThread "Unconstrained build operations Thread 109" [_thread_blocked, id=1968, stack(0x0000000b1e000000,0x0000000b1e100000)]
  0x0000012e35452000 JavaThread "Unconstrained build operations Thread 110" [_thread_blocked, id=13508, stack(0x0000000b1e100000,0x0000000b1e200000)]
  0x0000012e35452800 JavaThread "Unconstrained build operations Thread 111" [_thread_blocked, id=5516, stack(0x0000000b1e200000,0x0000000b1e300000)]
  0x0000012e3544e800 JavaThread "Unconstrained build operations Thread 112" [_thread_blocked, id=11536, stack(0x0000000b1e300000,0x0000000b1e400000)]
  0x0000012e35450800 JavaThread "Unconstrained build operations Thread 113" [_thread_blocked, id=14728, stack(0x0000000b1e400000,0x0000000b1e500000)]
  0x0000012e3544f800 JavaThread "Unconstrained build operations Thread 114" [_thread_blocked, id=11376, stack(0x0000000b1e500000,0x0000000b1e600000)]
  0x0000012e35457000 JavaThread "Unconstrained build operations Thread 115" [_thread_blocked, id=11608, stack(0x0000000b1e600000,0x0000000b1e700000)]
  0x0000012e3545a000 JavaThread "Unconstrained build operations Thread 116" [_thread_blocked, id=11644, stack(0x0000000b1e700000,0x0000000b1e800000)]
  0x0000012e35459800 JavaThread "Unconstrained build operations Thread 117" [_thread_blocked, id=17148, stack(0x0000000b1e800000,0x0000000b1e900000)]
  0x0000012e3545b000 JavaThread "Unconstrained build operations Thread 118" [_thread_blocked, id=7084, stack(0x0000000b1e900000,0x0000000b1ea00000)]
  0x0000012e35455000 JavaThread "Unconstrained build operations Thread 119" [_thread_blocked, id=18732, stack(0x0000000b1ea00000,0x0000000b1eb00000)]
  0x0000012e35456000 JavaThread "jar transforms Thread 4" [_thread_blocked, id=3160, stack(0x0000000b1eb00000,0x0000000b1ec00000)]
  0x0000012e35457800 JavaThread "jar transforms Thread 5" [_thread_blocked, id=17608, stack(0x0000000b1ec00000,0x0000000b1ed00000)]
  0x0000012e35458800 JavaThread "jar transforms Thread 6" [_thread_blocked, id=17776, stack(0x0000000b1ed00000,0x0000000b1ee00000)]
  0x0000012e34d6c000 JavaThread "jar transforms Thread 7" [_thread_blocked, id=5452, stack(0x0000000b1ee00000,0x0000000b1ef00000)]
  0x0000012e34d6e800 JavaThread "jar transforms Thread 8" [_thread_blocked, id=15320, stack(0x0000000b1ef00000,0x0000000b1f000000)]
  0x0000012e34d6d000 JavaThread "jar transforms Thread 9" [_thread_blocked, id=14872, stack(0x0000000b1f000000,0x0000000b1f100000)]
  0x0000012e34d6b800 JavaThread "jar transforms Thread 10" [_thread_blocked, id=19340, stack(0x0000000b1f100000,0x0000000b1f200000)]
  0x0000012e34d6e000 JavaThread "jar transforms Thread 11" [_thread_blocked, id=4496, stack(0x0000000b1f200000,0x0000000b1f300000)]
  0x0000012e34d69800 JavaThread "jar transforms Thread 12" [_thread_blocked, id=12856, stack(0x0000000b1f300000,0x0000000b1f400000)]
  0x0000012e34d6a800 JavaThread "pool-1-thread-1" [_thread_blocked, id=13980, stack(0x0000000b1f400000,0x0000000b1f500000)]
  0x0000012e34d74800 JavaThread "Memory manager" [_thread_blocked, id=9344, stack(0x0000000b1f500000,0x0000000b1f600000)]

Other Threads:
  0x0000012e2f235000 VMThread "VM Thread" [stack: 0x0000000b14300000,0x0000000b14400000] [id=13872]
  0x0000012e2fd4a000 WatcherThread [stack: 0x0000000b14d00000,0x0000000b14e00000] [id=6460]
  0x0000012e14263800 GCTaskThread "GC Thread#0" [stack: 0x0000000b13e00000,0x0000000b13f00000] [id=12452]
  0x0000012e2fff6000 GCTaskThread "GC Thread#1" [stack: 0x0000000b14f00000,0x0000000b15000000] [id=18920]
  0x0000012e3089e000 GCTaskThread "GC Thread#2" [stack: 0x0000000b15000000,0x0000000b15100000] [id=18380]
  0x0000012e32129800 GCTaskThread "GC Thread#3" [stack: 0x0000000b15b00000,0x0000000b15c00000] [id=18824]
  0x0000012e3309d000 GCTaskThread "GC Thread#4" [stack: 0x0000000b15c00000,0x0000000b15d00000] [id=8224]
  0x0000012e314c0800 GCTaskThread "GC Thread#5" [stack: 0x0000000b15d00000,0x0000000b15e00000] [id=3664]
  0x0000012e31a1e800 GCTaskThread "GC Thread#6" [stack: 0x0000000b15e00000,0x0000000b15f00000] [id=9612]
  0x0000012e31fae000 GCTaskThread "GC Thread#7" [stack: 0x0000000b15f00000,0x0000000b16000000] [id=13288]
  0x0000012e3083d000 GCTaskThread "GC Thread#8" [stack: 0x0000000b16000000,0x0000000b16100000] [id=1396]
  0x0000012e3144e000 GCTaskThread "GC Thread#9" [stack: 0x0000000b16100000,0x0000000b16200000] [id=18872]
  0x0000012e14297800 ConcurrentGCThread "G1 Main Marker" [stack: 0x0000000b13f00000,0x0000000b14000000] [id=8804]
  0x0000012e14298800 ConcurrentGCThread "G1 Conc#0" [stack: 0x0000000b14000000,0x0000000b14100000] [id=6680]
  0x0000012e32070800 ConcurrentGCThread "G1 Conc#1" [stack: 0x0000000b16500000,0x0000000b16600000] [id=18212]
  0x0000012e3283c000 ConcurrentGCThread "G1 Conc#2" [stack: 0x0000000b16600000,0x0000000b16700000] [id=828]
  0x0000012e2f080800 ConcurrentGCThread "G1 Refine#0" [stack: 0x0000000b14100000,0x0000000b14200000] [id=15544]
  0x0000012e2f081800 ConcurrentGCThread "G1 Young RemSet Sampling" [stack: 0x0000000b14200000,0x0000000b14300000] [id=10276]

Threads with active compile tasks:
C2 CompilerThread0   7061 7399       4       sun.reflect.generics.parser.SignatureParser::parsePackageNameAndSimpleClassTypeSignature (119 bytes)
C2 CompilerThread1   7061 7072 %     4       org.gradle.internal.instantiation.generator.AbstractClassGenerator::inspectType @ 250 (560 bytes)

VM state:not at safepoint (normal execution)

VM Mutex/Monitor currently owned by a thread: None

Heap address: 0x0000000080000000, size: 2048 MB, Compressed Oops mode: 32-bit
Narrow klass base: 0x0000000000000000, Narrow klass shift: 3
Compressed class space size: 1073741824 Address: 0x0000000100000000

Heap:
 garbage-first heap   total 187392K, used 114187K [0x0000000080000000, 0x0000000100000000)
  region size 1024K, 46 young (47104K), 6 survivors (6144K)
 Metaspace       used 77867K, capacity 79716K, committed 80000K, reserved 1118208K
  class space    used 10127K, capacity 10850K, committed 10956K, reserved 1048576K
Heap Regions: E=young(eden), S=young(survivor), O=old, HS=humongous(starts), HC=humongous(continues), CS=collection set, F=free, A=archive, TAMS=top-at-mark-start (previous, next)
|   0|0x0000000080000000, 0x0000000080100000, 0x0000000080100000|100%| O|  |TAMS 0x0000000080100000, 0x0000000080000000| Untracked 
|   1|0x0000000080100000, 0x0000000080200000, 0x0000000080200000|100%| O|  |TAMS 0x0000000080200000, 0x0000000080100000| Untracked 
|   2|0x0000000080200000, 0x0000000080300000, 0x0000000080300000|100%| O|  |TAMS 0x0000000080300000, 0x0000000080200000| Untracked 
|   3|0x0000000080300000, 0x0000000080400000, 0x0000000080400000|100%|HS|  |TAMS 0x0000000080400000, 0x0000000080300000| Complete 
|   4|0x0000000080400000, 0x0000000080500000, 0x0000000080500000|100%|HC|  |TAMS 0x0000000080500000, 0x0000000080400000| Complete 
|   5|0x0000000080500000, 0x0000000080600000, 0x0000000080600000|100%|HC|  |TAMS 0x0000000080600000, 0x0000000080500000| Complete 
|   6|0x0000000080600000, 0x0000000080700000, 0x0000000080700000|100%| O|  |TAMS 0x0000000080700000, 0x0000000080600000| Untracked 
|   7|0x0000000080700000, 0x0000000080800000, 0x0000000080800000|100%| O|  |TAMS 0x0000000080800000, 0x0000000080700000| Untracked 
|   8|0x0000000080800000, 0x0000000080900000, 0x0000000080900000|100%| O|  |TAMS 0x0000000080900000, 0x0000000080800000| Untracked 
|   9|0x0000000080900000, 0x0000000080a00000, 0x0000000080a00000|100%| O|  |TAMS 0x0000000080a00000, 0x0000000080900000| Untracked 
|  10|0x0000000080a00000, 0x0000000080b00000, 0x0000000080b00000|100%| O|  |TAMS 0x0000000080b00000, 0x0000000080a00000| Untracked 
|  11|0x0000000080b00000, 0x0000000080c00000, 0x0000000080c00000|100%| O|  |TAMS 0x0000000080c00000, 0x0000000080b00000| Untracked 
|  12|0x0000000080c00000, 0x0000000080d00000, 0x0000000080d00000|100%| O|  |TAMS 0x0000000080d00000, 0x0000000080c00000| Untracked 
|  13|0x0000000080d00000, 0x0000000080e00000, 0x0000000080e00000|100%| O|  |TAMS 0x0000000080e00000, 0x0000000080d00000| Untracked 
|  14|0x0000000080e00000, 0x0000000080f00000, 0x0000000080f00000|100%| O|  |TAMS 0x0000000080f00000, 0x0000000080e00000| Untracked 
|  15|0x0000000080f00000, 0x0000000081000000, 0x0000000081000000|100%| O|  |TAMS 0x0000000081000000, 0x0000000080f00000| Untracked 
|  16|0x0000000081000000, 0x0000000081100000, 0x0000000081100000|100%|HS|  |TAMS 0x0000000081100000, 0x0000000081000000| Complete 
|  17|0x0000000081100000, 0x0000000081200000, 0x0000000081200000|100%| O|  |TAMS 0x0000000081200000, 0x0000000081100000| Untracked 
|  18|0x0000000081200000, 0x0000000081300000, 0x0000000081300000|100%| O|  |TAMS 0x0000000081300000, 0x0000000081200000| Untracked 
|  19|0x0000000081300000, 0x0000000081400000, 0x0000000081400000|100%| O|  |TAMS 0x0000000081400000, 0x0000000081300000| Untracked 
|  20|0x0000000081400000, 0x0000000081500000, 0x0000000081500000|100%| O|  |TAMS 0x0000000081500000, 0x0000000081400000| Untracked 
|  21|0x0000000081500000, 0x0000000081600000, 0x0000000081600000|100%| O|  |TAMS 0x0000000081600000, 0x0000000081500000| Untracked 
|  22|0x0000000081600000, 0x0000000081700000, 0x0000000081700000|100%| O|  |TAMS 0x0000000081700000, 0x0000000081600000| Untracked 
|  23|0x0000000081700000, 0x0000000081800000, 0x0000000081800000|100%|HS|  |TAMS 0x0000000081800000, 0x0000000081700000| Complete 
|  24|0x0000000081800000, 0x0000000081900000, 0x0000000081900000|100%|HS|  |TAMS 0x0000000081900000, 0x0000000081800000| Complete 
|  25|0x0000000081900000, 0x0000000081a00000, 0x0000000081a00000|100%|HC|  |TAMS 0x0000000081a00000, 0x0000000081900000| Complete 
|  26|0x0000000081a00000, 0x0000000081b00000, 0x0000000081b00000|100%|HC|  |TAMS 0x0000000081b00000, 0x0000000081a00000| Complete 
|  27|0x0000000081b00000, 0x0000000081c00000, 0x0000000081c00000|100%|HS|  |TAMS 0x0000000081c00000, 0x0000000081b00000| Complete 
|  28|0x0000000081c00000, 0x0000000081d00000, 0x0000000081d00000|100%|HC|  |TAMS 0x0000000081d00000, 0x0000000081c00000| Complete 
|  29|0x0000000081d00000, 0x0000000081e00000, 0x0000000081e00000|100%| O|  |TAMS 0x0000000081e00000, 0x0000000081d00000| Untracked 
|  30|0x0000000081e00000, 0x0000000081f00000, 0x0000000081f00000|100%| O|  |TAMS 0x0000000081f00000, 0x0000000081e00000| Untracked 
|  31|0x0000000081f00000, 0x0000000082000000, 0x0000000082000000|100%| O|  |TAMS 0x0000000082000000, 0x0000000081f00000| Untracked 
|  32|0x0000000082000000, 0x0000000082100000, 0x0000000082100000|100%| O|  |TAMS 0x0000000082100000, 0x0000000082000000| Untracked 
|  33|0x0000000082100000, 0x0000000082200000, 0x0000000082200000|100%| O|  |TAMS 0x0000000082200000, 0x0000000082100000| Untracked 
|  34|0x0000000082200000, 0x0000000082300000, 0x0000000082300000|100%| O|  |TAMS 0x0000000082300000, 0x0000000082200000| Untracked 
|  35|0x0000000082300000, 0x0000000082400000, 0x0000000082400000|100%| O|  |TAMS 0x0000000082400000, 0x0000000082300000| Untracked 
|  36|0x0000000082400000, 0x0000000082500000, 0x0000000082500000|100%| O|  |TAMS 0x0000000082500000, 0x0000000082400000| Untracked 
|  37|0x0000000082500000, 0x0000000082600000, 0x0000000082600000|100%| O|  |TAMS 0x0000000082600000, 0x0000000082500000| Untracked 
|  38|0x0000000082600000, 0x0000000082700000, 0x0000000082700000|100%| O|  |TAMS 0x0000000082700000, 0x0000000082600000| Untracked 
|  39|0x0000000082700000, 0x0000000082800000, 0x0000000082800000|100%| O|  |TAMS 0x0000000082800000, 0x0000000082700000| Untracked 
|  40|0x0000000082800000, 0x0000000082900000, 0x0000000082900000|100%| O|  |TAMS 0x0000000082900000, 0x0000000082800000| Untracked 
|  41|0x0000000082900000, 0x0000000082a00000, 0x0000000082a00000|100%| O|  |TAMS 0x0000000082a00000, 0x0000000082900000| Untracked 
|  42|0x0000000082a00000, 0x0000000082b00000, 0x0000000082b00000|100%| O|  |TAMS 0x0000000082b00000, 0x0000000082a00000| Untracked 
|  43|0x0000000082b00000, 0x0000000082c00000, 0x0000000082c00000|100%| O|  |TAMS 0x0000000082c00000, 0x0000000082b00000| Untracked 
|  44|0x0000000082c00000, 0x0000000082d00000, 0x0000000082d00000|100%| O|  |TAMS 0x0000000082d00000, 0x0000000082c00000| Untracked 
|  45|0x0000000082d00000, 0x0000000082e00000, 0x0000000082e00000|100%| O|  |TAMS 0x0000000082e00000, 0x0000000082d00000| Untracked 
|  46|0x0000000082e00000, 0x0000000082f00000, 0x0000000082f00000|100%| O|  |TAMS 0x0000000082f00000, 0x0000000082e00000| Untracked 
|  47|0x0000000082f00000, 0x0000000083000000, 0x0000000083000000|100%| O|  |TAMS 0x0000000083000000, 0x0000000082f00000| Untracked 
|  48|0x0000000083000000, 0x0000000083100000, 0x0000000083100000|100%| O|  |TAMS 0x0000000083100000, 0x0000000083000000| Untracked 
|  49|0x0000000083100000, 0x0000000083200000, 0x0000000083200000|100%| O|  |TAMS 0x0000000083200000, 0x0000000083100000| Untracked 
|  50|0x0000000083200000, 0x0000000083300000, 0x0000000083300000|100%| O|  |TAMS 0x0000000083300000, 0x0000000083200000| Untracked 
|  51|0x0000000083300000, 0x0000000083400000, 0x0000000083400000|100%| O|  |TAMS 0x0000000083400000, 0x0000000083300000| Untracked 
|  52|0x0000000083400000, 0x0000000083500000, 0x0000000083500000|100%| O|  |TAMS 0x0000000083500000, 0x0000000083400000| Untracked 
|  53|0x0000000083500000, 0x0000000083600000, 0x0000000083600000|100%| O|  |TAMS 0x0000000083600000, 0x0000000083500000| Untracked 
|  54|0x0000000083600000, 0x0000000083700000, 0x0000000083700000|100%| O|  |TAMS 0x0000000083700000, 0x0000000083600000| Untracked 
|  55|0x0000000083700000, 0x0000000083800000, 0x0000000083800000|100%| O|  |TAMS 0x0000000083800000, 0x0000000083700000| Untracked 
|  56|0x0000000083800000, 0x0000000083900000, 0x0000000083900000|100%| O|  |TAMS 0x0000000083900000, 0x0000000083800000| Untracked 
|  57|0x0000000083900000, 0x0000000083a00000, 0x0000000083a00000|100%| O|  |TAMS 0x0000000083a00000, 0x0000000083900000| Untracked 
|  58|0x0000000083a00000, 0x0000000083b00000, 0x0000000083b00000|100%| O|  |TAMS 0x0000000083b00000, 0x0000000083a00000| Untracked 
|  59|0x0000000083b00000, 0x0000000083c00000, 0x0000000083c00000|100%| O|  |TAMS 0x0000000083c00000, 0x0000000083b00000| Untracked 
|  60|0x0000000083c00000, 0x0000000083d00000, 0x0000000083d00000|100%| O|  |TAMS 0x0000000083d00000, 0x0000000083c00000| Untracked 
|  61|0x0000000083d00000, 0x0000000083dd3800, 0x0000000083e00000| 82%| O|  |TAMS 0x0000000083dd3800, 0x0000000083d00000| Untracked 
|  62|0x0000000083e00000, 0x0000000083f00000, 0x0000000083f00000|100%|HS|  |TAMS 0x0000000083e00000, 0x0000000083e00000| Complete 
|  63|0x0000000083f00000, 0x0000000084000000, 0x0000000084000000|100%|HS|  |TAMS 0x0000000083f00000, 0x0000000083f00000| Complete 
|  64|0x0000000084000000, 0x0000000084100000, 0x0000000084100000|100%|HC|  |TAMS 0x0000000084000000, 0x0000000084000000| Complete 
|  65|0x0000000084100000, 0x0000000084200000, 0x0000000084200000|100%|HC|  |TAMS 0x0000000084100000, 0x0000000084100000| Complete 
|  66|0x0000000084200000, 0x0000000084300000, 0x0000000084300000|100%|HS|  |TAMS 0x0000000084200000, 0x0000000084200000| Complete 
|  67|0x0000000084300000, 0x0000000084300000, 0x0000000084400000|  0%| F|  |TAMS 0x0000000084300000, 0x0000000084300000| Untracked 
|  68|0x0000000084400000, 0x0000000084400000, 0x0000000084500000|  0%| F|  |TAMS 0x0000000084400000, 0x0000000084400000| Untracked 
|  69|0x0000000084500000, 0x0000000084500000, 0x0000000084600000|  0%| F|  |TAMS 0x0000000084500000, 0x0000000084500000| Untracked 
|  70|0x0000000084600000, 0x0000000084600000, 0x0000000084700000|  0%| F|  |TAMS 0x0000000084600000, 0x0000000084600000| Untracked 
|  71|0x0000000084700000, 0x0000000084700000, 0x0000000084800000|  0%| F|  |TAMS 0x0000000084700000, 0x0000000084700000| Untracked 
|  72|0x0000000084800000, 0x0000000084800000, 0x0000000084900000|  0%| F|  |TAMS 0x0000000084800000, 0x0000000084800000| Untracked 
|  73|0x0000000084900000, 0x0000000084900000, 0x0000000084a00000|  0%| F|  |TAMS 0x0000000084900000, 0x0000000084900000| Untracked 
|  74|0x0000000084a00000, 0x0000000084a00000, 0x0000000084b00000|  0%| F|  |TAMS 0x0000000084a00000, 0x0000000084a00000| Untracked 
|  75|0x0000000084b00000, 0x0000000084b00000, 0x0000000084c00000|  0%| F|  |TAMS 0x0000000084b00000, 0x0000000084b00000| Untracked 
|  76|0x0000000084c00000, 0x0000000084c00000, 0x0000000084d00000|  0%| F|  |TAMS 0x0000000084c00000, 0x0000000084c00000| Untracked 
|  77|0x0000000084d00000, 0x0000000084d00000, 0x0000000084e00000|  0%| F|  |TAMS 0x0000000084d00000, 0x0000000084d00000| Untracked 
|  78|0x0000000084e00000, 0x0000000084e00000, 0x0000000084f00000|  0%| F|  |TAMS 0x0000000084e00000, 0x0000000084e00000| Untracked 
|  79|0x0000000084f00000, 0x0000000084f00000, 0x0000000085000000|  0%| F|  |TAMS 0x0000000084f00000, 0x0000000084f00000| Untracked 
|  80|0x0000000085000000, 0x0000000085000000, 0x0000000085100000|  0%| F|  |TAMS 0x0000000085000000, 0x0000000085000000| Untracked 
|  81|0x0000000085100000, 0x0000000085100000, 0x0000000085200000|  0%| F|  |TAMS 0x0000000085100000, 0x0000000085100000| Untracked 
|  82|0x0000000085200000, 0x0000000085200000, 0x0000000085300000|  0%| F|  |TAMS 0x0000000085200000, 0x0000000085200000| Untracked 
|  83|0x0000000085300000, 0x0000000085300000, 0x0000000085400000|  0%| F|  |TAMS 0x0000000085300000, 0x0000000085300000| Untracked 
|  84|0x0000000085400000, 0x0000000085400000, 0x0000000085500000|  0%| F|  |TAMS 0x0000000085400000, 0x0000000085400000| Untracked 
|  85|0x0000000085500000, 0x0000000085500000, 0x0000000085600000|  0%| F|  |TAMS 0x0000000085500000, 0x0000000085500000| Untracked 
|  86|0x0000000085600000, 0x0000000085600000, 0x0000000085700000|  0%| F|  |TAMS 0x0000000085600000, 0x0000000085600000| Untracked 
|  87|0x0000000085700000, 0x0000000085700000, 0x0000000085800000|  0%| F|  |TAMS 0x0000000085700000, 0x0000000085700000| Untracked 
|  88|0x0000000085800000, 0x0000000085800000, 0x0000000085900000|  0%| F|  |TAMS 0x0000000085800000, 0x0000000085800000| Untracked 
|  89|0x0000000085900000, 0x0000000085900000, 0x0000000085a00000|  0%| F|  |TAMS 0x0000000085900000, 0x0000000085900000| Untracked 
|  90|0x0000000085a00000, 0x0000000085a00000, 0x0000000085b00000|  0%| F|  |TAMS 0x0000000085a00000, 0x0000000085a00000| Untracked 
|  91|0x0000000085b00000, 0x0000000085b00000, 0x0000000085c00000|  0%| F|  |TAMS 0x0000000085b00000, 0x0000000085b00000| Untracked 
|  92|0x0000000085c00000, 0x0000000085c00000, 0x0000000085d00000|  0%| F|  |TAMS 0x0000000085c00000, 0x0000000085c00000| Untracked 
|  93|0x0000000085d00000, 0x0000000085d00000, 0x0000000085e00000|  0%| F|  |TAMS 0x0000000085d00000, 0x0000000085d00000| Untracked 
|  94|0x0000000085e00000, 0x0000000085e00000, 0x0000000085f00000|  0%| F|  |TAMS 0x0000000085e00000, 0x0000000085e00000| Untracked 
|  95|0x0000000085f00000, 0x0000000085f00000, 0x0000000086000000|  0%| F|  |TAMS 0x0000000085f00000, 0x0000000085f00000| Untracked 
|  96|0x0000000086000000, 0x0000000086000000, 0x0000000086100000|  0%| F|  |TAMS 0x0000000086000000, 0x0000000086000000| Untracked 
|  97|0x0000000086100000, 0x0000000086100000, 0x0000000086200000|  0%| F|  |TAMS 0x0000000086100000, 0x0000000086100000| Untracked 
|  98|0x0000000086200000, 0x0000000086200000, 0x0000000086300000|  0%| F|  |TAMS 0x0000000086200000, 0x0000000086200000| Untracked 
|  99|0x0000000086300000, 0x0000000086300000, 0x0000000086400000|  0%| F|  |TAMS 0x0000000086300000, 0x0000000086300000| Untracked 
| 100|0x0000000086400000, 0x0000000086400000, 0x0000000086500000|  0%| F|  |TAMS 0x0000000086400000, 0x0000000086400000| Untracked 
| 101|0x0000000086500000, 0x0000000086500000, 0x0000000086600000|  0%| F|  |TAMS 0x0000000086500000, 0x0000000086500000| Untracked 
| 102|0x0000000086600000, 0x0000000086600000, 0x0000000086700000|  0%| F|  |TAMS 0x0000000086600000, 0x0000000086600000| Untracked 
| 103|0x0000000086700000, 0x0000000086700000, 0x0000000086800000|  0%| F|  |TAMS 0x0000000086700000, 0x0000000086700000| Untracked 
| 104|0x0000000086800000, 0x0000000086800000, 0x0000000086900000|  0%| F|  |TAMS 0x0000000086800000, 0x0000000086800000| Untracked 
| 105|0x0000000086900000, 0x0000000086900000, 0x0000000086a00000|  0%| F|  |TAMS 0x0000000086900000, 0x0000000086900000| Untracked 
| 106|0x0000000086a00000, 0x0000000086a00000, 0x0000000086b00000|  0%| F|  |TAMS 0x0000000086a00000, 0x0000000086a00000| Untracked 
| 107|0x0000000086b00000, 0x0000000086b00000, 0x0000000086c00000|  0%| F|  |TAMS 0x0000000086b00000, 0x0000000086b00000| Untracked 
| 108|0x0000000086c00000, 0x0000000086c00000, 0x0000000086d00000|  0%| F|  |TAMS 0x0000000086c00000, 0x0000000086c00000| Untracked 
| 109|0x0000000086d00000, 0x0000000086d00000, 0x0000000086e00000|  0%| F|  |TAMS 0x0000000086d00000, 0x0000000086d00000| Untracked 
| 110|0x0000000086e00000, 0x0000000086e00000, 0x0000000086f00000|  0%| F|  |TAMS 0x0000000086e00000, 0x0000000086e00000| Untracked 
| 111|0x0000000086f00000, 0x0000000086f00000, 0x0000000087000000|  0%| F|  |TAMS 0x0000000086f00000, 0x0000000086f00000| Untracked 
| 112|0x0000000087000000, 0x0000000087000000, 0x0000000087100000|  0%| F|  |TAMS 0x0000000087000000, 0x0000000087000000| Untracked 
| 113|0x0000000087100000, 0x0000000087100000, 0x0000000087200000|  0%| F|  |TAMS 0x0000000087100000, 0x0000000087100000| Untracked 
| 114|0x0000000087200000, 0x0000000087200000, 0x0000000087300000|  0%| F|  |TAMS 0x0000000087200000, 0x0000000087200000| Untracked 
| 115|0x0000000087300000, 0x0000000087300000, 0x0000000087400000|  0%| F|  |TAMS 0x0000000087300000, 0x0000000087300000| Untracked 
| 116|0x0000000087400000, 0x0000000087400000, 0x0000000087500000|  0%| F|  |TAMS 0x0000000087400000, 0x0000000087400000| Untracked 
| 117|0x0000000087500000, 0x0000000087500000, 0x0000000087600000|  0%| F|  |TAMS 0x0000000087500000, 0x0000000087500000| Untracked 
| 118|0x0000000087600000, 0x0000000087600000, 0x0000000087700000|  0%| F|  |TAMS 0x0000000087600000, 0x0000000087600000| Untracked 
| 119|0x0000000087700000, 0x0000000087700000, 0x0000000087800000|  0%| F|  |TAMS 0x0000000087700000, 0x0000000087700000| Untracked 
| 120|0x0000000087800000, 0x0000000087800000, 0x0000000087900000|  0%| F|  |TAMS 0x0000000087800000, 0x0000000087800000| Untracked 
| 121|0x0000000087900000, 0x0000000087900000, 0x0000000087a00000|  0%| F|  |TAMS 0x0000000087900000, 0x0000000087900000| Untracked 
| 122|0x0000000087a00000, 0x0000000087a00000, 0x0000000087b00000|  0%| F|  |TAMS 0x0000000087a00000, 0x0000000087a00000| Untracked 
| 123|0x0000000087b00000, 0x0000000087b00000, 0x0000000087c00000|  0%| F|  |TAMS 0x0000000087b00000, 0x0000000087b00000| Untracked 
| 124|0x0000000087c00000, 0x0000000087c00000, 0x0000000087d00000|  0%| F|  |TAMS 0x0000000087c00000, 0x0000000087c00000| Untracked 
| 125|0x0000000087d00000, 0x0000000087d00000, 0x0000000087e00000|  0%| F|  |TAMS 0x0000000087d00000, 0x0000000087d00000| Untracked 
| 126|0x0000000087e00000, 0x0000000087e00000, 0x0000000087f00000|  0%| F|  |TAMS 0x0000000087e00000, 0x0000000087e00000| Untracked 
| 127|0x0000000087f00000, 0x0000000087f00000, 0x0000000088000000|  0%| F|  |TAMS 0x0000000087f00000, 0x0000000087f00000| Untracked 
| 128|0x0000000088000000, 0x0000000088000000, 0x0000000088100000|  0%| F|  |TAMS 0x0000000088000000, 0x0000000088000000| Untracked 
| 129|0x0000000088100000, 0x0000000088100000, 0x0000000088200000|  0%| F|  |TAMS 0x0000000088100000, 0x0000000088100000| Untracked 
| 130|0x0000000088200000, 0x0000000088200000, 0x0000000088300000|  0%| F|  |TAMS 0x0000000088200000, 0x0000000088200000| Untracked 
| 131|0x0000000088300000, 0x0000000088300000, 0x0000000088400000|  0%| F|  |TAMS 0x0000000088300000, 0x0000000088300000| Untracked 
| 132|0x0000000088400000, 0x0000000088400000, 0x0000000088500000|  0%| F|  |TAMS 0x0000000088400000, 0x0000000088400000| Untracked 
| 133|0x0000000088500000, 0x0000000088500000, 0x0000000088600000|  0%| F|  |TAMS 0x0000000088500000, 0x0000000088500000| Untracked 
| 134|0x0000000088600000, 0x0000000088600000, 0x0000000088700000|  0%| F|  |TAMS 0x0000000088600000, 0x0000000088600000| Untracked 
| 135|0x0000000088700000, 0x0000000088700000, 0x0000000088800000|  0%| F|  |TAMS 0x0000000088700000, 0x0000000088700000| Untracked 
| 136|0x0000000088800000, 0x0000000088800000, 0x0000000088900000|  0%| F|  |TAMS 0x0000000088800000, 0x0000000088800000| Untracked 
| 137|0x0000000088900000, 0x0000000088980800, 0x0000000088a00000| 50%| E|  |TAMS 0x0000000088900000, 0x0000000088900000| Complete 
| 138|0x0000000088a00000, 0x0000000088b00000, 0x0000000088b00000|100%| E|CS|TAMS 0x0000000088a00000, 0x0000000088a00000| Complete 
| 139|0x0000000088b00000, 0x0000000088baf5e0, 0x0000000088c00000| 68%| S|CS|TAMS 0x0000000088b00000, 0x0000000088b00000| Complete 
| 140|0x0000000088c00000, 0x0000000088d00000, 0x0000000088d00000|100%| S|CS|TAMS 0x0000000088c00000, 0x0000000088c00000| Complete 
| 141|0x0000000088d00000, 0x0000000088e00000, 0x0000000088e00000|100%| S|CS|TAMS 0x0000000088d00000, 0x0000000088d00000| Complete 
| 142|0x0000000088e00000, 0x0000000088f00000, 0x0000000088f00000|100%| S|CS|TAMS 0x0000000088e00000, 0x0000000088e00000| Complete 
| 143|0x0000000088f00000, 0x0000000089000000, 0x0000000089000000|100%| S|CS|TAMS 0x0000000088f00000, 0x0000000088f00000| Complete 
| 144|0x0000000089000000, 0x0000000089100000, 0x0000000089100000|100%| S|CS|TAMS 0x0000000089000000, 0x0000000089000000| Complete 
| 145|0x0000000089100000, 0x0000000089200000, 0x0000000089200000|100%| E|CS|TAMS 0x0000000089100000, 0x0000000089100000| Complete 
| 146|0x0000000089200000, 0x0000000089300000, 0x0000000089300000|100%| E|CS|TAMS 0x0000000089200000, 0x0000000089200000| Complete 
| 147|0x0000000089300000, 0x0000000089400000, 0x0000000089400000|100%| E|CS|TAMS 0x0000000089300000, 0x0000000089300000| Complete 
| 148|0x0000000089400000, 0x0000000089500000, 0x0000000089500000|100%| E|CS|TAMS 0x0000000089400000, 0x0000000089400000| Complete 
| 149|0x0000000089500000, 0x0000000089600000, 0x0000000089600000|100%| E|CS|TAMS 0x0000000089500000, 0x0000000089500000| Complete 
| 150|0x0000000089600000, 0x0000000089700000, 0x0000000089700000|100%| E|CS|TAMS 0x0000000089600000, 0x0000000089600000| Complete 
| 151|0x0000000089700000, 0x0000000089800000, 0x0000000089800000|100%| E|CS|TAMS 0x0000000089700000, 0x0000000089700000| Complete 
| 152|0x0000000089800000, 0x0000000089900000, 0x0000000089900000|100%| E|CS|TAMS 0x0000000089800000, 0x0000000089800000| Complete 
| 153|0x0000000089900000, 0x0000000089a00000, 0x0000000089a00000|100%| E|CS|TAMS 0x0000000089900000, 0x0000000089900000| Complete 
| 154|0x0000000089a00000, 0x0000000089b00000, 0x0000000089b00000|100%| E|CS|TAMS 0x0000000089a00000, 0x0000000089a00000| Complete 
| 155|0x0000000089b00000, 0x0000000089c00000, 0x0000000089c00000|100%| E|CS|TAMS 0x0000000089b00000, 0x0000000089b00000| Complete 
| 156|0x0000000089c00000, 0x0000000089d00000, 0x0000000089d00000|100%| E|CS|TAMS 0x0000000089c00000, 0x0000000089c00000| Complete 
| 157|0x0000000089d00000, 0x0000000089e00000, 0x0000000089e00000|100%| E|CS|TAMS 0x0000000089d00000, 0x0000000089d00000| Complete 
| 158|0x0000000089e00000, 0x0000000089f00000, 0x0000000089f00000|100%| E|CS|TAMS 0x0000000089e00000, 0x0000000089e00000| Complete 
| 159|0x0000000089f00000, 0x000000008a000000, 0x000000008a000000|100%| E|CS|TAMS 0x0000000089f00000, 0x0000000089f00000| Complete 
| 160|0x000000008a000000, 0x000000008a100000, 0x000000008a100000|100%| E|CS|TAMS 0x000000008a000000, 0x000000008a000000| Complete 
| 161|0x000000008a100000, 0x000000008a200000, 0x000000008a200000|100%| E|CS|TAMS 0x000000008a100000, 0x000000008a100000| Complete 
| 162|0x000000008a200000, 0x000000008a300000, 0x000000008a300000|100%| E|CS|TAMS 0x000000008a200000, 0x000000008a200000| Complete 
| 163|0x000000008a300000, 0x000000008a400000, 0x000000008a400000|100%| E|CS|TAMS 0x000000008a300000, 0x000000008a300000| Complete 
| 164|0x000000008a400000, 0x000000008a500000, 0x000000008a500000|100%| E|CS|TAMS 0x000000008a400000, 0x000000008a400000| Complete 
| 165|0x000000008a500000, 0x000000008a600000, 0x000000008a600000|100%| E|CS|TAMS 0x000000008a500000, 0x000000008a500000| Complete 
| 166|0x000000008a600000, 0x000000008a700000, 0x000000008a700000|100%| E|CS|TAMS 0x000000008a600000, 0x000000008a600000| Complete 
| 167|0x000000008a700000, 0x000000008a800000, 0x000000008a800000|100%| E|CS|TAMS 0x000000008a700000, 0x000000008a700000| Complete 
| 168|0x000000008a800000, 0x000000008a900000, 0x000000008a900000|100%| E|CS|TAMS 0x000000008a800000, 0x000000008a800000| Complete 
| 169|0x000000008a900000, 0x000000008aa00000, 0x000000008aa00000|100%| E|CS|TAMS 0x000000008a900000, 0x000000008a900000| Complete 
| 170|0x000000008aa00000, 0x000000008ab00000, 0x000000008ab00000|100%| E|CS|TAMS 0x000000008aa00000, 0x000000008aa00000| Complete 
| 171|0x000000008ab00000, 0x000000008ac00000, 0x000000008ac00000|100%| E|CS|TAMS 0x000000008ab00000, 0x000000008ab00000| Complete 
| 172|0x000000008ac00000, 0x000000008ad00000, 0x000000008ad00000|100%| E|CS|TAMS 0x000000008ac00000, 0x000000008ac00000| Complete 
| 173|0x000000008ad00000, 0x000000008ae00000, 0x000000008ae00000|100%| E|CS|TAMS 0x000000008ad00000, 0x000000008ad00000| Complete 
| 174|0x000000008ae00000, 0x000000008af00000, 0x000000008af00000|100%| E|CS|TAMS 0x000000008ae00000, 0x000000008ae00000| Complete 
| 175|0x000000008af00000, 0x000000008b000000, 0x000000008b000000|100%| E|CS|TAMS 0x000000008af00000, 0x000000008af00000| Complete 
| 176|0x000000008b000000, 0x000000008b100000, 0x000000008b100000|100%| E|CS|TAMS 0x000000008b000000, 0x000000008b000000| Complete 
| 177|0x000000008b100000, 0x000000008b200000, 0x000000008b200000|100%| E|CS|TAMS 0x000000008b100000, 0x000000008b100000| Complete 
| 178|0x000000008b200000, 0x000000008b300000, 0x000000008b300000|100%| E|CS|TAMS 0x000000008b200000, 0x000000008b200000| Complete 
| 179|0x000000008b300000, 0x000000008b400000, 0x000000008b400000|100%| E|CS|TAMS 0x000000008b300000, 0x000000008b300000| Complete 
| 180|0x000000008b400000, 0x000000008b500000, 0x000000008b500000|100%| E|CS|TAMS 0x000000008b400000, 0x000000008b400000| Complete 
| 181|0x000000008b500000, 0x000000008b600000, 0x000000008b600000|100%| E|CS|TAMS 0x000000008b500000, 0x000000008b500000| Complete 
| 182|0x000000008b600000, 0x000000008b700000, 0x000000008b700000|100%| E|CS|TAMS 0x000000008b600000, 0x000000008b600000| Complete 

Card table byte_map: [0x0000012e27dd0000,0x0000012e281d0000] _byte_map_base: 0x0000012e279d0000

Marking Bits (Prev, Next): (CMBitMap*) 0x0000012e1428e7c8, (CMBitMap*) 0x0000012e1428e800
 Prev Bits: [0x0000012e285d0000, 0x0000012e2a5d0000)
 Next Bits: [0x0000012e2a5d0000, 0x0000012e2c5d0000)

Polling page: 0x0000012e129b0000

Metaspace:

Usage:
  Non-class:     67.25 MB capacity,    66.17 MB ( 98%) used,   909.16 KB (  1%) free+waste,   200.69 KB ( <1%) overhead. 
      Class:     10.63 MB capacity,     9.89 MB ( 93%) used,   655.97 KB (  6%) free+waste,    94.31 KB ( <1%) overhead. 
       Both:     77.88 MB capacity,    76.06 MB ( 98%) used,     1.53 MB (  2%) free+waste,   295.00 KB ( <1%) overhead. 

Virtual space:
  Non-class space:       68.00 MB reserved,      67.43 MB (>99%) committed 
      Class space:        1.00 GB reserved,      10.70 MB (  1%) committed 
             Both:        1.07 GB reserved,      78.13 MB (  7%) committed 

Chunk freelists:
   Non-Class:  49.00 KB
       Class:  29.00 KB
        Both:  78.00 KB

MaxMetaspaceSize: 17179869184.00 GB
CompressedClassSpaceSize: 1.00 GB

CodeHeap 'non-profiled nmethods': size=120000Kb used=4325Kb max_used=4325Kb free=115674Kb
 bounds [0x0000012e1f820000, 0x0000012e1fc60000, 0x0000012e26d50000]
CodeHeap 'profiled nmethods': size=120000Kb used=16048Kb max_used=16048Kb free=103951Kb
 bounds [0x0000012e182f0000, 0x0000012e192a0000, 0x0000012e1f820000]
CodeHeap 'non-nmethods': size=5760Kb used=2265Kb max_used=2316Kb free=3494Kb
 bounds [0x0000012e17d50000, 0x0000012e17fc0000, 0x0000012e182f0000]
 total_blobs=8230 nmethods=7372 adapters=769
 compilation: enabled
              stopped_count=0, restarted_count=0
 full_count=0

Compilation events (20 events):
Event: 6.950 Thread 0x0000012e2fbbd800 7455       3       java.lang.String::replace (149 bytes)
Event: 6.951 Thread 0x0000012e2fbbd800 nmethod 7455 0x0000012e1928e610 code [0x0000012e1928e960, 0x0000012e1928fbe8]
Event: 6.951 Thread 0x0000012e2fbbd800 7456       3       java.lang.StackTraceElement::<init> (10 bytes)
Event: 6.951 Thread 0x0000012e2fbbd800 nmethod 7456 0x0000012e19290490 code [0x0000012e19290640, 0x0000012e19290798]
Event: 6.951 Thread 0x0000012e2fbbd800 7457  s!   3       java.lang.StackTraceElement::computeFormat (71 bytes)
Event: 6.951 Thread 0x0000012e2fbbd800 nmethod 7457 0x0000012e19290890 code [0x0000012e19290ac0, 0x0000012e192913f8]
Event: 6.951 Thread 0x0000012e2fbbd800 7458       3       java.lang.StackTraceElement::isHashedInJavaBase (31 bytes)
Event: 6.951 Thread 0x0000012e2fbbd800 nmethod 7458 0x0000012e19291690 code [0x0000012e192918a0, 0x0000012e19291d78]
Event: 6.951 Thread 0x0000012e2fbbd800 7459       3       java.lang.Module::getLayer (43 bytes)
Event: 6.952 Thread 0x0000012e2fbbd800 nmethod 7459 0x0000012e19291f10 code [0x0000012e19292100, 0x0000012e19292488]
Event: 6.968 Thread 0x0000012e2fbbc800 nmethod 7238 0x0000012e1fc4d790 code [0x0000012e1fc4e0a0, 0x0000012e1fc54848]
Event: 6.968 Thread 0x0000012e2fbbc800 7271       4       java.util.LinkedHashMap::get (33 bytes)
Event: 6.972 Thread 0x0000012e2fbbc800 nmethod 7271 0x0000012e1fc58d90 code [0x0000012e1fc58f60, 0x0000012e1fc59278]
Event: 6.972 Thread 0x0000012e2fbbc800 7399       4       sun.reflect.generics.parser.SignatureParser::parsePackageNameAndSimpleClassTypeSignature (119 bytes)
Event: 6.996 Thread 0x0000012e2fbbd800 7460       3       java.util.logging.LogManager::getProperty (9 bytes)
Event: 6.996 Thread 0x0000012e2fbbd800 nmethod 7460 0x0000012e19292590 code [0x0000012e19292740, 0x0000012e19292908]
Event: 7.025 Thread 0x0000012e2fbbd800 7461       3       java.lang.reflect.ProxyGenerator::addProxyMethod (233 bytes)
Event: 7.028 Thread 0x0000012e2fbbd800 nmethod 7461 0x0000012e19292a10 code [0x0000012e19292de0, 0x0000012e19294a08]
Event: 7.029 Thread 0x0000012e2fbbd800 7462   !   3       com.sun.proxy.$Proxy1::value (29 bytes)
Event: 7.029 Thread 0x0000012e2fbbd800 nmethod 7462 0x0000012e19295310 code [0x0000012e19295500, 0x0000012e192958d8]

GC Heap History (20 events):
Event: 2.627 GC heap before
{Heap before GC invocations=5 (full 0):
 garbage-first heap   total 129024K, used 69189K [0x0000000080000000, 0x0000000100000000)
  region size 1024K, 54 young (55296K), 4 survivors (4096K)
 Metaspace       used 35039K, capacity 35786K, committed 35840K, reserved 1081344K
  class space    used 4555K, capacity 4863K, committed 4864K, reserved 1048576K
}
Event: 2.633 GC heap after
{Heap after GC invocations=6 (full 0):
 garbage-first heap   total 129024K, used 22480K [0x0000000080000000, 0x0000000100000000)
  region size 1024K, 7 young (7168K), 7 survivors (7168K)
 Metaspace       used 35039K, capacity 35786K, committed 35840K, reserved 1081344K
  class space    used 4555K, capacity 4863K, committed 4864K, reserved 1048576K
}
Event: 3.136 GC heap before
{Heap before GC invocations=7 (full 0):
 garbage-first heap   total 129024K, used 93136K [0x0000000080000000, 0x0000000100000000)
  region size 1024K, 74 young (75776K), 7 survivors (7168K)
 Metaspace       used 40312K, capacity 41205K, committed 41420K, reserved 1085440K
  class space    used 5186K, capacity 5533K, committed 5580K, reserved 1048576K
}
Event: 3.143 GC heap after
{Heap after GC invocations=8 (full 0):
 garbage-first heap   total 129024K, used 27757K [0x0000000080000000, 0x0000000100000000)
  region size 1024K, 9 young (9216K), 9 survivors (9216K)
 Metaspace       used 40312K, capacity 41205K, committed 41420K, reserved 1085440K
  class space    used 5186K, capacity 5533K, committed 5580K, reserved 1048576K
}
Event: 3.593 GC heap before
{Heap before GC invocations=8 (full 0):
 garbage-first heap   total 129024K, used 93293K [0x0000000080000000, 0x0000000100000000)
  region size 1024K, 73 young (74752K), 9 survivors (9216K)
 Metaspace       used 45221K, capacity 46306K, committed 46540K, reserved 1089536K
  class space    used 5805K, capacity 6222K, committed 6348K, reserved 1048576K
}
Event: 3.600 GC heap after
{Heap after GC invocations=9 (full 0):
 garbage-first heap   total 155648K, used 30524K [0x0000000080000000, 0x0000000100000000)
  region size 1024K, 8 young (8192K), 8 survivors (8192K)
 Metaspace       used 45221K, capacity 46306K, committed 46540K, reserved 1089536K
  class space    used 5805K, capacity 6222K, committed 6348K, reserved 1048576K
}
Event: 4.237 GC heap before
{Heap before GC invocations=9 (full 0):
 garbage-first heap   total 155648K, used 117564K [0x0000000080000000, 0x0000000100000000)
  region size 1024K, 87 young (89088K), 8 survivors (8192K)
 Metaspace       used 48235K, capacity 49620K, committed 49740K, reserved 1091584K
  class space    used 6184K, capacity 6684K, committed 6732K, reserved 1048576K
}
Event: 4.246 GC heap after
{Heap after GC invocations=10 (full 0):
 garbage-first heap   total 155648K, used 49210K [0x0000000080000000, 0x0000000100000000)
  region size 1024K, 11 young (11264K), 11 survivors (11264K)
 Metaspace       used 48235K, capacity 49620K, committed 49740K, reserved 1091584K
  class space    used 6184K, capacity 6684K, committed 6732K, reserved 1048576K
}
Event: 4.834 GC heap before
{Heap before GC invocations=10 (full 0):
 garbage-first heap   total 155648K, used 115770K [0x0000000080000000, 0x0000000100000000)
  region size 1024K, 76 young (77824K), 11 survivors (11264K)
 Metaspace       used 57195K, capacity 58813K, committed 58956K, reserved 1099776K
  class space    used 7284K, capacity 7879K, committed 8012K, reserved 1048576K
}
Event: 4.841 GC heap after
{Heap after GC invocations=11 (full 0):
 garbage-first heap   total 155648K, used 53320K [0x0000000080000000, 0x0000000100000000)
  region size 1024K, 4 young (4096K), 4 survivors (4096K)
 Metaspace       used 57195K, capacity 58813K, committed 58956K, reserved 1099776K
  class space    used 7284K, capacity 7879K, committed 8012K, reserved 1048576K
}
Event: 4.955 GC heap before
{Heap before GC invocations=11 (full 0):
 garbage-first heap   total 155648K, used 66632K [0x0000000080000000, 0x0000000100000000)
  region size 1024K, 19 young (19456K), 4 survivors (4096K)
 Metaspace       used 58584K, capacity 60133K, committed 60288K, reserved 1101824K
  class space    used 7439K, capacity 8040K, committed 8140K, reserved 1048576K
}
Event: 4.961 GC heap after
{Heap after GC invocations=12 (full 0):
 garbage-first heap   total 155648K, used 54487K [0x0000000080000000, 0x0000000100000000)
  region size 1024K, 6 young (6144K), 6 survivors (6144K)
 Metaspace       used 58584K, capacity 60133K, committed 60288K, reserved 1101824K
  class space    used 7439K, capacity 8040K, committed 8140K, reserved 1048576K
}
Event: 5.633 GC heap before
{Heap before GC invocations=13 (full 0):
 garbage-first heap   total 155648K, used 111831K [0x0000000080000000, 0x0000000100000000)
  region size 1024K, 62 young (63488K), 6 survivors (6144K)
 Metaspace       used 65739K, capacity 67402K, committed 67584K, reserved 1107968K
  class space    used 8289K, capacity 8938K, committed 9036K, reserved 1048576K
}
Event: 5.639 GC heap after
{Heap after GC invocations=14 (full 0):
 garbage-first heap   total 155648K, used 57593K [0x0000000080000000, 0x0000000100000000)
  region size 1024K, 6 young (6144K), 6 survivors (6144K)
 Metaspace       used 65739K, capacity 67402K, committed 67584K, reserved 1107968K
  class space    used 8289K, capacity 8938K, committed 9036K, reserved 1048576K
}
Event: 5.907 GC heap before
{Heap before GC invocations=14 (full 0):
 garbage-first heap   total 155648K, used 116985K [0x0000000080000000, 0x0000000100000000)
  region size 1024K, 64 young (65536K), 6 survivors (6144K)
 Metaspace       used 67114K, capacity 68803K, committed 68992K, reserved 1110016K
  class space    used 8452K, capacity 9122K, committed 9164K, reserved 1048576K
}
Event: 5.914 GC heap after
{Heap after GC invocations=15 (full 0):
 garbage-first heap   total 155648K, used 63148K [0x0000000080000000, 0x0000000100000000)
  region size 1024K, 8 young (8192K), 8 survivors (8192K)
 Metaspace       used 67114K, capacity 68803K, committed 68992K, reserved 1110016K
  class space    used 8452K, capacity 9122K, committed 9164K, reserved 1048576K
}
Event: 6.340 GC heap before
{Heap before GC invocations=15 (full 0):
 garbage-first heap   total 155648K, used 119468K [0x0000000080000000, 0x0000000100000000)
  region size 1024K, 63 young (64512K), 8 survivors (8192K)
 Metaspace       used 72573K, capacity 74367K, committed 74496K, reserved 1114112K
  class space    used 9315K, capacity 9994K, committed 10060K, reserved 1048576K
}
Event: 6.346 GC heap after
{Heap after GC invocations=16 (full 0):
 garbage-first heap   total 187392K, used 67266K [0x0000000080000000, 0x0000000100000000)
  region size 1024K, 4 young (4096K), 4 survivors (4096K)
 Metaspace       used 72573K, capacity 74367K, committed 74496K, reserved 1114112K
  class space    used 9315K, capacity 9994K, committed 10060K, reserved 1048576K
}
Event: 6.701 GC heap before
{Heap before GC invocations=16 (full 0):
 garbage-first heap   total 187392K, used 125634K [0x0000000080000000, 0x0000000100000000)
  region size 1024K, 42 young (43008K), 4 survivors (4096K)
 Metaspace       used 75213K, capacity 77039K, committed 77184K, reserved 1116160K
  class space    used 9665K, capacity 10385K, committed 10444K, reserved 1048576K
}
Event: 6.710 GC heap after
{Heap after GC invocations=17 (full 0):
 garbage-first heap   total 187392K, used 69131K [0x0000000080000000, 0x0000000100000000)
  region size 1024K, 6 young (6144K), 6 survivors (6144K)
 Metaspace       used 75213K, capacity 77039K, committed 77184K, reserved 1116160K
  class space    used 9665K, capacity 10385K, committed 10444K, reserved 1048576K
}

Deoptimization events (20 events):
Event: 6.559 Thread 0x0000012e322df000 Uncommon trap: trap_request=0xffffff4d fr.pc=0x0000012e1fa6de9c relative=0x000000000000013c
Event: 6.559 Thread 0x0000012e322df000 Uncommon trap: reason=unstable_if action=reinterpret pc=0x0000012e1fa6de9c method=java.io.WinNTFileSystem.normalize(Ljava/lang/String;)Ljava/lang/String; @ 74 c2
Event: 6.559 Thread 0x0000012e322df000 DEOPT PACKING pc=0x0000012e1fa6de9c sp=0x0000000b157f57b0
Event: 6.559 Thread 0x0000012e322df000 DEOPT UNPACKING pc=0x0000012e17d7662f sp=0x0000000b157f5798 mode 2
Event: 6.790 Thread 0x0000012e322df000 Uncommon trap: trap_request=0xfffffff4 fr.pc=0x0000012e1fc2c7b8 relative=0x0000000000000358
Event: 6.790 Thread 0x0000012e322df000 Uncommon trap: reason=null_check action=make_not_entrant pc=0x0000012e1fc2c7b8 method=org.gradle.internal.operations.DefaultBuildOperationAncestryTracker.findClosestExistingAncestor(Lorg/gradle/internal/operations/OperationIdentifier;Ljava/util/function/F
Event: 6.790 Thread 0x0000012e322df000 DEOPT PACKING pc=0x0000012e1fc2c7b8 sp=0x0000000b157f9b70
Event: 6.790 Thread 0x0000012e322df000 DEOPT UNPACKING pc=0x0000012e17d7662f sp=0x0000000b157f9b28 mode 2
Event: 6.804 Thread 0x0000012e322df000 Uncommon trap: trap_request=0xffffff4d fr.pc=0x0000012e1fb6d620 relative=0x0000000000002780
Event: 6.804 Thread 0x0000012e322df000 Uncommon trap: reason=unstable_if action=reinterpret pc=0x0000012e1fb6d620 method=java.util.TreeMap.put(Ljava/lang/Object;Ljava/lang/Object;)Ljava/lang/Object; @ 163 c2
Event: 6.804 Thread 0x0000012e322df000 DEOPT PACKING pc=0x0000012e1fb6d620 sp=0x0000000b157fa650
Event: 6.804 Thread 0x0000012e322df000 DEOPT UNPACKING pc=0x0000012e17d7662f sp=0x0000000b157fa628 mode 2
Event: 6.902 Thread 0x0000012e322df000 Uncommon trap: trap_request=0xffffff4d fr.pc=0x0000012e1f880dbc relative=0x0000000000000a5c
Event: 6.902 Thread 0x0000012e322df000 Uncommon trap: reason=unstable_if action=reinterpret pc=0x0000012e1f880dbc method=java.util.Properties$LineReader.readLine()I @ 117 c2
Event: 6.902 Thread 0x0000012e322df000 DEOPT PACKING pc=0x0000012e1f880dbc sp=0x0000000b157f9860
Event: 6.902 Thread 0x0000012e322df000 DEOPT UNPACKING pc=0x0000012e17d7662f sp=0x0000000b157f9800 mode 2
Event: 6.942 Thread 0x0000012e322df000 Uncommon trap: trap_request=0xffffff4d fr.pc=0x0000012e1f94a138 relative=0x0000000000000838
Event: 6.942 Thread 0x0000012e322df000 Uncommon trap: reason=unstable_if action=reinterpret pc=0x0000012e1f94a138 method=java.util.jar.JarFile.getVersionedEntry(Ljava/lang/String;Ljava/util/jar/JarEntry;)Ljava/util/jar/JarEntry; @ 67 c2
Event: 6.942 Thread 0x0000012e322df000 DEOPT PACKING pc=0x0000012e1f94a138 sp=0x0000000b157f71d0
Event: 6.942 Thread 0x0000012e322df000 DEOPT UNPACKING pc=0x0000012e17d7662f sp=0x0000000b157f71b8 mode 2

Classes redefined (0 events):
No events

Internal exceptions (20 events):
Event: 6.350 Thread 0x0000012e322df000 Exception <a 'java/lang/ClassNotFoundException'{0x000000008b6ed3a8}: org/gradle/api/internal/tasks/DefaultTaskContainer$TaskCreatingProvider_DecoratedCustomizer> (0x000000008b6ed3a8) thrown at [./src/hotspot/share/classfile/systemDictionary.cpp, line 231]
Event: 6.387 Thread 0x0000012e322df000 Exception <a 'java/lang/ClassNotFoundException'{0x000000008b2991f8}: org/gradle/api/internal/file/collections/DefaultConfigurableFileTreeBeanInfo> (0x000000008b2991f8) thrown at [./src/hotspot/share/classfile/systemDictionary.cpp, line 231]
Event: 6.387 Thread 0x0000012e322df000 Exception <a 'java/lang/ClassNotFoundException'{0x000000008b2b1860}: org/gradle/api/internal/file/CompositeFileTreeBeanInfo> (0x000000008b2b1860) thrown at [./src/hotspot/share/classfile/systemDictionary.cpp, line 231]
Event: 6.387 Thread 0x0000012e322df000 Exception <a 'java/lang/ClassNotFoundException'{0x000000008b2cafc0}: org/gradle/api/internal/file/CompositeFileCollectionBeanInfo> (0x000000008b2cafc0) thrown at [./src/hotspot/share/classfile/systemDictionary.cpp, line 231]
Event: 6.388 Thread 0x0000012e322df000 Exception <a 'java/lang/ClassNotFoundException'{0x000000008b2e48b0}: org/gradle/api/internal/file/CompositeFileCollectionCustomizer> (0x000000008b2e48b0) thrown at [./src/hotspot/share/classfile/systemDictionary.cpp, line 231]
Event: 6.388 Thread 0x0000012e322df000 Exception <a 'java/lang/ClassNotFoundException'{0x000000008b105808}: org/gradle/api/internal/file/CompositeFileTreeCustomizer> (0x000000008b105808) thrown at [./src/hotspot/share/classfile/systemDictionary.cpp, line 231]
Event: 6.389 Thread 0x0000012e322df000 Exception <a 'java/lang/ClassNotFoundException'{0x000000008b12d0d8}: org/gradle/api/internal/file/collections/DefaultConfigurableFileTreeCustomizer> (0x000000008b12d0d8) thrown at [./src/hotspot/share/classfile/systemDictionary.cpp, line 231]
Event: 6.765 Thread 0x0000012e322df000 Exception <a 'java/lang/ClassNotFoundException'{0x000000008b24beb8}: com/google/android/gms/dependencies/DependencyAnalyzerBeanInfo> (0x000000008b24beb8) thrown at [./src/hotspot/share/classfile/systemDictionary.cpp, line 231]
Event: 6.765 Thread 0x0000012e322df000 Exception <a 'java/lang/ClassNotFoundException'{0x000000008b264888}: com/google/android/gms/dependencies/DependencyAnalyzerCustomizer> (0x000000008b264888) thrown at [./src/hotspot/share/classfile/systemDictionary.cpp, line 231]
Event: 6.771 Thread 0x0000012e322df000 Exception <a 'java/lang/ClassNotFoundException'{0x000000008b2dbf08}: com/google/android/gms/dependencies/DependencyInspectorBeanInfo> (0x000000008b2dbf08) thrown at [./src/hotspot/share/classfile/systemDictionary.cpp, line 231]
Event: 6.772 Thread 0x0000012e322df000 Exception <a 'java/lang/ClassNotFoundException'{0x000000008b2f4958}: com/google/android/gms/dependencies/DependencyInspectorCustomizer> (0x000000008b2f4958) thrown at [./src/hotspot/share/classfile/systemDictionary.cpp, line 231]
Event: 6.777 Thread 0x0000012e322df000 Exception <a 'java/lang/ClassNotFoundException'{0x000000008af30d10}: org/codehaus/groovy/runtime/MethodClosureBeanInfo> (0x000000008af30d10) thrown at [./src/hotspot/share/classfile/systemDictionary.cpp, line 231]
Event: 6.778 Thread 0x0000012e322df000 Exception <a 'java/lang/ClassNotFoundException'{0x000000008ad095c0}: org/codehaus/groovy/runtime/MethodClosureCustomizer> (0x000000008ad095c0) thrown at [./src/hotspot/share/classfile/systemDictionary.cpp, line 231]
Event: 6.780 Thread 0x0000012e322df000 Exception <a 'java/lang/ClassNotFoundException'{0x000000008ad72f60}: org/gradle/api/internal/artifacts/configurations/DefaultConfiguration$ConfigurationResolvableDependencies_DecoratedBeanInfo> (0x000000008ad72f60) thrown at [./src/hotspot/share/classfile/systemDictionary.cpp, line 231]
Event: 6.780 Thread 0x0000012e322df000 Exception <a 'java/lang/ClassNotFoundException'{0x000000008ada5060}: org/gradle/api/internal/artifacts/configurations/DefaultConfiguration$ConfigurationResolvableDependenciesBeanInfo> (0x000000008ada5060) thrown at [./src/hotspot/share/classfile/systemDictionary.cpp, line 231]
Event: 6.781 Thread 0x0000012e322df000 Exception <a 'java/lang/ClassNotFoundException'{0x000000008add8838}: org/gradle/api/internal/artifacts/configurations/DefaultConfiguration$ConfigurationResolvableDependenciesCustomizer> (0x000000008add8838) thrown at [./src/hotspot/share/classfile/systemDictionary.cpp, line 231]
Event: 6.781 Thread 0x0000012e322df000 Exception <a 'java/lang/ClassNotFoundException'{0x000000008ac1da80}: org/gradle/api/internal/artifacts/configurations/DefaultConfiguration$ConfigurationResolvableDependencies_DecoratedCustomizer> (0x000000008ac1da80) thrown at [./src/hotspot/share/classfile/systemDictionary.cpp, line 231]
Event: 6.790 Thread 0x0000012e322df000 Implicit null exception at 0x0000012e1fc2c6f2 to 0x0000012e1fc2c7a8
Event: 6.909 Thread 0x0000012e322df000 Exception <a 'sun/nio/fs/WindowsException'{0x000000008a089138}> (0x000000008a089138) thrown at [./src/hotspot/share/prims/jni.cpp, line 615]
Event: 6.995 Thread 0x0000012e322df000 Exception <a 'java/lang/NullPointerException'{0x000000008984f3d0}> (0x000000008984f3d0) thrown at [./src/hotspot/share/interpreter/linkResolver.cpp, line 1440]

Events (20 events):
Event: 7.034 loading class com/sun/xml/bind/v2/model/impl/ERPropertyInfoImpl
Event: 7.034 loading class com/sun/xml/bind/v2/model/impl/ERPropertyInfoImpl done
Event: 7.034 loading class com/sun/xml/bind/v2/model/impl/PropertySeed
Event: 7.034 loading class com/sun/xml/bind/v2/model/impl/PropertySeed done
Event: 7.035 loading class com/sun/xml/bind/v2/runtime/reflect/Accessor
Event: 7.035 loading class com/sun/xml/bind/v2/runtime/reflect/Accessor done
Event: 7.035 loading class com/sun/xml/bind/v2/runtime/unmarshaller/Receiver
Event: 7.035 loading class com/sun/xml/bind/v2/runtime/unmarshaller/Receiver done
Event: 7.035 loading class com/sun/xml/bind/v2/runtime/reflect/Accessor$FieldReflection
Event: 7.035 loading class com/sun/xml/bind/v2/runtime/reflect/Accessor$FieldReflection done
Event: 7.036 loading class com/sun/xml/bind/v2/model/impl/AttributePropertyInfoImpl
Event: 7.036 loading class com/sun/xml/bind/v2/model/impl/AttributePropertyInfoImpl done
Event: 7.036 loading class com/sun/xml/bind/v2/model/core/AttributePropertyInfo
Event: 7.036 loading class com/sun/xml/bind/v2/model/core/AttributePropertyInfo done
Event: 7.036 loading class com/sun/xml/bind/v2/model/core/NonElementRef
Event: 7.036 loading class com/sun/xml/bind/v2/model/core/NonElementRef done
Event: 7.036 loading class com/sun/xml/bind/v2/model/impl/SingleTypePropertyInfoImpl
Event: 7.036 loading class com/sun/xml/bind/v2/model/impl/SingleTypePropertyInfoImpl done
Event: 7.036 loading class com/sun/xml/bind/v2/model/impl/RuntimeAttributePropertyInfoImpl
Event: 7.036 loading class com/sun/xml/bind/v2/model/impl/RuntimeAttributePropertyInfoImpl done


Dynamic libraries:
0x00007ff752c50000 - 0x00007ff752c5a000 	C:\Program Files\Android\Android Studio\jre\bin\java.exe
0x00007ff9d45f0000 - 0x00007ff9d47e5000 	C:\WINDOWS\SYSTEM32\ntdll.dll
0x00007ff9d2770000 - 0x00007ff9d282e000 	C:\WINDOWS\System32\KERNEL32.DLL
0x00007ff9d1d90000 - 0x00007ff9d2058000 	C:\WINDOWS\System32\KERNELBASE.dll
0x00007ff9d2110000 - 0x00007ff9d2210000 	C:\WINDOWS\System32\ucrtbase.dll
0x00007ff9af600000 - 0x00007ff9af617000 	C:\Program Files\Android\Android Studio\jre\bin\VCRUNTIME140.dll
0x00007ff9b83a0000 - 0x00007ff9b83b9000 	C:\Program Files\Android\Android Studio\jre\bin\jli.dll
0x00007ff9d40f0000 - 0x00007ff9d4290000 	C:\WINDOWS\System32\USER32.dll
0x00007ff9d2620000 - 0x00007ff9d2642000 	C:\WINDOWS\System32\win32u.dll
0x00007ff9b6200000 - 0x00007ff9b649a000 	C:\WINDOWS\WinSxS\amd64_microsoft.windows.common-controls_6595b64144ccf1df_6.0.19041.1110_none_60b5254171f9507e\COMCTL32.dll
0x00007ff9d4550000 - 0x00007ff9d457b000 	C:\WINDOWS\System32\GDI32.dll
0x00007ff9d44b0000 - 0x00007ff9d454e000 	C:\WINDOWS\System32\msvcrt.dll
0x00007ff9d2510000 - 0x00007ff9d261b000 	C:\WINDOWS\System32\gdi32full.dll
0x00007ff9d2210000 - 0x00007ff9d22ad000 	C:\WINDOWS\System32\msvcp_win.dll
0x00007ff9d4580000 - 0x00007ff9d45b0000 	C:\WINDOWS\System32\IMM32.DLL
0x00007ff9aebe0000 - 0x00007ff9aec7d000 	C:\Program Files\Android\Android Studio\jre\bin\msvcp140.dll
0x00007ff995b40000 - 0x00007ff996615000 	C:\Program Files\Android\Android Studio\jre\bin\server\jvm.dll
0x00007ff9d3f50000 - 0x00007ff9d3ffe000 	C:\WINDOWS\System32\ADVAPI32.dll
0x00007ff9d26d0000 - 0x00007ff9d276c000 	C:\WINDOWS\System32\sechost.dll
0x00007ff9d3c40000 - 0x00007ff9d3d65000 	C:\WINDOWS\System32\RPCRT4.dll
0x00007ff9d2830000 - 0x00007ff9d2838000 	C:\WINDOWS\System32\PSAPI.DLL
0x00007ff9ba0e0000 - 0x00007ff9ba0e9000 	C:\WINDOWS\SYSTEM32\WSOCK32.dll
0x00007ff9b7760000 - 0x00007ff9b7787000 	C:\WINDOWS\SYSTEM32\WINMM.dll
0x00007ff9cc880000 - 0x00007ff9cc88a000 	C:\WINDOWS\SYSTEM32\VERSION.dll
0x00007ff9d4440000 - 0x00007ff9d44ab000 	C:\WINDOWS\System32\WS2_32.dll
0x00007ff9cfc00000 - 0x00007ff9cfc12000 	C:\WINDOWS\SYSTEM32\kernel.appcore.dll
0x00007ff9c2dc0000 - 0x00007ff9c2dd1000 	C:\Program Files\Android\Android Studio\jre\bin\verify.dll
0x00007ff9c1ea0000 - 0x00007ff9c2084000 	C:\WINDOWS\SYSTEM32\DBGHELP.DLL
0x00007ff9c1e70000 - 0x00007ff9c1e9c000 	C:\WINDOWS\SYSTEM32\dbgcore.DLL
0x00007ff9d2320000 - 0x00007ff9d23a2000 	C:\WINDOWS\System32\bcryptPrimitives.dll
0x00007ff9c11b0000 - 0x00007ff9c11d9000 	C:\Program Files\Android\Android Studio\jre\bin\java.dll
0x00007ff9ccaf0000 - 0x00007ff9ccafb000 	C:\Program Files\Android\Android Studio\jre\bin\jimage.dll
0x00007ff9c1190000 - 0x00007ff9c11a8000 	C:\Program Files\Android\Android Studio\jre\bin\zip.dll
0x00007ff9d2a40000 - 0x00007ff9d3184000 	C:\WINDOWS\System32\SHELL32.dll
0x00007ff9cfe00000 - 0x00007ff9d0594000 	C:\WINDOWS\SYSTEM32\windows.storage.dll
0x00007ff9d32d0000 - 0x00007ff9d3624000 	C:\WINDOWS\System32\combase.dll
0x00007ff9d15c0000 - 0x00007ff9d15ec000 	C:\WINDOWS\SYSTEM32\Wldp.dll
0x00007ff9d3ea0000 - 0x00007ff9d3f4d000 	C:\WINDOWS\System32\SHCORE.dll
0x00007ff9d3b80000 - 0x00007ff9d3bd5000 	C:\WINDOWS\System32\shlwapi.dll
0x00007ff9d1c50000 - 0x00007ff9d1c6f000 	C:\WINDOWS\SYSTEM32\profapi.dll
0x00007ff9be220000 - 0x00007ff9be23a000 	C:\Program Files\Android\Android Studio\jre\bin\net.dll
0x00007ff9cc110000 - 0x00007ff9cc219000 	C:\WINDOWS\SYSTEM32\WINHTTP.dll
0x00007ff9d13a0000 - 0x00007ff9d140a000 	C:\WINDOWS\system32\mswsock.dll
0x00007ff9b8280000 - 0x00007ff9b8294000 	C:\Program Files\Android\Android Studio\jre\bin\nio.dll
0x00007ff9b0390000 - 0x00007ff9b03b7000 	C:\Users\ADMIN\.gradle\native\e1d6ef7f7dcc3fd88c89a11ec53ec762bb8ba0a96d01ffa2cd45eb1d1d8dd5c5\windows-amd64\native-platform.dll
0x00007ff99ebf0000 - 0x00007ff99ed34000 	C:\Users\ADMIN\.gradle\native\5664cfc778a61ccfe75a443a1ab52a65af34e5dc3c78e0209fed803814484fcb\windows-amd64\native-platform-file-events.dll
0x00007ff9cb350000 - 0x00007ff9cb35a000 	C:\Program Files\Android\Android Studio\jre\bin\management.dll
0x00007ff9c2e80000 - 0x00007ff9c2e8d000 	C:\Program Files\Android\Android Studio\jre\bin\management_ext.dll
0x00007ff9d1600000 - 0x00007ff9d1618000 	C:\WINDOWS\SYSTEM32\CRYPTSP.dll
0x00007ff9d0d40000 - 0x00007ff9d0d74000 	C:\WINDOWS\system32\rsaenh.dll
0x00007ff9d1d60000 - 0x00007ff9d1d87000 	C:\WINDOWS\System32\bcrypt.dll
0x00007ff9d1c10000 - 0x00007ff9d1c3e000 	C:\WINDOWS\SYSTEM32\USERENV.dll
0x00007ff9d1530000 - 0x00007ff9d153c000 	C:\WINDOWS\SYSTEM32\CRYPTBASE.dll
0x00007ff9d10b0000 - 0x00007ff9d10eb000 	C:\WINDOWS\SYSTEM32\IPHLPAPI.DLL
0x00007ff9d2860000 - 0x00007ff9d2868000 	C:\WINDOWS\System32\NSI.dll
0x00007ff9cb990000 - 0x00007ff9cb9a7000 	C:\WINDOWS\SYSTEM32\dhcpcsvc6.DLL
0x00007ff9cbd20000 - 0x00007ff9cbd3d000 	C:\WINDOWS\SYSTEM32\dhcpcsvc.DLL
0x00007ff9d10f0000 - 0x00007ff9d11ba000 	C:\WINDOWS\SYSTEM32\DNSAPI.dll

dbghelp: loaded successfully - version: 4.0.5 - missing functions: none
symbol engine: initialized successfully - sym options: 0x614 - pdb path: .;C:\Program Files\Android\Android Studio\jre\bin;C:\WINDOWS\SYSTEM32;C:\WINDOWS\WinSxS\amd64_microsoft.windows.common-controls_6595b64144ccf1df_6.0.19041.1110_none_60b5254171f9507e;C:\Program Files\Android\Android Studio\jre\bin\server;C:\Users\ADMIN\.gradle\native\e1d6ef7f7dcc3fd88c89a11ec53ec762bb8ba0a96d01ffa2cd45eb1d1d8dd5c5\windows-amd64;C:\Users\ADMIN\.gradle\native\5664cfc778a61ccfe75a443a1ab52a65af34e5dc3c78e0209fed803814484fcb\windows-amd64

VM Arguments:
jvm_args: --add-opens=java.base/java.util=ALL-UNNAMED --add-opens=java.base/java.lang=ALL-UNNAMED --add-opens=java.base/java.lang.invoke=ALL-UNNAMED --add-opens=java.base/java.util=ALL-UNNAMED --add-opens=java.prefs/java.util.prefs=ALL-UNNAMED --add-opens=java.prefs/java.util.prefs=ALL-UNNAMED --add-opens=java.base/java.nio.charset=ALL-UNNAMED --add-opens=java.base/java.net=ALL-UNNAMED --add-opens=java.base/java.util.concurrent.atomic=ALL-UNNAMED -Xmx2048m -Dfile.encoding=UTF-8 -Duser.country=IN -Duser.language=en -Duser.variant 
java_command: org.gradle.launcher.daemon.bootstrap.GradleDaemon 7.2
java_class_path (initial): C:\Users\ADMIN\.gradle\wrapper\dists\gradle-7.2-bin\2dnblmf4td7x66yl1d74lt32g\gradle-7.2\lib\gradle-launcher-7.2.jar
Launcher Type: SUN_STANDARD

[Global flags]
     intx CICompilerCount                          = 4                                         {product} {ergonomic}
     uint ConcGCThreads                            = 3                                         {product} {ergonomic}
     uint G1ConcRefinementThreads                  = 10                                        {product} {ergonomic}
   size_t G1HeapRegionSize                         = 1048576                                   {product} {ergonomic}
    uintx GCDrainStackTargetSize                   = 64                                        {product} {ergonomic}
   size_t InitialHeapSize                          = 132120576                                 {product} {ergonomic}
   size_t MarkStackSize                            = 4194304                                   {product} {ergonomic}
   size_t MaxHeapSize                              = 2147483648                                {product} {command line}
   size_t MaxNewSize                               = 1287651328                                {product} {ergonomic}
   size_t MinHeapDeltaBytes                        = 1048576                                   {product} {ergonomic}
    uintx NonNMethodCodeHeapSize                   = 5836300                                {pd product} {ergonomic}
    uintx NonProfiledCodeHeapSize                  = 122910970                              {pd product} {ergonomic}
    uintx ProfiledCodeHeapSize                     = 122910970                              {pd product} {ergonomic}
    uintx ReservedCodeCacheSize                    = 251658240                              {pd product} {ergonomic}
     bool SegmentedCodeCache                       = true                                      {product} {ergonomic}
     bool UseCompressedClassPointers               = true                                 {lp64_product} {ergonomic}
     bool UseCompressedOops                        = true                                 {lp64_product} {ergonomic}
     bool UseG1GC                                  = true                                      {product} {ergonomic}
     bool UseLargePagesIndividualAllocation        = false                                  {pd product} {ergonomic}

Logging:
Log output configuration:
 #0: stdout all=warning uptime,level,tags
 #1: stderr all=off uptime,level,tags

Environment Variables:
JAVA_HOME=C:\Program Files\Java\jdk-17.0.2
PATH=C:\WINDOWS\system32;C:\WINDOWS;C:\WINDOWS\System32\Wbem;C:\WINDOWS\System32\WindowsPowerShell\v1.0\;C:\WINDOWS\System32\OpenSSH\;C:\Program Files\Git\cmd;C:\Users\ADMIN\AppData\Local\Microsoft\WindowsApps;D:\Flutter\flutter_windows_2.8.1-stable\flutter\bin;C:\Program Files\JetBrains\IntelliJ IDEA 2021.3.1\bin;;C:\Program Files (x86)\Java\jre1.8.0_321\bin;
USERNAME=ADMIN
OS=Windows_NT
PROCESSOR_IDENTIFIER=Intel64 Family 6 Model 165 Stepping 3, GenuineIntel



---------------  S Y S T E M  ---------------

OS: Windows 10 , 64 bit Build 19041 (10.0.19041.1566)
OS uptime: 6 days 5:18 hours
Hyper-V role detected

CPU:total 12 (initial active 12) (6 cores per cpu, 2 threads per core) family 6 model 165 stepping 3 microcode 0xe0, cmov, cx8, fxsr, mmx, sse, sse2, sse3, ssse3, sse4.1, sse4.2, popcnt, avx, avx2, aes, clmul, erms, 3dnowpref, lzcnt, ht, tsc, tscinvbit, bmi1, bmi2, adx, fma

Memory: 4k page, system-wide physical 8036M (516M free)
TotalPageFile size 22956M (AvailPageFile size 6M)
current process WorkingSet (physical memory assigned to process): 429M, peak: 429M
current process commit charge ("private bytes"): 472M, peak: 473M

vm_info: OpenJDK 64-Bit Server VM (11.0.11+9-b60-7590822) for windows-amd64 JRE (11.0.11+9-b60-7590822), built on Jul 29 2021 21:43:44 by "builder" with MS VC++ 14.0 (VS2015)

END.
