#
# There is insufficient memory for the Java Runtime Environment to continue.
# Native memory allocation (malloc) failed to allocate 1979536 bytes for Chunk::new
# Possible reasons:
#   The system is out of physical RAM or swap space
#   The process is running with CompressedOops enabled, and the Java Heap may be blocking the growth of the native heap
# Possible solutions:
#   Reduce memory load on the system
#   Increase physical memory or swap space
#   Check if swap backing store is full
#   Decrease Java heap size (-Xmx/-Xms)
#   Decrease number of Java threads
#   Decrease Java thread stack sizes (-Xss)
#   Set larger code cache with -XX:ReservedCodeCacheSize=
#   JVM is running with Unscaled Compressed Oops mode in which the Java heap is
#     placed in the first 4GB address space. The Java Heap base address is the
#     maximum limit for the native heap growth. Please use -XX:HeapBaseMinAddress
#     to set the Java Heap base and to place the Java Heap above 4GB virtual address.
# This output file may be truncated or incomplete.
#
#  Out of Memory Error (./src/hotspot/share/memory/arena.cpp:197), pid=13264, tid=17440
#
# JRE version: OpenJDK Runtime Environment (11.0.11+9) (build 11.0.11+9-b60-7590822)
# Java VM: OpenJDK 64-Bit Server VM (11.0.11+9-b60-7590822, mixed mode, tiered, compressed oops, g1 gc, windows-amd64)
# No core dump will be written. Minidumps are not enabled by default on client versions of Windows
#

---------------  S U M M A R Y ------------

Command Line: --add-opens=java.base/java.util=ALL-UNNAMED --add-opens=java.base/java.lang=ALL-UNNAMED --add-opens=java.base/java.lang.invoke=ALL-UNNAMED --add-opens=java.base/java.util=ALL-UNNAMED --add-opens=java.prefs/java.util.prefs=ALL-UNNAMED --add-opens=java.prefs/java.util.prefs=ALL-UNNAMED --add-opens=java.base/java.nio.charset=ALL-UNNAMED --add-opens=java.base/java.net=ALL-UNNAMED --add-opens=java.base/java.util.concurrent.atomic=ALL-UNNAMED -Xmx2048m -Dfile.encoding=UTF-8 -Duser.country=IN -Duser.language=en -Duser.variant org.gradle.launcher.daemon.bootstrap.GradleDaemon 7.2

Host: Intel(R) Core(TM) i5-10400 CPU @ 2.90GHz, 12 cores, 7G,  Windows 10 , 64 bit Build 19041 (10.0.19041.1566)
Time: Fri Apr 15 20:24:59 2022 India Standard Time elapsed time: 8.508573 seconds (0d 0h 0m 8s)

---------------  T H R E A D  ---------------

Current thread (0x000001ce5728c000):  JavaThread "C2 CompilerThread0" daemon [_thread_in_native, id=17440, stack(0x000000bc8c500000,0x000000bc8c600000)]


Current CompileTask:
C2:   8508 6981       4       sun.reflect.generics.parser.SignatureParser::parsePackageNameAndSimpleClassTypeSignature (119 bytes)

Stack: [0x000000bc8c500000,0x000000bc8c600000]
Native frames: (J=compiled Java code, j=interpreted, Vv=VM code, C=native code)
V  [jvm.dll+0x5f214a]
V  [jvm.dll+0x726fb5]
V  [jvm.dll+0x7285cd]
V  [jvm.dll+0x728c83]
V  [jvm.dll+0x243278]
V  [jvm.dll+0xbc53c]
V  [jvm.dll+0xbca3c]
V  [jvm.dll+0x353e3b]
V  [jvm.dll+0x321893]
V  [jvm.dll+0x320d8a]
V  [jvm.dll+0x1fc1e2]
V  [jvm.dll+0x1fb3d4]
V  [jvm.dll+0x183d6c]
V  [jvm.dll+0x209a57]
V  [jvm.dll+0x2082a1]
V  [jvm.dll+0x6ef58f]
V  [jvm.dll+0x6e80b5]
V  [jvm.dll+0x5f1036]
C  [ucrtbase.dll+0x21bb2]
C  [KERNEL32.DLL+0x17034]
C  [ntdll.dll+0x52651]


---------------  P R O C E S S  ---------------

Threads class SMR info:
_java_thread_list=0x000001ce5bd5a390, length=166, elements={
0x000001ce3b88b800, 0x000001ce56906800, 0x000001ce5690b800, 0x000001ce57285800,
0x000001ce57286800, 0x000001ce57289000, 0x000001ce5728c000, 0x000001ce5728d800,
0x000001ce57290800, 0x000001ce573f3800, 0x000001ce594bf000, 0x000001ce58710800,
0x000001ce5950c000, 0x000001ce5950d000, 0x000001ce5874f800, 0x000001ce58b01800,
0x000001ce5871f000, 0x000001ce593d3800, 0x000001ce5804f000, 0x000001ce5937c800,
0x000001ce5937e000, 0x000001ce5937d000, 0x000001ce5937b800, 0x000001ce59a20800,
0x000001ce59a1b000, 0x000001ce59a1c800, 0x000001ce59a21800, 0x000001ce59a1e000,
0x000001ce59a1b800, 0x000001ce59a1f800, 0x000001ce59a22000, 0x000001ce59a23000,
0x000001ce59a28000, 0x000001ce59a28800, 0x000001ce59a26000, 0x000001ce59a29800,
0x000001ce59a27000, 0x000001ce59a24000, 0x000001ce59a25800, 0x000001ce59a24800,
0x000001ce5d455000, 0x000001ce5d458800, 0x000001ce5d456000, 0x000001ce5d457800,
0x000001ce5d457000, 0x000001ce5d452800, 0x000001ce5d459000, 0x000001ce5d453800,
0x000001ce5d45a000, 0x000001ce5d454800, 0x000001ce5d45b800, 0x000001ce5d460000,
0x000001ce5d45c800, 0x000001ce5d45e000, 0x000001ce5d45d800, 0x000001ce5d45f000,
0x000001ce5d460800, 0x000001ce5d45b000, 0x000001ce5d461800, 0x000001ce5d638800,
0x000001ce5d63a800, 0x000001ce5d639800, 0x000001ce5d63c800, 0x000001ce5d63b000,
0x000001ce5d63d800, 0x000001ce5d638000, 0x000001ce5d63e800, 0x000001ce5d63f000,
0x000001ce5d640000, 0x000001ce5d641000, 0x000001ce5d641800, 0x000001ce5d63c000,
0x000001ce5d646800, 0x000001ce5d645800, 0x000001ce5d642800, 0x000001ce5d643000,
0x000001ce5d644000, 0x000001ce5d645000, 0x000001ce5d6d3000, 0x000001ce5d6d5800,
0x000001ce5d6d0800, 0x000001ce5d6d0000, 0x000001ce5d6d5000, 0x000001ce5d6d1800,
0x000001ce5d6d6800, 0x000001ce5d6d7000, 0x000001ce5d6d4000, 0x000001ce5d6d8000,
0x000001ce5d6d2800, 0x000001ce5d6dd000, 0x000001ce5d6de800, 0x000001ce5d6db800,
0x000001ce5d6de000, 0x000001ce5d6d9000, 0x000001ce5d6d9800, 0x000001ce5d6dc000,
0x000001ce5d6da800, 0x000001ce5d6e5800, 0x000001ce5d6e0000, 0x000001ce5d6e0800,
0x000001ce5d6e4000, 0x000001ce5d6e1800, 0x000001ce5d6e2800, 0x000001ce5d6e8000,
0x000001ce5d6e6800, 0x000001ce5d6e7000, 0x000001ce5d6e5000, 0x000001ce5d6e9000,
0x000001ce5d6e3000, 0x000001ce5d6ee800, 0x000001ce5d6e9800, 0x000001ce5d6ec000,
0x000001ce5d6ea800, 0x000001ce5d6eb800, 0x000001ce5d6ed000, 0x000001ce5d6ee000,
0x000001ce5d51e800, 0x000001ce5d51f800, 0x000001ce5d522000, 0x000001ce5d520800,
0x000001ce5d51e000, 0x000001ce5d51d000, 0x000001ce5d521000, 0x000001ce5d51c000,
0x000001ce5d526000, 0x000001ce5d528800, 0x000001ce5d527000, 0x000001ce5d525000,
0x000001ce5d527800, 0x000001ce5d523000, 0x000001ce5d523800, 0x000001ce5d529800,
0x000001ce5d52a000, 0x000001ce5d524800, 0x000001ce5d52b000, 0x000001ce5d71c800,
0x000001ce5d71d800, 0x000001ce5d71e800, 0x000001ce5d71f000, 0x000001ce5d720000,
0x000001ce5d720800, 0x000001ce5d721800, 0x000001ce5d71c000, 0x000001ce5d723000,
0x000001ce5d725800, 0x000001ce5d727800, 0x000001ce5d728000, 0x000001ce5d726800,
0x000001ce5d724000, 0x000001ce5d725000, 0x000001ce5d722800, 0x000001ce5d729000,
0x000001ce5d729800, 0x000001ce5d72a800, 0x000001ce5d57e000, 0x000001ce5d579800,
0x000001ce5d57b800, 0x000001ce5d57a800, 0x000001ce5d57c000, 0x000001ce5d57d000,
0x000001ce5d578000, 0x000001ce5d57e800, 0x000001ce5d579000, 0x000001ce5d582800,
0x000001ce5d585000, 0x000001ce5d57f800
}

Java Threads: ( => current thread )
  0x000001ce3b88b800 JavaThread "main" [_thread_blocked, id=2900, stack(0x000000bc8b900000,0x000000bc8ba00000)]
  0x000001ce56906800 JavaThread "Reference Handler" daemon [_thread_blocked, id=8692, stack(0x000000bc8c000000,0x000000bc8c100000)]
  0x000001ce5690b800 JavaThread "Finalizer" daemon [_thread_blocked, id=9848, stack(0x000000bc8c100000,0x000000bc8c200000)]
  0x000001ce57285800 JavaThread "Signal Dispatcher" daemon [_thread_blocked, id=4148, stack(0x000000bc8c200000,0x000000bc8c300000)]
  0x000001ce57286800 JavaThread "Attach Listener" daemon [_thread_blocked, id=12952, stack(0x000000bc8c300000,0x000000bc8c400000)]
  0x000001ce57289000 JavaThread "Service Thread" daemon [_thread_blocked, id=5732, stack(0x000000bc8c400000,0x000000bc8c500000)]
=>0x000001ce5728c000 JavaThread "C2 CompilerThread0" daemon [_thread_in_native, id=17440, stack(0x000000bc8c500000,0x000000bc8c600000)]
  0x000001ce5728d800 JavaThread "C1 CompilerThread0" daemon [_thread_blocked, id=17076, stack(0x000000bc8c600000,0x000000bc8c700000)]
  0x000001ce57290800 JavaThread "Sweeper thread" daemon [_thread_blocked, id=2548, stack(0x000000bc8c700000,0x000000bc8c800000)]
  0x000001ce573f3800 JavaThread "Common-Cleaner" daemon [_thread_blocked, id=19212, stack(0x000000bc8c800000,0x000000bc8c900000)]
  0x000001ce594bf000 JavaThread "Daemon health stats" [_thread_blocked, id=14756, stack(0x000000bc8cc00000,0x000000bc8cd00000)]
  0x000001ce58710800 JavaThread "Incoming local TCP Connector on port 55209" [_thread_in_native, id=6928, stack(0x000000bc8cd00000,0x000000bc8ce00000)]
  0x000001ce5950c000 JavaThread "Daemon periodic checks" [_thread_blocked, id=6076, stack(0x000000bc8ce00000,0x000000bc8cf00000)]
  0x000001ce5950d000 JavaThread "Daemon" [_thread_blocked, id=2532, stack(0x000000bc8cf00000,0x000000bc8d000000)]
  0x000001ce5874f800 JavaThread "Handler for socket connection from /127.0.0.1:55209 to /127.0.0.1:55210" [_thread_in_native, id=9364, stack(0x000000bc8d000000,0x000000bc8d100000)]
  0x000001ce58b01800 JavaThread "Cancel handler" [_thread_blocked, id=14084, stack(0x000000bc8d100000,0x000000bc8d200000)]
  0x000001ce5871f000 JavaThread "Daemon worker" [_thread_in_vm, id=12624, stack(0x000000bc8d200000,0x000000bc8d300000)]
  0x000001ce593d3800 JavaThread "Asynchronous log dispatcher for DefaultDaemonConnection: socket connection from /127.0.0.1:55209 to /127.0.0.1:55210" [_thread_blocked, id=17752, stack(0x000000bc8d300000,0x000000bc8d400000)]
  0x000001ce5804f000 JavaThread "Stdin handler" [_thread_blocked, id=14016, stack(0x000000bc8d400000,0x000000bc8d500000)]
  0x000001ce5937c800 JavaThread "Daemon client event forwarder" [_thread_blocked, id=10844, stack(0x000000bc8d500000,0x000000bc8d600000)]
  0x000001ce5937e000 JavaThread "Cache worker for journal cache (C:\Users\ADMIN\.gradle\caches\journal-1)" [_thread_blocked, id=10880, stack(0x000000bc8dd00000,0x000000bc8de00000)]
  0x000001ce5937d000 JavaThread "File lock request listener" [_thread_in_native, id=12132, stack(0x000000bc8de00000,0x000000bc8df00000)]
  0x000001ce5937b800 JavaThread "Cache worker for file hash cache (C:\Users\ADMIN\.gradle\caches\7.2\fileHashes)" [_thread_blocked, id=15732, stack(0x000000bc8df00000,0x000000bc8e000000)]
  0x000001ce59a20800 JavaThread "Cache worker for file hash cache (D:\Android Learn\GlowDriver\.gradle\7.2\fileHashes)" [_thread_blocked, id=4756, stack(0x000000bc8e200000,0x000000bc8e300000)]
  0x000001ce59a1b000 JavaThread "File watcher server" daemon [_thread_in_native, id=15648, stack(0x000000bc8e300000,0x000000bc8e400000)]
  0x000001ce59a1c800 JavaThread "File watcher consumer" daemon [_thread_blocked, id=13240, stack(0x000000bc8e400000,0x000000bc8e500000)]
  0x000001ce59a21800 JavaThread "Cache worker for checksums cache (D:\Android Learn\GlowDriver\.gradle\checksums)" [_thread_blocked, id=19256, stack(0x000000bc8e500000,0x000000bc8e600000)]
  0x000001ce59a1e000 JavaThread "Cache worker for cache directory md-supplier (C:\Users\ADMIN\.gradle\caches\7.2\md-supplier)" [_thread_blocked, id=15136, stack(0x000000bc8e600000,0x000000bc8e700000)]
  0x000001ce59a1b800 JavaThread "Cache worker for cache directory md-rule (C:\Users\ADMIN\.gradle\caches\7.2\md-rule)" [_thread_blocked, id=11860, stack(0x000000bc8e700000,0x000000bc8e800000)]
  0x000001ce59a1f800 JavaThread "Cache worker for execution history cache (C:\Users\ADMIN\.gradle\caches\7.2\executionHistory)" [_thread_blocked, id=10508, stack(0x000000bc8e800000,0x000000bc8e900000)]
  0x000001ce59a22000 JavaThread "jar transforms" [_thread_blocked, id=5716, stack(0x000000bc8e900000,0x000000bc8ea00000)]
  0x000001ce59a23000 JavaThread "Cache worker for file content cache (C:\Users\ADMIN\.gradle\caches\7.2\fileContent)" [_thread_blocked, id=17396, stack(0x000000bc8ea00000,0x000000bc8eb00000)]
  0x000001ce59a28000 JavaThread "jar transforms Thread 2" [_thread_blocked, id=19016, stack(0x000000bc8eb00000,0x000000bc8ec00000)]
  0x000001ce59a28800 JavaThread "Cache worker for dependencies-accessors (D:\Android Learn\GlowDriver\.gradle\7.2\dependencies-accessors)" [_thread_blocked, id=6696, stack(0x000000bc8ec00000,0x000000bc8ed00000)]
  0x000001ce59a26000 JavaThread "jar transforms Thread 3" [_thread_blocked, id=12568, stack(0x000000bc8ed00000,0x000000bc8ee00000)]
  0x000001ce59a29800 JavaThread "Cache worker for Build Output Cleanup Cache (D:\Android Learn\GlowDriver\.gradle\buildOutputCleanup)" [_thread_blocked, id=6388, stack(0x000000bc8ee00000,0x000000bc8ef00000)]
  0x000001ce59a27000 JavaThread "Unconstrained build operations" [_thread_blocked, id=14052, stack(0x000000bc8ef00000,0x000000bc8f000000)]
  0x000001ce59a24000 JavaThread "Unconstrained build operations Thread 2" [_thread_blocked, id=7452, stack(0x000000bc8f000000,0x000000bc8f100000)]
  0x000001ce59a25800 JavaThread "Unconstrained build operations Thread 3" [_thread_blocked, id=10356, stack(0x000000bc8f100000,0x000000bc8f200000)]
  0x000001ce59a24800 JavaThread "Unconstrained build operations Thread 4" [_thread_blocked, id=1840, stack(0x000000bc8f200000,0x000000bc8f300000)]
  0x000001ce5d455000 JavaThread "Unconstrained build operations Thread 5" [_thread_blocked, id=13984, stack(0x000000bc8f300000,0x000000bc8f400000)]
  0x000001ce5d458800 JavaThread "Unconstrained build operations Thread 6" [_thread_blocked, id=1200, stack(0x000000bc8f400000,0x000000bc8f500000)]
  0x000001ce5d456000 JavaThread "Unconstrained build operations Thread 7" [_thread_blocked, id=18796, stack(0x000000bc8f500000,0x000000bc8f600000)]
  0x000001ce5d457800 JavaThread "Unconstrained build operations Thread 8" [_thread_blocked, id=9712, stack(0x000000bc8f600000,0x000000bc8f700000)]
  0x000001ce5d457000 JavaThread "Unconstrained build operations Thread 9" [_thread_blocked, id=2716, stack(0x000000bc8f700000,0x000000bc8f800000)]
  0x000001ce5d452800 JavaThread "Unconstrained build operations Thread 10" [_thread_blocked, id=2656, stack(0x000000bc8f800000,0x000000bc8f900000)]
  0x000001ce5d459000 JavaThread "Unconstrained build operations Thread 11" [_thread_blocked, id=8124, stack(0x000000bc8f900000,0x000000bc8fa00000)]
  0x000001ce5d453800 JavaThread "Unconstrained build operations Thread 12" [_thread_blocked, id=15608, stack(0x000000bc8fa00000,0x000000bc8fb00000)]
  0x000001ce5d45a000 JavaThread "Unconstrained build operations Thread 13" [_thread_blocked, id=8380, stack(0x000000bc8fb00000,0x000000bc8fc00000)]
  0x000001ce5d454800 JavaThread "Unconstrained build operations Thread 14" [_thread_blocked, id=18232, stack(0x000000bc8fc00000,0x000000bc8fd00000)]
  0x000001ce5d45b800 JavaThread "Unconstrained build operations Thread 15" [_thread_blocked, id=17004, stack(0x000000bc8fd00000,0x000000bc8fe00000)]
  0x000001ce5d460000 JavaThread "Unconstrained build operations Thread 16" [_thread_blocked, id=12720, stack(0x000000bc8fe00000,0x000000bc8ff00000)]
  0x000001ce5d45c800 JavaThread "Unconstrained build operations Thread 17" [_thread_blocked, id=9560, stack(0x000000bc8ff00000,0x000000bc90000000)]
  0x000001ce5d45e000 JavaThread "Unconstrained build operations Thread 18" [_thread_blocked, id=1508, stack(0x000000bc90000000,0x000000bc90100000)]
  0x000001ce5d45d800 JavaThread "Unconstrained build operations Thread 19" [_thread_blocked, id=6560, stack(0x000000bc90100000,0x000000bc90200000)]
  0x000001ce5d45f000 JavaThread "Unconstrained build operations Thread 20" [_thread_blocked, id=17176, stack(0x000000bc90200000,0x000000bc90300000)]
  0x000001ce5d460800 JavaThread "Unconstrained build operations Thread 21" [_thread_blocked, id=2692, stack(0x000000bc90300000,0x000000bc90400000)]
  0x000001ce5d45b000 JavaThread "Unconstrained build operations Thread 22" [_thread_blocked, id=13356, stack(0x000000bc90400000,0x000000bc90500000)]
  0x000001ce5d461800 JavaThread "Unconstrained build operations Thread 23" [_thread_blocked, id=5556, stack(0x000000bc90500000,0x000000bc90600000)]
  0x000001ce5d638800 JavaThread "Unconstrained build operations Thread 24" [_thread_blocked, id=296, stack(0x000000bc90600000,0x000000bc90700000)]
  0x000001ce5d63a800 JavaThread "Unconstrained build operations Thread 25" [_thread_blocked, id=16096, stack(0x000000bc90700000,0x000000bc90800000)]
  0x000001ce5d639800 JavaThread "Unconstrained build operations Thread 26" [_thread_blocked, id=7340, stack(0x000000bc90800000,0x000000bc90900000)]
  0x000001ce5d63c800 JavaThread "Unconstrained build operations Thread 27" [_thread_blocked, id=12964, stack(0x000000bc90900000,0x000000bc90a00000)]
  0x000001ce5d63b000 JavaThread "Unconstrained build operations Thread 28" [_thread_blocked, id=13004, stack(0x000000bc90a00000,0x000000bc90b00000)]
  0x000001ce5d63d800 JavaThread "Unconstrained build operations Thread 29" [_thread_blocked, id=5264, stack(0x000000bc90b00000,0x000000bc90c00000)]
  0x000001ce5d638000 JavaThread "Unconstrained build operations Thread 30" [_thread_blocked, id=6596, stack(0x000000bc90c00000,0x000000bc90d00000)]
  0x000001ce5d63e800 JavaThread "Unconstrained build operations Thread 31" [_thread_blocked, id=1760, stack(0x000000bc90d00000,0x000000bc90e00000)]
  0x000001ce5d63f000 JavaThread "Unconstrained build operations Thread 32" [_thread_blocked, id=13728, stack(0x000000bc90e00000,0x000000bc90f00000)]
  0x000001ce5d640000 JavaThread "Unconstrained build operations Thread 33" [_thread_blocked, id=16192, stack(0x000000bc90f00000,0x000000bc91000000)]
  0x000001ce5d641000 JavaThread "Unconstrained build operations Thread 34" [_thread_blocked, id=7188, stack(0x000000bc91000000,0x000000bc91100000)]
  0x000001ce5d641800 JavaThread "Unconstrained build operations Thread 35" [_thread_blocked, id=3060, stack(0x000000bc91100000,0x000000bc91200000)]
  0x000001ce5d63c000 JavaThread "Unconstrained build operations Thread 36" [_thread_blocked, id=6684, stack(0x000000bc91200000,0x000000bc91300000)]
  0x000001ce5d646800 JavaThread "Unconstrained build operations Thread 37" [_thread_blocked, id=7176, stack(0x000000bc91300000,0x000000bc91400000)]
  0x000001ce5d645800 JavaThread "Unconstrained build operations Thread 38" [_thread_blocked, id=7372, stack(0x000000bc91400000,0x000000bc91500000)]
  0x000001ce5d642800 JavaThread "Unconstrained build operations Thread 39" [_thread_blocked, id=3396, stack(0x000000bc91500000,0x000000bc91600000)]
  0x000001ce5d643000 JavaThread "Unconstrained build operations Thread 40" [_thread_blocked, id=16760, stack(0x000000bc91600000,0x000000bc91700000)]
  0x000001ce5d644000 JavaThread "Unconstrained build operations Thread 41" [_thread_blocked, id=13172, stack(0x000000bc91700000,0x000000bc91800000)]
  0x000001ce5d645000 JavaThread "Unconstrained build operations Thread 42" [_thread_blocked, id=13296, stack(0x000000bc91800000,0x000000bc91900000)]
  0x000001ce5d6d3000 JavaThread "Unconstrained build operations Thread 43" [_thread_blocked, id=17228, stack(0x000000bc91900000,0x000000bc91a00000)]
  0x000001ce5d6d5800 JavaThread "Unconstrained build operations Thread 44" [_thread_blocked, id=8472, stack(0x000000bc91a00000,0x000000bc91b00000)]
  0x000001ce5d6d0800 JavaThread "Unconstrained build operations Thread 45" [_thread_blocked, id=19184, stack(0x000000bc91b00000,0x000000bc91c00000)]
  0x000001ce5d6d0000 JavaThread "Unconstrained build operations Thread 46" [_thread_blocked, id=8232, stack(0x000000bc91c00000,0x000000bc91d00000)]
  0x000001ce5d6d5000 JavaThread "Unconstrained build operations Thread 47" [_thread_blocked, id=6648, stack(0x000000bc91d00000,0x000000bc91e00000)]
  0x000001ce5d6d1800 JavaThread "Unconstrained build operations Thread 48" [_thread_blocked, id=3504, stack(0x000000bc91e00000,0x000000bc91f00000)]
  0x000001ce5d6d6800 JavaThread "Unconstrained build operations Thread 49" [_thread_blocked, id=16908, stack(0x000000bc91f00000,0x000000bc92000000)]
  0x000001ce5d6d7000 JavaThread "Unconstrained build operations Thread 50" [_thread_blocked, id=14124, stack(0x000000bc92000000,0x000000bc92100000)]
  0x000001ce5d6d4000 JavaThread "Unconstrained build operations Thread 51" [_thread_blocked, id=13888, stack(0x000000bc92100000,0x000000bc92200000)]
  0x000001ce5d6d8000 JavaThread "Unconstrained build operations Thread 52" [_thread_blocked, id=7908, stack(0x000000bc92200000,0x000000bc92300000)]
  0x000001ce5d6d2800 JavaThread "Unconstrained build operations Thread 53" [_thread_blocked, id=10512, stack(0x000000bc92300000,0x000000bc92400000)]
  0x000001ce5d6dd000 JavaThread "Unconstrained build operations Thread 54" [_thread_blocked, id=1716, stack(0x000000bc92400000,0x000000bc92500000)]
  0x000001ce5d6de800 JavaThread "Unconstrained build operations Thread 55" [_thread_blocked, id=880, stack(0x000000bc92500000,0x000000bc92600000)]
  0x000001ce5d6db800 JavaThread "Unconstrained build operations Thread 56" [_thread_blocked, id=12660, stack(0x000000bc92600000,0x000000bc92700000)]
  0x000001ce5d6de000 JavaThread "Unconstrained build operations Thread 57" [_thread_blocked, id=19408, stack(0x000000bc92700000,0x000000bc92800000)]
  0x000001ce5d6d9000 JavaThread "Unconstrained build operations Thread 58" [_thread_blocked, id=8636, stack(0x000000bc92800000,0x000000bc92900000)]
  0x000001ce5d6d9800 JavaThread "Unconstrained build operations Thread 59" [_thread_blocked, id=7064, stack(0x000000bc92900000,0x000000bc92a00000)]
  0x000001ce5d6dc000 JavaThread "Unconstrained build operations Thread 60" [_thread_blocked, id=17436, stack(0x000000bc92a00000,0x000000bc92b00000)]
  0x000001ce5d6da800 JavaThread "Unconstrained build operations Thread 61" [_thread_blocked, id=6012, stack(0x000000bc92b00000,0x000000bc92c00000)]
  0x000001ce5d6e5800 JavaThread "Unconstrained build operations Thread 62" [_thread_blocked, id=9728, stack(0x000000bc92c00000,0x000000bc92d00000)]
  0x000001ce5d6e0000 JavaThread "Unconstrained build operations Thread 63" [_thread_blocked, id=17504, stack(0x000000bc92d00000,0x000000bc92e00000)]
  0x000001ce5d6e0800 JavaThread "Unconstrained build operations Thread 64" [_thread_blocked, id=19260, stack(0x000000bc92e00000,0x000000bc92f00000)]
  0x000001ce5d6e4000 JavaThread "Unconstrained build operations Thread 65" [_thread_blocked, id=8644, stack(0x000000bc92f00000,0x000000bc93000000)]
  0x000001ce5d6e1800 JavaThread "Unconstrained build operations Thread 66" [_thread_blocked, id=2000, stack(0x000000bc93000000,0x000000bc93100000)]
  0x000001ce5d6e2800 JavaThread "Unconstrained build operations Thread 67" [_thread_blocked, id=16204, stack(0x000000bc93100000,0x000000bc93200000)]
  0x000001ce5d6e8000 JavaThread "Unconstrained build operations Thread 68" [_thread_blocked, id=9580, stack(0x000000bc93200000,0x000000bc93300000)]
  0x000001ce5d6e6800 JavaThread "Unconstrained build operations Thread 69" [_thread_blocked, id=19132, stack(0x000000bc93300000,0x000000bc93400000)]
  0x000001ce5d6e7000 JavaThread "Unconstrained build operations Thread 70" [_thread_blocked, id=4008, stack(0x000000bc93400000,0x000000bc93500000)]
  0x000001ce5d6e5000 JavaThread "Unconstrained build operations Thread 71" [_thread_blocked, id=1540, stack(0x000000bc93500000,0x000000bc93600000)]
  0x000001ce5d6e9000 JavaThread "Unconstrained build operations Thread 72" [_thread_blocked, id=14688, stack(0x000000bc93600000,0x000000bc93700000)]
  0x000001ce5d6e3000 JavaThread "Unconstrained build operations Thread 73" [_thread_blocked, id=14984, stack(0x000000bc93700000,0x000000bc93800000)]
  0x000001ce5d6ee800 JavaThread "Unconstrained build operations Thread 74" [_thread_blocked, id=12676, stack(0x000000bc93800000,0x000000bc93900000)]
  0x000001ce5d6e9800 JavaThread "Unconstrained build operations Thread 75" [_thread_blocked, id=4152, stack(0x000000bc93900000,0x000000bc93a00000)]
  0x000001ce5d6ec000 JavaThread "Unconstrained build operations Thread 76" [_thread_blocked, id=5712, stack(0x000000bc93a00000,0x000000bc93b00000)]
  0x000001ce5d6ea800 JavaThread "Unconstrained build operations Thread 77" [_thread_blocked, id=12264, stack(0x000000bc93b00000,0x000000bc93c00000)]
  0x000001ce5d6eb800 JavaThread "Unconstrained build operations Thread 78" [_thread_blocked, id=19204, stack(0x000000bc93c00000,0x000000bc93d00000)]
  0x000001ce5d6ed000 JavaThread "Unconstrained build operations Thread 79" [_thread_blocked, id=14352, stack(0x000000bc93d00000,0x000000bc93e00000)]
  0x000001ce5d6ee000 JavaThread "Unconstrained build operations Thread 80" [_thread_blocked, id=14272, stack(0x000000bc93e00000,0x000000bc93f00000)]
  0x000001ce5d51e800 JavaThread "Unconstrained build operations Thread 81" [_thread_blocked, id=17624, stack(0x000000bc93f00000,0x000000bc94000000)]
  0x000001ce5d51f800 JavaThread "Unconstrained build operations Thread 82" [_thread_blocked, id=12164, stack(0x000000bc94000000,0x000000bc94100000)]
  0x000001ce5d522000 JavaThread "Unconstrained build operations Thread 83" [_thread_blocked, id=10468, stack(0x000000bc94100000,0x000000bc94200000)]
  0x000001ce5d520800 JavaThread "Unconstrained build operations Thread 84" [_thread_blocked, id=7044, stack(0x000000bc94200000,0x000000bc94300000)]
  0x000001ce5d51e000 JavaThread "Unconstrained build operations Thread 85" [_thread_blocked, id=9600, stack(0x000000bc94300000,0x000000bc94400000)]
  0x000001ce5d51d000 JavaThread "Unconstrained build operations Thread 86" [_thread_blocked, id=17556, stack(0x000000bc94400000,0x000000bc94500000)]
  0x000001ce5d521000 JavaThread "Unconstrained build operations Thread 87" [_thread_blocked, id=7460, stack(0x000000bc94500000,0x000000bc94600000)]
  0x000001ce5d51c000 JavaThread "Unconstrained build operations Thread 88" [_thread_blocked, id=8812, stack(0x000000bc94600000,0x000000bc94700000)]
  0x000001ce5d526000 JavaThread "Unconstrained build operations Thread 89" [_thread_blocked, id=12388, stack(0x000000bc94700000,0x000000bc94800000)]
  0x000001ce5d528800 JavaThread "Unconstrained build operations Thread 90" [_thread_blocked, id=1440, stack(0x000000bc94800000,0x000000bc94900000)]
  0x000001ce5d527000 JavaThread "Unconstrained build operations Thread 91" [_thread_blocked, id=2236, stack(0x000000bc94900000,0x000000bc94a00000)]
  0x000001ce5d525000 JavaThread "Unconstrained build operations Thread 92" [_thread_blocked, id=10216, stack(0x000000bc94a00000,0x000000bc94b00000)]
  0x000001ce5d527800 JavaThread "Unconstrained build operations Thread 93" [_thread_blocked, id=8556, stack(0x000000bc94b00000,0x000000bc94c00000)]
  0x000001ce5d523000 JavaThread "Unconstrained build operations Thread 94" [_thread_blocked, id=9296, stack(0x000000bc94c00000,0x000000bc94d00000)]
  0x000001ce5d523800 JavaThread "Unconstrained build operations Thread 95" [_thread_blocked, id=18876, stack(0x000000bc94d00000,0x000000bc94e00000)]
  0x000001ce5d529800 JavaThread "Unconstrained build operations Thread 96" [_thread_blocked, id=920, stack(0x000000bc94e00000,0x000000bc94f00000)]
  0x000001ce5d52a000 JavaThread "Unconstrained build operations Thread 97" [_thread_blocked, id=15184, stack(0x000000bc94f00000,0x000000bc95000000)]
  0x000001ce5d524800 JavaThread "Unconstrained build operations Thread 98" [_thread_blocked, id=10544, stack(0x000000bc95000000,0x000000bc95100000)]
  0x000001ce5d52b000 JavaThread "Unconstrained build operations Thread 99" [_thread_blocked, id=18180, stack(0x000000bc95100000,0x000000bc95200000)]
  0x000001ce5d71c800 JavaThread "Unconstrained build operations Thread 100" [_thread_blocked, id=18652, stack(0x000000bc95200000,0x000000bc95300000)]
  0x000001ce5d71d800 JavaThread "Unconstrained build operations Thread 101" [_thread_blocked, id=18784, stack(0x000000bc95300000,0x000000bc95400000)]
  0x000001ce5d71e800 JavaThread "Unconstrained build operations Thread 102" [_thread_blocked, id=2580, stack(0x000000bc95400000,0x000000bc95500000)]
  0x000001ce5d71f000 JavaThread "Unconstrained build operations Thread 103" [_thread_blocked, id=6428, stack(0x000000bc95500000,0x000000bc95600000)]
  0x000001ce5d720000 JavaThread "Unconstrained build operations Thread 104" [_thread_blocked, id=15728, stack(0x000000bc95600000,0x000000bc95700000)]
  0x000001ce5d720800 JavaThread "Unconstrained build operations Thread 105" [_thread_blocked, id=4956, stack(0x000000bc95700000,0x000000bc95800000)]
  0x000001ce5d721800 JavaThread "Unconstrained build operations Thread 106" [_thread_blocked, id=16060, stack(0x000000bc95800000,0x000000bc95900000)]
  0x000001ce5d71c000 JavaThread "Unconstrained build operations Thread 107" [_thread_blocked, id=1036, stack(0x000000bc95900000,0x000000bc95a00000)]
  0x000001ce5d723000 JavaThread "Unconstrained build operations Thread 108" [_thread_blocked, id=13000, stack(0x000000bc95a00000,0x000000bc95b00000)]
  0x000001ce5d725800 JavaThread "Unconstrained build operations Thread 109" [_thread_blocked, id=7952, stack(0x000000bc95b00000,0x000000bc95c00000)]
  0x000001ce5d727800 JavaThread "Unconstrained build operations Thread 110" [_thread_blocked, id=2964, stack(0x000000bc95c00000,0x000000bc95d00000)]
  0x000001ce5d728000 JavaThread "Unconstrained build operations Thread 111" [_thread_blocked, id=14148, stack(0x000000bc95d00000,0x000000bc95e00000)]
  0x000001ce5d726800 JavaThread "Unconstrained build operations Thread 112" [_thread_blocked, id=12672, stack(0x000000bc95e00000,0x000000bc95f00000)]
  0x000001ce5d724000 JavaThread "Unconstrained build operations Thread 113" [_thread_blocked, id=7920, stack(0x000000bc95f00000,0x000000bc96000000)]
  0x000001ce5d725000 JavaThread "Unconstrained build operations Thread 114" [_thread_blocked, id=2276, stack(0x000000bc96000000,0x000000bc96100000)]
  0x000001ce5d722800 JavaThread "Unconstrained build operations Thread 115" [_thread_blocked, id=12044, stack(0x000000bc96100000,0x000000bc96200000)]
  0x000001ce5d729000 JavaThread "Unconstrained build operations Thread 116" [_thread_blocked, id=4596, stack(0x000000bc96200000,0x000000bc96300000)]
  0x000001ce5d729800 JavaThread "Unconstrained build operations Thread 117" [_thread_blocked, id=3400, stack(0x000000bc96300000,0x000000bc96400000)]
  0x000001ce5d72a800 JavaThread "Unconstrained build operations Thread 118" [_thread_blocked, id=15172, stack(0x000000bc96400000,0x000000bc96500000)]
  0x000001ce5d57e000 JavaThread "Unconstrained build operations Thread 119" [_thread_blocked, id=3068, stack(0x000000bc96500000,0x000000bc96600000)]
  0x000001ce5d579800 JavaThread "jar transforms Thread 4" [_thread_blocked, id=3808, stack(0x000000bc96600000,0x000000bc96700000)]
  0x000001ce5d57b800 JavaThread "jar transforms Thread 5" [_thread_blocked, id=15920, stack(0x000000bc96700000,0x000000bc96800000)]
  0x000001ce5d57a800 JavaThread "jar transforms Thread 6" [_thread_blocked, id=19168, stack(0x000000bc96800000,0x000000bc96900000)]
  0x000001ce5d57c000 JavaThread "jar transforms Thread 7" [_thread_blocked, id=4332, stack(0x000000bc96900000,0x000000bc96a00000)]
  0x000001ce5d57d000 JavaThread "jar transforms Thread 8" [_thread_blocked, id=10728, stack(0x000000bc96a00000,0x000000bc96b00000)]
  0x000001ce5d578000 JavaThread "jar transforms Thread 9" [_thread_blocked, id=17012, stack(0x000000bc96b00000,0x000000bc96c00000)]
  0x000001ce5d57e800 JavaThread "jar transforms Thread 10" [_thread_blocked, id=18064, stack(0x000000bc96c00000,0x000000bc96d00000)]
  0x000001ce5d579000 JavaThread "jar transforms Thread 11" [_thread_blocked, id=7968, stack(0x000000bc96d00000,0x000000bc96e00000)]
  0x000001ce5d582800 JavaThread "jar transforms Thread 12" [_thread_blocked, id=5572, stack(0x000000bc96e00000,0x000000bc96f00000)]
  0x000001ce5d585000 JavaThread "pool-1-thread-1" [_thread_blocked, id=16208, stack(0x000000bc96f00000,0x000000bc97000000)]
  0x000001ce5d57f800 JavaThread "Memory manager" [_thread_blocked, id=12268, stack(0x000000bc97000000,0x000000bc97100000)]

Other Threads:
  0x000001ce56904800 VMThread "VM Thread" [stack: 0x000000bc8bf00000,0x000000bc8c000000] [id=18772]
  0x000001ce57416800 WatcherThread [stack: 0x000000bc8c900000,0x000000bc8ca00000] [id=17836]
  0x000001ce3b8a2800 GCTaskThread "GC Thread#0" [stack: 0x000000bc8ba00000,0x000000bc8bb00000] [id=18788]
  0x000001ce57963000 GCTaskThread "GC Thread#1" [stack: 0x000000bc8ca00000,0x000000bc8cb00000] [id=3684]
  0x000001ce577f2800 GCTaskThread "GC Thread#2" [stack: 0x000000bc8cb00000,0x000000bc8cc00000] [id=8600]
  0x000001ce595b9000 GCTaskThread "GC Thread#3" [stack: 0x000000bc8d600000,0x000000bc8d700000] [id=8180]
  0x000001ce58b70000 GCTaskThread "GC Thread#4" [stack: 0x000000bc8d700000,0x000000bc8d800000] [id=9120]
  0x000001ce58b71000 GCTaskThread "GC Thread#5" [stack: 0x000000bc8d800000,0x000000bc8d900000] [id=15972]
  0x000001ce582b7000 GCTaskThread "GC Thread#6" [stack: 0x000000bc8d900000,0x000000bc8da00000] [id=19248]
  0x000001ce582b7800 GCTaskThread "GC Thread#7" [stack: 0x000000bc8da00000,0x000000bc8db00000] [id=1128]
  0x000001ce5882a800 GCTaskThread "GC Thread#8" [stack: 0x000000bc8db00000,0x000000bc8dc00000] [id=16672]
  0x000001ce5882b800 GCTaskThread "GC Thread#9" [stack: 0x000000bc8dc00000,0x000000bc8dd00000] [id=16416]
  0x000001ce3b8d7800 ConcurrentGCThread "G1 Main Marker" [stack: 0x000000bc8bb00000,0x000000bc8bc00000] [id=6336]
  0x000001ce3b8d8800 ConcurrentGCThread "G1 Conc#0" [stack: 0x000000bc8bc00000,0x000000bc8bd00000] [id=16788]
  0x000001ce593a0000 ConcurrentGCThread "G1 Conc#1" [stack: 0x000000bc8e000000,0x000000bc8e100000] [id=2108]
  0x000001ce593a1000 ConcurrentGCThread "G1 Conc#2" [stack: 0x000000bc8e100000,0x000000bc8e200000] [id=1604]
  0x000001ce56754800 ConcurrentGCThread "G1 Refine#0" [stack: 0x000000bc8bd00000,0x000000bc8be00000] [id=10520]
  0x000001ce56755000 ConcurrentGCThread "G1 Young RemSet Sampling" [stack: 0x000000bc8be00000,0x000000bc8bf00000] [id=19124]

Threads with active compile tasks:
C2 CompilerThread0   8532 6981       4       sun.reflect.generics.parser.SignatureParser::parsePackageNameAndSimpleClassTypeSignature (119 bytes)

VM state:not at safepoint (normal execution)

VM Mutex/Monitor currently owned by a thread: None

Heap address: 0x0000000080000000, size: 2048 MB, Compressed Oops mode: 32-bit
Narrow klass base: 0x0000000000000000, Narrow klass shift: 3
Compressed class space size: 1073741824 Address: 0x0000000100000000

Heap:
 garbage-first heap   total 187392K, used 96959K [0x0000000080000000, 0x0000000100000000)
  region size 1024K, 29 young (29696K), 6 survivors (6144K)
 Metaspace       used 75073K, capacity 76962K, committed 77260K, reserved 1116160K
  class space    used 9655K, capacity 10383K, committed 10444K, reserved 1048576K
Heap Regions: E=young(eden), S=young(survivor), O=old, HS=humongous(starts), HC=humongous(continues), CS=collection set, F=free, A=archive, TAMS=top-at-mark-start (previous, next)
|   0|0x0000000080000000, 0x0000000080100000, 0x0000000080100000|100%| O|  |TAMS 0x0000000080100000, 0x0000000080000000| Untracked 
|   1|0x0000000080100000, 0x0000000080200000, 0x0000000080200000|100%| O|  |TAMS 0x0000000080200000, 0x0000000080100000| Untracked 
|   2|0x0000000080200000, 0x0000000080300000, 0x0000000080300000|100%| O|  |TAMS 0x0000000080300000, 0x0000000080200000| Untracked 
|   3|0x0000000080300000, 0x0000000080400000, 0x0000000080400000|100%|HS|  |TAMS 0x0000000080400000, 0x0000000080300000| Complete 
|   4|0x0000000080400000, 0x0000000080500000, 0x0000000080500000|100%|HC|  |TAMS 0x0000000080500000, 0x0000000080400000| Complete 
|   5|0x0000000080500000, 0x0000000080600000, 0x0000000080600000|100%|HC|  |TAMS 0x0000000080600000, 0x0000000080500000| Complete 
|   6|0x0000000080600000, 0x0000000080700000, 0x0000000080700000|100%| O|  |TAMS 0x0000000080700000, 0x0000000080600000| Untracked 
|   7|0x0000000080700000, 0x0000000080800000, 0x0000000080800000|100%| O|  |TAMS 0x0000000080800000, 0x0000000080700000| Untracked 
|   8|0x0000000080800000, 0x0000000080900000, 0x0000000080900000|100%| O|  |TAMS 0x0000000080900000, 0x0000000080800000| Untracked 
|   9|0x0000000080900000, 0x0000000080a00000, 0x0000000080a00000|100%| O|  |TAMS 0x0000000080a00000, 0x0000000080900000| Untracked 
|  10|0x0000000080a00000, 0x0000000080b00000, 0x0000000080b00000|100%| O|  |TAMS 0x0000000080b00000, 0x0000000080a00000| Untracked 
|  11|0x0000000080b00000, 0x0000000080c00000, 0x0000000080c00000|100%| O|  |TAMS 0x0000000080c00000, 0x0000000080b00000| Untracked 
|  12|0x0000000080c00000, 0x0000000080d00000, 0x0000000080d00000|100%| O|  |TAMS 0x0000000080d00000, 0x0000000080c00000| Untracked 
|  13|0x0000000080d00000, 0x0000000080e00000, 0x0000000080e00000|100%| O|  |TAMS 0x0000000080e00000, 0x0000000080d00000| Untracked 
|  14|0x0000000080e00000, 0x0000000080f00000, 0x0000000080f00000|100%| O|  |TAMS 0x0000000080f00000, 0x0000000080e00000| Untracked 
|  15|0x0000000080f00000, 0x0000000081000000, 0x0000000081000000|100%| O|  |TAMS 0x0000000081000000, 0x0000000080f00000| Untracked 
|  16|0x0000000081000000, 0x0000000081100000, 0x0000000081100000|100%| O|  |TAMS 0x0000000081100000, 0x0000000081000000| Untracked 
|  17|0x0000000081100000, 0x0000000081200000, 0x0000000081200000|100%| O|  |TAMS 0x0000000081200000, 0x0000000081100000| Untracked 
|  18|0x0000000081200000, 0x0000000081300000, 0x0000000081300000|100%| O|  |TAMS 0x0000000081300000, 0x0000000081200000| Untracked 
|  19|0x0000000081300000, 0x0000000081400000, 0x0000000081400000|100%| O|  |TAMS 0x0000000081400000, 0x0000000081300000| Untracked 
|  20|0x0000000081400000, 0x0000000081500000, 0x0000000081500000|100%| O|  |TAMS 0x0000000081500000, 0x0000000081400000| Untracked 
|  21|0x0000000081500000, 0x0000000081600000, 0x0000000081600000|100%| O|  |TAMS 0x0000000081600000, 0x0000000081500000| Untracked 
|  22|0x0000000081600000, 0x0000000081700000, 0x0000000081700000|100%| O|  |TAMS 0x0000000081700000, 0x0000000081600000| Untracked 
|  23|0x0000000081700000, 0x0000000081800000, 0x0000000081800000|100%| O|  |TAMS 0x0000000081800000, 0x0000000081700000| Untracked 
|  24|0x0000000081800000, 0x0000000081900000, 0x0000000081900000|100%| O|  |TAMS 0x0000000081900000, 0x0000000081800000| Untracked 
|  25|0x0000000081900000, 0x0000000081a00000, 0x0000000081a00000|100%| O|  |TAMS 0x0000000081a00000, 0x0000000081900000| Untracked 
|  26|0x0000000081a00000, 0x0000000081b00000, 0x0000000081b00000|100%| O|  |TAMS 0x0000000081b00000, 0x0000000081a00000| Untracked 
|  27|0x0000000081b00000, 0x0000000081c00000, 0x0000000081c00000|100%|HS|  |TAMS 0x0000000081c00000, 0x0000000081b00000| Complete 
|  28|0x0000000081c00000, 0x0000000081d00000, 0x0000000081d00000|100%|HS|  |TAMS 0x0000000081d00000, 0x0000000081c00000| Complete 
|  29|0x0000000081d00000, 0x0000000081e00000, 0x0000000081e00000|100%|HS|  |TAMS 0x0000000081e00000, 0x0000000081d00000| Complete 
|  30|0x0000000081e00000, 0x0000000081f00000, 0x0000000081f00000|100%|HC|  |TAMS 0x0000000081f00000, 0x0000000081e00000| Complete 
|  31|0x0000000081f00000, 0x0000000082000000, 0x0000000082000000|100%|HC|  |TAMS 0x0000000082000000, 0x0000000081f00000| Complete 
|  32|0x0000000082000000, 0x0000000082100000, 0x0000000082100000|100%|HS|  |TAMS 0x0000000082100000, 0x0000000082000000| Complete 
|  33|0x0000000082100000, 0x0000000082200000, 0x0000000082200000|100%|HC|  |TAMS 0x0000000082200000, 0x0000000082100000| Complete 
|  34|0x0000000082200000, 0x0000000082300000, 0x0000000082300000|100%| O|  |TAMS 0x0000000082300000, 0x0000000082200000| Untracked 
|  35|0x0000000082300000, 0x0000000082400000, 0x0000000082400000|100%| O|  |TAMS 0x0000000082400000, 0x0000000082300000| Untracked 
|  36|0x0000000082400000, 0x0000000082500000, 0x0000000082500000|100%| O|  |TAMS 0x0000000082500000, 0x0000000082400000| Untracked 
|  37|0x0000000082500000, 0x0000000082600000, 0x0000000082600000|100%| O|  |TAMS 0x0000000082600000, 0x0000000082500000| Untracked 
|  38|0x0000000082600000, 0x0000000082700000, 0x0000000082700000|100%| O|  |TAMS 0x0000000082700000, 0x0000000082600000| Untracked 
|  39|0x0000000082700000, 0x0000000082800000, 0x0000000082800000|100%| O|  |TAMS 0x0000000082800000, 0x0000000082700000| Untracked 
|  40|0x0000000082800000, 0x0000000082900000, 0x0000000082900000|100%| O|  |TAMS 0x0000000082900000, 0x0000000082800000| Untracked 
|  41|0x0000000082900000, 0x0000000082a00000, 0x0000000082a00000|100%| O|  |TAMS 0x0000000082a00000, 0x0000000082900000| Untracked 
|  42|0x0000000082a00000, 0x0000000082b00000, 0x0000000082b00000|100%| O|  |TAMS 0x0000000082b00000, 0x0000000082a00000| Untracked 
|  43|0x0000000082b00000, 0x0000000082c00000, 0x0000000082c00000|100%| O|  |TAMS 0x0000000082c00000, 0x0000000082b00000| Untracked 
|  44|0x0000000082c00000, 0x0000000082d00000, 0x0000000082d00000|100%| O|  |TAMS 0x0000000082d00000, 0x0000000082c00000| Untracked 
|  45|0x0000000082d00000, 0x0000000082e00000, 0x0000000082e00000|100%| O|  |TAMS 0x0000000082e00000, 0x0000000082d00000| Untracked 
|  46|0x0000000082e00000, 0x0000000082f00000, 0x0000000082f00000|100%| O|  |TAMS 0x0000000082f00000, 0x0000000082e00000| Untracked 
|  47|0x0000000082f00000, 0x0000000083000000, 0x0000000083000000|100%| O|  |TAMS 0x0000000083000000, 0x0000000082f00000| Untracked 
|  48|0x0000000083000000, 0x0000000083100000, 0x0000000083100000|100%| O|  |TAMS 0x0000000083100000, 0x0000000083000000| Untracked 
|  49|0x0000000083100000, 0x0000000083200000, 0x0000000083200000|100%| O|  |TAMS 0x0000000083200000, 0x0000000083100000| Untracked 
|  50|0x0000000083200000, 0x0000000083300000, 0x0000000083300000|100%| O|  |TAMS 0x0000000083300000, 0x0000000083200000| Untracked 
|  51|0x0000000083300000, 0x0000000083400000, 0x0000000083400000|100%| O|  |TAMS 0x0000000083375800, 0x0000000083300000| Untracked 
|  52|0x0000000083400000, 0x0000000083500000, 0x0000000083500000|100%| O|  |TAMS 0x0000000083400000, 0x0000000083400000| Untracked 
|  53|0x0000000083500000, 0x0000000083600000, 0x0000000083600000|100%| O|  |TAMS 0x0000000083500000, 0x0000000083500000| Untracked 
|  54|0x0000000083600000, 0x0000000083700000, 0x0000000083700000|100%| O|  |TAMS 0x0000000083600000, 0x0000000083600000| Untracked 
|  55|0x0000000083700000, 0x0000000083800000, 0x0000000083800000|100%| O|  |TAMS 0x0000000083700000, 0x0000000083700000| Untracked 
|  56|0x0000000083800000, 0x0000000083900000, 0x0000000083900000|100%| O|  |TAMS 0x0000000083800000, 0x0000000083800000| Untracked 
|  57|0x0000000083900000, 0x0000000083a00000, 0x0000000083a00000|100%| O|  |TAMS 0x0000000083900000, 0x0000000083900000| Untracked 
|  58|0x0000000083a00000, 0x0000000083b00000, 0x0000000083b00000|100%| O|  |TAMS 0x0000000083a00000, 0x0000000083a00000| Untracked 
|  59|0x0000000083b00000, 0x0000000083c00000, 0x0000000083c00000|100%| O|  |TAMS 0x0000000083b00000, 0x0000000083b00000| Untracked 
|  60|0x0000000083c00000, 0x0000000083d00000, 0x0000000083d00000|100%| O|  |TAMS 0x0000000083c00000, 0x0000000083c00000| Untracked 
|  61|0x0000000083d00000, 0x0000000083e00000, 0x0000000083e00000|100%| O|  |TAMS 0x0000000083d00000, 0x0000000083d00000| Untracked 
|  62|0x0000000083e00000, 0x0000000083e8aa00, 0x0000000083f00000| 54%| O|  |TAMS 0x0000000083e00000, 0x0000000083e00000| Untracked 
|  63|0x0000000083f00000, 0x0000000084000000, 0x0000000084000000|100%|HS|  |TAMS 0x0000000083f00000, 0x0000000083f00000| Complete 
|  64|0x0000000084000000, 0x0000000084100000, 0x0000000084100000|100%|HS|  |TAMS 0x0000000084000000, 0x0000000084000000| Complete 
|  65|0x0000000084100000, 0x0000000084200000, 0x0000000084200000|100%|HC|  |TAMS 0x0000000084100000, 0x0000000084100000| Complete 
|  66|0x0000000084200000, 0x0000000084300000, 0x0000000084300000|100%|HC|  |TAMS 0x0000000084200000, 0x0000000084200000| Complete 
|  67|0x0000000084300000, 0x0000000084400000, 0x0000000084400000|100%|HS|  |TAMS 0x0000000084300000, 0x0000000084300000| Complete 
|  68|0x0000000084400000, 0x0000000084400000, 0x0000000084500000|  0%| F|  |TAMS 0x0000000084400000, 0x0000000084400000| Untracked 
|  69|0x0000000084500000, 0x0000000084500000, 0x0000000084600000|  0%| F|  |TAMS 0x0000000084500000, 0x0000000084500000| Untracked 
|  70|0x0000000084600000, 0x0000000084600000, 0x0000000084700000|  0%| F|  |TAMS 0x0000000084600000, 0x0000000084600000| Untracked 
|  71|0x0000000084700000, 0x0000000084700000, 0x0000000084800000|  0%| F|  |TAMS 0x0000000084700000, 0x0000000084700000| Untracked 
|  72|0x0000000084800000, 0x0000000084800000, 0x0000000084900000|  0%| F|  |TAMS 0x0000000084800000, 0x0000000084800000| Untracked 
|  73|0x0000000084900000, 0x0000000084900000, 0x0000000084a00000|  0%| F|  |TAMS 0x0000000084900000, 0x0000000084900000| Untracked 
|  74|0x0000000084a00000, 0x0000000084a00000, 0x0000000084b00000|  0%| F|  |TAMS 0x0000000084a00000, 0x0000000084a00000| Untracked 
|  75|0x0000000084b00000, 0x0000000084b00000, 0x0000000084c00000|  0%| F|  |TAMS 0x0000000084b00000, 0x0000000084b00000| Untracked 
|  76|0x0000000084c00000, 0x0000000084c00000, 0x0000000084d00000|  0%| F|  |TAMS 0x0000000084c00000, 0x0000000084c00000| Untracked 
|  77|0x0000000084d00000, 0x0000000084d00000, 0x0000000084e00000|  0%| F|  |TAMS 0x0000000084d00000, 0x0000000084d00000| Untracked 
|  78|0x0000000084e00000, 0x0000000084e00000, 0x0000000084f00000|  0%| F|  |TAMS 0x0000000084e00000, 0x0000000084e00000| Untracked 
|  79|0x0000000084f00000, 0x0000000084f00000, 0x0000000085000000|  0%| F|  |TAMS 0x0000000084f00000, 0x0000000084f00000| Untracked 
|  80|0x0000000085000000, 0x0000000085000000, 0x0000000085100000|  0%| F|  |TAMS 0x0000000085000000, 0x0000000085000000| Untracked 
|  81|0x0000000085100000, 0x0000000085100000, 0x0000000085200000|  0%| F|  |TAMS 0x0000000085100000, 0x0000000085100000| Untracked 
|  82|0x0000000085200000, 0x0000000085200000, 0x0000000085300000|  0%| F|  |TAMS 0x0000000085200000, 0x0000000085200000| Untracked 
|  83|0x0000000085300000, 0x0000000085300000, 0x0000000085400000|  0%| F|  |TAMS 0x0000000085300000, 0x0000000085300000| Untracked 
|  84|0x0000000085400000, 0x0000000085400000, 0x0000000085500000|  0%| F|  |TAMS 0x0000000085400000, 0x0000000085400000| Untracked 
|  85|0x0000000085500000, 0x0000000085500000, 0x0000000085600000|  0%| F|  |TAMS 0x0000000085500000, 0x0000000085500000| Untracked 
|  86|0x0000000085600000, 0x0000000085600000, 0x0000000085700000|  0%| F|  |TAMS 0x0000000085600000, 0x0000000085600000| Untracked 
|  87|0x0000000085700000, 0x0000000085700000, 0x0000000085800000|  0%| F|  |TAMS 0x0000000085700000, 0x0000000085700000| Untracked 
|  88|0x0000000085800000, 0x0000000085800000, 0x0000000085900000|  0%| F|  |TAMS 0x0000000085800000, 0x0000000085800000| Untracked 
|  89|0x0000000085900000, 0x0000000085900000, 0x0000000085a00000|  0%| F|  |TAMS 0x0000000085900000, 0x0000000085900000| Untracked 
|  90|0x0000000085a00000, 0x0000000085a00000, 0x0000000085b00000|  0%| F|  |TAMS 0x0000000085a00000, 0x0000000085a00000| Untracked 
|  91|0x0000000085b00000, 0x0000000085b00000, 0x0000000085c00000|  0%| F|  |TAMS 0x0000000085b00000, 0x0000000085b00000| Untracked 
|  92|0x0000000085c00000, 0x0000000085c00000, 0x0000000085d00000|  0%| F|  |TAMS 0x0000000085c00000, 0x0000000085c00000| Untracked 
|  93|0x0000000085d00000, 0x0000000085d00000, 0x0000000085e00000|  0%| F|  |TAMS 0x0000000085d00000, 0x0000000085d00000| Untracked 
|  94|0x0000000085e00000, 0x0000000085e00000, 0x0000000085f00000|  0%| F|  |TAMS 0x0000000085e00000, 0x0000000085e00000| Untracked 
|  95|0x0000000085f00000, 0x0000000085f00000, 0x0000000086000000|  0%| F|  |TAMS 0x0000000085f00000, 0x0000000085f00000| Untracked 
|  96|0x0000000086000000, 0x0000000086000000, 0x0000000086100000|  0%| F|  |TAMS 0x0000000086000000, 0x0000000086000000| Untracked 
|  97|0x0000000086100000, 0x0000000086100000, 0x0000000086200000|  0%| F|  |TAMS 0x0000000086100000, 0x0000000086100000| Untracked 
|  98|0x0000000086200000, 0x0000000086200000, 0x0000000086300000|  0%| F|  |TAMS 0x0000000086200000, 0x0000000086200000| Untracked 
|  99|0x0000000086300000, 0x0000000086300000, 0x0000000086400000|  0%| F|  |TAMS 0x0000000086300000, 0x0000000086300000| Untracked 
| 100|0x0000000086400000, 0x0000000086400000, 0x0000000086500000|  0%| F|  |TAMS 0x0000000086400000, 0x0000000086400000| Untracked 
| 101|0x0000000086500000, 0x0000000086500000, 0x0000000086600000|  0%| F|  |TAMS 0x0000000086500000, 0x0000000086500000| Untracked 
| 102|0x0000000086600000, 0x0000000086600000, 0x0000000086700000|  0%| F|  |TAMS 0x0000000086600000, 0x0000000086600000| Untracked 
| 103|0x0000000086700000, 0x0000000086700000, 0x0000000086800000|  0%| F|  |TAMS 0x0000000086700000, 0x0000000086700000| Untracked 
| 104|0x0000000086800000, 0x0000000086825458, 0x0000000086900000| 14%| S|CS|TAMS 0x0000000086800000, 0x0000000086800000| Complete 
| 105|0x0000000086900000, 0x0000000086a00000, 0x0000000086a00000|100%| S|CS|TAMS 0x0000000086900000, 0x0000000086900000| Complete 
| 106|0x0000000086a00000, 0x0000000086b00000, 0x0000000086b00000|100%| S|CS|TAMS 0x0000000086a00000, 0x0000000086a00000| Complete 
| 107|0x0000000086b00000, 0x0000000086c00000, 0x0000000086c00000|100%| S|CS|TAMS 0x0000000086b00000, 0x0000000086b00000| Complete 
| 108|0x0000000086c00000, 0x0000000086d00000, 0x0000000086d00000|100%| S|CS|TAMS 0x0000000086c00000, 0x0000000086c00000| Complete 
| 109|0x0000000086d00000, 0x0000000086e00000, 0x0000000086e00000|100%| S|CS|TAMS 0x0000000086d00000, 0x0000000086d00000| Complete 
| 110|0x0000000086e00000, 0x0000000086e00000, 0x0000000086f00000|  0%| F|  |TAMS 0x0000000086e00000, 0x0000000086e00000| Untracked 
| 111|0x0000000086f00000, 0x0000000086f00000, 0x0000000087000000|  0%| F|  |TAMS 0x0000000086f00000, 0x0000000086f00000| Untracked 
| 112|0x0000000087000000, 0x0000000087000000, 0x0000000087100000|  0%| F|  |TAMS 0x0000000087000000, 0x0000000087000000| Untracked 
| 113|0x0000000087100000, 0x0000000087100000, 0x0000000087200000|  0%| F|  |TAMS 0x0000000087100000, 0x0000000087100000| Untracked 
| 114|0x0000000087200000, 0x0000000087200000, 0x0000000087300000|  0%| F|  |TAMS 0x0000000087200000, 0x0000000087200000| Untracked 
| 115|0x0000000087300000, 0x0000000087300000, 0x0000000087400000|  0%| F|  |TAMS 0x0000000087300000, 0x0000000087300000| Untracked 
| 116|0x0000000087400000, 0x0000000087400000, 0x0000000087500000|  0%| F|  |TAMS 0x0000000087400000, 0x0000000087400000| Untracked 
| 117|0x0000000087500000, 0x0000000087500000, 0x0000000087600000|  0%| F|  |TAMS 0x0000000087500000, 0x0000000087500000| Untracked 
| 118|0x0000000087600000, 0x0000000087600000, 0x0000000087700000|  0%| F|  |TAMS 0x0000000087600000, 0x0000000087600000| Untracked 
| 119|0x0000000087700000, 0x0000000087700000, 0x0000000087800000|  0%| F|  |TAMS 0x0000000087700000, 0x0000000087700000| Untracked 
| 120|0x0000000087800000, 0x0000000087800000, 0x0000000087900000|  0%| F|  |TAMS 0x0000000087800000, 0x0000000087800000| Untracked 
| 121|0x0000000087900000, 0x0000000087900000, 0x0000000087a00000|  0%| F|  |TAMS 0x0000000087900000, 0x0000000087900000| Untracked 
| 122|0x0000000087a00000, 0x0000000087a00000, 0x0000000087b00000|  0%| F|  |TAMS 0x0000000087a00000, 0x0000000087a00000| Untracked 
| 123|0x0000000087b00000, 0x0000000087b00000, 0x0000000087c00000|  0%| F|  |TAMS 0x0000000087b00000, 0x0000000087b00000| Untracked 
| 124|0x0000000087c00000, 0x0000000087c00000, 0x0000000087d00000|  0%| F|  |TAMS 0x0000000087c00000, 0x0000000087c00000| Untracked 
| 125|0x0000000087d00000, 0x0000000087d00000, 0x0000000087e00000|  0%| F|  |TAMS 0x0000000087d00000, 0x0000000087d00000| Untracked 
| 126|0x0000000087e00000, 0x0000000087e00000, 0x0000000087f00000|  0%| F|  |TAMS 0x0000000087e00000, 0x0000000087e00000| Untracked 
| 127|0x0000000087f00000, 0x0000000087f00000, 0x0000000088000000|  0%| F|  |TAMS 0x0000000087f00000, 0x0000000087f00000| Untracked 
| 128|0x0000000088000000, 0x0000000088000000, 0x0000000088100000|  0%| F|  |TAMS 0x0000000088000000, 0x0000000088000000| Untracked 
| 129|0x0000000088100000, 0x0000000088100000, 0x0000000088200000|  0%| F|  |TAMS 0x0000000088100000, 0x0000000088100000| Untracked 
| 130|0x0000000088200000, 0x0000000088200000, 0x0000000088300000|  0%| F|  |TAMS 0x0000000088200000, 0x0000000088200000| Untracked 
| 131|0x0000000088300000, 0x0000000088300000, 0x0000000088400000|  0%| F|  |TAMS 0x0000000088300000, 0x0000000088300000| Untracked 
| 132|0x0000000088400000, 0x0000000088400000, 0x0000000088500000|  0%| F|  |TAMS 0x0000000088400000, 0x0000000088400000| Untracked 
| 133|0x0000000088500000, 0x0000000088500000, 0x0000000088600000|  0%| F|  |TAMS 0x0000000088500000, 0x0000000088500000| Untracked 
| 134|0x0000000088600000, 0x0000000088600000, 0x0000000088700000|  0%| F|  |TAMS 0x0000000088600000, 0x0000000088600000| Untracked 
| 135|0x0000000088700000, 0x0000000088700000, 0x0000000088800000|  0%| F|  |TAMS 0x0000000088700000, 0x0000000088700000| Untracked 
| 136|0x0000000088800000, 0x0000000088800000, 0x0000000088900000|  0%| F|  |TAMS 0x0000000088800000, 0x0000000088800000| Untracked 
| 137|0x0000000088900000, 0x0000000088900000, 0x0000000088a00000|  0%| F|  |TAMS 0x0000000088900000, 0x0000000088900000| Untracked 
| 138|0x0000000088a00000, 0x0000000088a00000, 0x0000000088b00000|  0%| F|  |TAMS 0x0000000088a00000, 0x0000000088a00000| Untracked 
| 139|0x0000000088b00000, 0x0000000088b00000, 0x0000000088c00000|  0%| F|  |TAMS 0x0000000088b00000, 0x0000000088b00000| Untracked 
| 140|0x0000000088c00000, 0x0000000088c00000, 0x0000000088d00000|  0%| F|  |TAMS 0x0000000088c00000, 0x0000000088c00000| Untracked 
| 141|0x0000000088d00000, 0x0000000088d00000, 0x0000000088e00000|  0%| F|  |TAMS 0x0000000088d00000, 0x0000000088d00000| Untracked 
| 142|0x0000000088e00000, 0x0000000088e00000, 0x0000000088f00000|  0%| F|  |TAMS 0x0000000088e00000, 0x0000000088e00000| Untracked 
| 143|0x0000000088f00000, 0x0000000088f00000, 0x0000000089000000|  0%| F|  |TAMS 0x0000000088f00000, 0x0000000088f00000| Untracked 
| 144|0x0000000089000000, 0x0000000089000000, 0x0000000089100000|  0%| F|  |TAMS 0x0000000089000000, 0x0000000089000000| Untracked 
| 145|0x0000000089100000, 0x0000000089100000, 0x0000000089200000|  0%| F|  |TAMS 0x0000000089100000, 0x0000000089100000| Untracked 
| 146|0x0000000089200000, 0x0000000089200000, 0x0000000089300000|  0%| F|  |TAMS 0x0000000089200000, 0x0000000089200000| Untracked 
| 147|0x0000000089300000, 0x0000000089300000, 0x0000000089400000|  0%| F|  |TAMS 0x0000000089300000, 0x0000000089300000| Untracked 
| 148|0x0000000089400000, 0x0000000089400000, 0x0000000089500000|  0%| F|  |TAMS 0x0000000089400000, 0x0000000089400000| Untracked 
| 149|0x0000000089500000, 0x0000000089500000, 0x0000000089600000|  0%| F|  |TAMS 0x0000000089500000, 0x0000000089500000| Untracked 
| 150|0x0000000089600000, 0x0000000089600000, 0x0000000089700000|  0%| F|  |TAMS 0x0000000089600000, 0x0000000089600000| Untracked 
| 151|0x0000000089700000, 0x0000000089700000, 0x0000000089800000|  0%| F|  |TAMS 0x0000000089700000, 0x0000000089700000| Untracked 
| 152|0x0000000089800000, 0x0000000089800000, 0x0000000089900000|  0%| F|  |TAMS 0x0000000089800000, 0x0000000089800000| Untracked 
| 153|0x0000000089900000, 0x0000000089900000, 0x0000000089a00000|  0%| F|  |TAMS 0x0000000089900000, 0x0000000089900000| Untracked 
| 154|0x0000000089a00000, 0x0000000089a00000, 0x0000000089b00000|  0%| F|  |TAMS 0x0000000089a00000, 0x0000000089a00000| Untracked 
| 155|0x0000000089b00000, 0x0000000089b00000, 0x0000000089c00000|  0%| F|  |TAMS 0x0000000089b00000, 0x0000000089b00000| Untracked 
| 156|0x0000000089c00000, 0x0000000089c00000, 0x0000000089d00000|  0%| F|  |TAMS 0x0000000089c00000, 0x0000000089c00000| Untracked 
| 157|0x0000000089d00000, 0x0000000089d00000, 0x0000000089e00000|  0%| F|  |TAMS 0x0000000089d00000, 0x0000000089d00000| Untracked 
| 158|0x0000000089e00000, 0x0000000089e00000, 0x0000000089f00000|  0%| F|  |TAMS 0x0000000089e00000, 0x0000000089e00000| Untracked 
| 159|0x0000000089f00000, 0x0000000089f00000, 0x000000008a000000|  0%| F|  |TAMS 0x0000000089f00000, 0x0000000089f00000| Untracked 
| 160|0x000000008a000000, 0x000000008a100000, 0x000000008a100000|100%| E|  |TAMS 0x000000008a000000, 0x000000008a000000| Complete 
| 161|0x000000008a100000, 0x000000008a200000, 0x000000008a200000|100%| E|CS|TAMS 0x000000008a100000, 0x000000008a100000| Complete 
| 162|0x000000008a200000, 0x000000008a300000, 0x000000008a300000|100%| E|CS|TAMS 0x000000008a200000, 0x000000008a200000| Complete 
| 163|0x000000008a300000, 0x000000008a400000, 0x000000008a400000|100%| E|CS|TAMS 0x000000008a300000, 0x000000008a300000| Complete 
| 164|0x000000008a400000, 0x000000008a500000, 0x000000008a500000|100%| E|CS|TAMS 0x000000008a400000, 0x000000008a400000| Complete 
| 165|0x000000008a500000, 0x000000008a600000, 0x000000008a600000|100%| E|CS|TAMS 0x000000008a500000, 0x000000008a500000| Complete 
| 166|0x000000008a600000, 0x000000008a700000, 0x000000008a700000|100%| E|CS|TAMS 0x000000008a600000, 0x000000008a600000| Complete 
| 167|0x000000008a700000, 0x000000008a800000, 0x000000008a800000|100%| E|CS|TAMS 0x000000008a700000, 0x000000008a700000| Complete 
| 168|0x000000008a800000, 0x000000008a900000, 0x000000008a900000|100%| E|CS|TAMS 0x000000008a800000, 0x000000008a800000| Complete 
| 169|0x000000008a900000, 0x000000008aa00000, 0x000000008aa00000|100%| E|CS|TAMS 0x000000008a900000, 0x000000008a900000| Complete 
| 170|0x000000008aa00000, 0x000000008ab00000, 0x000000008ab00000|100%| E|CS|TAMS 0x000000008aa00000, 0x000000008aa00000| Complete 
| 171|0x000000008ab00000, 0x000000008ac00000, 0x000000008ac00000|100%| E|CS|TAMS 0x000000008ab00000, 0x000000008ab00000| Complete 
| 172|0x000000008ac00000, 0x000000008ad00000, 0x000000008ad00000|100%| E|CS|TAMS 0x000000008ac00000, 0x000000008ac00000| Complete 
| 173|0x000000008ad00000, 0x000000008ae00000, 0x000000008ae00000|100%| E|CS|TAMS 0x000000008ad00000, 0x000000008ad00000| Complete 
| 174|0x000000008ae00000, 0x000000008af00000, 0x000000008af00000|100%| E|CS|TAMS 0x000000008ae00000, 0x000000008ae00000| Complete 
| 175|0x000000008af00000, 0x000000008b000000, 0x000000008b000000|100%| E|CS|TAMS 0x000000008af00000, 0x000000008af00000| Complete 
| 176|0x000000008b000000, 0x000000008b100000, 0x000000008b100000|100%| E|CS|TAMS 0x000000008b000000, 0x000000008b000000| Complete 
| 177|0x000000008b100000, 0x000000008b200000, 0x000000008b200000|100%| E|CS|TAMS 0x000000008b100000, 0x000000008b100000| Complete 
| 178|0x000000008b200000, 0x000000008b300000, 0x000000008b300000|100%| E|CS|TAMS 0x000000008b200000, 0x000000008b200000| Complete 
| 179|0x000000008b300000, 0x000000008b400000, 0x000000008b400000|100%| E|CS|TAMS 0x000000008b300000, 0x000000008b300000| Complete 
| 180|0x000000008b400000, 0x000000008b500000, 0x000000008b500000|100%| E|CS|TAMS 0x000000008b400000, 0x000000008b400000| Complete 
| 181|0x000000008b500000, 0x000000008b600000, 0x000000008b600000|100%| E|CS|TAMS 0x000000008b500000, 0x000000008b500000| Complete 
| 182|0x000000008b600000, 0x000000008b700000, 0x000000008b700000|100%| E|CS|TAMS 0x000000008b600000, 0x000000008b600000| Complete 

Card table byte_map: [0x000001ce4f410000,0x000001ce4f810000] _byte_map_base: 0x000001ce4f010000

Marking Bits (Prev, Next): (CMBitMap*) 0x000001ce3b8ce8c0, (CMBitMap*) 0x000001ce3b8ce888
 Prev Bits: [0x000001ce51c10000, 0x000001ce53c10000)
 Next Bits: [0x000001ce4fc10000, 0x000001ce51c10000)

Polling page: 0x000001ce3a080000

Metaspace:

Usage:
  Non-class:     65.02 MB capacity,    63.91 MB ( 98%) used,   942.14 KB (  1%) free+waste,   193.69 KB ( <1%) overhead. 
      Class:     10.14 MB capacity,     9.43 MB ( 93%) used,   634.24 KB (  6%) free+waste,    90.63 KB ( <1%) overhead. 
       Both:     75.16 MB capacity,    73.34 MB ( 98%) used,     1.54 MB (  2%) free+waste,   284.31 KB ( <1%) overhead. 

Virtual space:
  Non-class space:       66.00 MB reserved,      65.25 MB ( 99%) committed 
      Class space:        1.00 GB reserved,      10.20 MB ( <1%) committed 
             Both:        1.06 GB reserved,      75.45 MB (  7%) committed 

Chunk freelists:
   Non-Class:  45.00 KB
       Class:  17.00 KB
        Both:  62.00 KB

MaxMetaspaceSize: 17179869184.00 GB
CompressedClassSpaceSize: 1.00 GB

CodeHeap 'non-profiled nmethods': size=120000Kb used=3235Kb max_used=3235Kb free=116764Kb
 bounds [0x000001ce46e60000, 0x000001ce47190000, 0x000001ce4e390000]
CodeHeap 'profiled nmethods': size=120000Kb used=14327Kb max_used=14327Kb free=105673Kb
 bounds [0x000001ce3f930000, 0x000001ce40730000, 0x000001ce46e60000]
CodeHeap 'non-nmethods': size=5760Kb used=2262Kb max_used=2300Kb free=3497Kb
 bounds [0x000001ce3f390000, 0x000001ce3f600000, 0x000001ce3f930000]
 total_blobs=7766 nmethods=6913 adapters=764
 compilation: enabled
              stopped_count=0, restarted_count=0
 full_count=0

Compilation events (20 events):
Event: 8.492 Thread 0x000001ce5728d800 7015       3       java.lang.Class::getFactory (9 bytes)
Event: 8.492 Thread 0x000001ce5728d800 nmethod 7015 0x000001ce40723510 code [0x000001ce40723700, 0x000001ce40723c58]
Event: 8.493 Thread 0x000001ce5728d800 7016       3       java.io.WinNTFileSystem::normalize (224 bytes)
Event: 8.494 Thread 0x000001ce5728d800 nmethod 7016 0x000001ce40723e10 code [0x000001ce40724220, 0x000001ce40725fd8]
Event: 8.494 Thread 0x000001ce5728d800 7017       3       org.apache.commons.io.FilenameUtils::failIfNullBytePresent (37 bytes)
Event: 8.494 Thread 0x000001ce5728d800 nmethod 7017 0x000001ce40726b10 code [0x000001ce40726d60, 0x000001ce407275e8]
Event: 8.497 Thread 0x000001ce5728d800 7019       3       java.security.CodeSource::getCertificates (98 bytes)
Event: 8.498 Thread 0x000001ce5728d800 nmethod 7019 0x000001ce40727a10 code [0x000001ce40727c80, 0x000001ce40728948]
Event: 8.499 Thread 0x000001ce5728d800 7020       3       org.gradle.internal.instantiation.generator.ManagedObjectFactory::cachedOwnerDisplayNameOf (10 bytes)
Event: 8.499 Thread 0x000001ce5728d800 nmethod 7020 0x000001ce40728c10 code [0x000001ce40728e20, 0x000001ce407295d8]
Event: 8.499 Thread 0x000001ce5728d800 7021       3       org.gradle.internal.instantiation.generator.ManagedObjectFactory$$Lambda$376/0x0000000100533c40::get$Lambda (9 bytes)
Event: 8.499 Thread 0x000001ce5728d800 nmethod 7021 0x000001ce40729890 code [0x000001ce40729a60, 0x000001ce40729cb8]
Event: 8.501 Thread 0x000001ce5728d800 7022   !   3       org.gradle.internal.metaobject.BeanDynamicObject$MetaClassAdapter::lookupProperty (47 bytes)
Event: 8.502 Thread 0x000001ce5728d800 nmethod 7022 0x000001ce40729d90 code [0x000001ce4072a020, 0x000001ce4072acd8]
Event: 8.502 Thread 0x000001ce5728d800 7025       3       java.io.WinNTFileSystem::normalize (143 bytes)
Event: 8.502 Thread 0x000001ce5728d800 nmethod 7025 0x000001ce4072b190 code [0x000001ce4072b420, 0x000001ce4072bfb8]
Event: 8.502 Thread 0x000001ce5728d800 7023       3       org.gradle.internal.metaobject.BeanDynamicObject::access$1000 (4 bytes)
Event: 8.502 Thread 0x000001ce5728d800 nmethod 7023 0x000001ce4072c490 code [0x000001ce4072c640, 0x000001ce4072c738]
Event: 8.502 Thread 0x000001ce5728d800 7024       3       org.gradle.api.internal.provider.AbstractProperty::attachOwner (6 bytes)
Event: 8.502 Thread 0x000001ce5728d800 nmethod 7024 0x000001ce4072c810 code [0x000001ce4072c9c0, 0x000001ce4072cb18]

GC Heap History (20 events):
Event: 3.304 GC heap before
{Heap before GC invocations=5 (full 0):
 garbage-first heap   total 129024K, used 75289K [0x0000000080000000, 0x0000000100000000)
  region size 1024K, 58 young (59392K), 3 survivors (3072K)
 Metaspace       used 32309K, capacity 33026K, committed 33280K, reserved 1077248K
  class space    used 4260K, capacity 4538K, committed 4608K, reserved 1048576K
}
Event: 3.307 GC heap after
{Heap after GC invocations=6 (full 0):
 garbage-first heap   total 129024K, used 21507K [0x0000000080000000, 0x0000000100000000)
  region size 1024K, 6 young (6144K), 6 survivors (6144K)
 Metaspace       used 32309K, capacity 33026K, committed 33280K, reserved 1077248K
  class space    used 4260K, capacity 4538K, committed 4608K, reserved 1048576K
}
Event: 3.414 GC heap before
{Heap before GC invocations=6 (full 0):
 garbage-first heap   total 129024K, used 27651K [0x0000000080000000, 0x0000000100000000)
  region size 1024K, 13 young (13312K), 6 survivors (6144K)
 Metaspace       used 35020K, capacity 35786K, committed 35840K, reserved 1081344K
  class space    used 4546K, capacity 4863K, committed 4864K, reserved 1048576K
}
Event: 3.420 GC heap after
{Heap after GC invocations=7 (full 0):
 garbage-first heap   total 129024K, used 23016K [0x0000000080000000, 0x0000000100000000)
  region size 1024K, 5 young (5120K), 5 survivors (5120K)
 Metaspace       used 35020K, capacity 35786K, committed 35840K, reserved 1081344K
  class space    used 4546K, capacity 4863K, committed 4864K, reserved 1048576K
}
Event: 3.807 GC heap before
{Heap before GC invocations=8 (full 0):
 garbage-first heap   total 129024K, used 84456K [0x0000000080000000, 0x0000000100000000)
  region size 1024K, 63 young (64512K), 5 survivors (5120K)
 Metaspace       used 39438K, capacity 40404K, committed 40524K, reserved 1085440K
  class space    used 5060K, capacity 5395K, committed 5452K, reserved 1048576K
}
Event: 3.812 GC heap after
{Heap after GC invocations=9 (full 0):
 garbage-first heap   total 129024K, used 27497K [0x0000000080000000, 0x0000000100000000)
  region size 1024K, 8 young (8192K), 8 survivors (8192K)
 Metaspace       used 39438K, capacity 40404K, committed 40524K, reserved 1085440K
  class space    used 5060K, capacity 5395K, committed 5452K, reserved 1048576K
}
Event: 4.187 GC heap before
{Heap before GC invocations=9 (full 0):
 garbage-first heap   total 129024K, used 88937K [0x0000000080000000, 0x0000000100000000)
  region size 1024K, 67 young (68608K), 8 survivors (8192K)
 Metaspace       used 44117K, capacity 45135K, committed 45260K, reserved 1089536K
  class space    used 5640K, capacity 6003K, committed 6092K, reserved 1048576K
}
Event: 4.194 GC heap after
{Heap after GC invocations=10 (full 0):
 garbage-first heap   total 155648K, used 30328K [0x0000000080000000, 0x0000000100000000)
  region size 1024K, 8 young (8192K), 8 survivors (8192K)
 Metaspace       used 44117K, capacity 45135K, committed 45260K, reserved 1089536K
  class space    used 5640K, capacity 6003K, committed 6092K, reserved 1048576K
}
Event: 5.081 GC heap before
{Heap before GC invocations=10 (full 0):
 garbage-first heap   total 155648K, used 102008K [0x0000000080000000, 0x0000000100000000)
  region size 1024K, 79 young (80896K), 8 survivors (8192K)
 Metaspace       used 47518K, capacity 48846K, committed 49100K, reserved 1091584K
  class space    used 6096K, capacity 6557K, committed 6604K, reserved 1048576K
}
Event: 5.087 GC heap after
{Heap after GC invocations=11 (full 0):
 garbage-first heap   total 155648K, used 34126K [0x0000000080000000, 0x0000000100000000)
  region size 1024K, 7 young (7168K), 7 survivors (7168K)
 Metaspace       used 47518K, capacity 48846K, committed 49100K, reserved 1091584K
  class space    used 6096K, capacity 6557K, committed 6604K, reserved 1048576K
}
Event: 5.927 GC heap before
{Heap before GC invocations=11 (full 0):
 garbage-first heap   total 155648K, used 113998K [0x0000000080000000, 0x0000000100000000)
  region size 1024K, 79 young (80896K), 7 survivors (7168K)
 Metaspace       used 55645K, capacity 57216K, committed 57292K, reserved 1099776K
  class space    used 7044K, capacity 7603K, committed 7628K, reserved 1048576K
}
Event: 5.936 GC heap after
{Heap after GC invocations=12 (full 0):
 garbage-first heap   total 155648K, used 51638K [0x0000000080000000, 0x0000000100000000)
  region size 1024K, 10 young (10240K), 10 survivors (10240K)
 Metaspace       used 55645K, capacity 57216K, committed 57292K, reserved 1099776K
  class space    used 7044K, capacity 7603K, committed 7628K, reserved 1048576K
}
Event: 6.165 GC heap before
{Heap before GC invocations=12 (full 0):
 garbage-first heap   total 155648K, used 81334K [0x0000000080000000, 0x0000000100000000)
  region size 1024K, 41 young (41984K), 10 survivors (10240K)
 Metaspace       used 58536K, capacity 60122K, committed 60236K, reserved 1101824K
  class space    used 7427K, capacity 7993K, committed 8012K, reserved 1048576K
}
Event: 6.172 GC heap after
{Heap after GC invocations=13 (full 0):
 garbage-first heap   total 155648K, used 56172K [0x0000000080000000, 0x0000000100000000)
  region size 1024K, 4 young (4096K), 4 survivors (4096K)
 Metaspace       used 58536K, capacity 60122K, committed 60236K, reserved 1101824K
  class space    used 7427K, capacity 7993K, committed 8012K, reserved 1048576K
}
Event: 7.016 GC heap before
{Heap before GC invocations=14 (full 0):
 garbage-first heap   total 155648K, used 106348K [0x0000000080000000, 0x0000000100000000)
  region size 1024K, 53 young (54272K), 4 survivors (4096K)
 Metaspace       used 65123K, capacity 66821K, committed 67020K, reserved 1107968K
  class space    used 8232K, capacity 8873K, committed 8908K, reserved 1048576K
}
Event: 7.022 GC heap after
{Heap after GC invocations=15 (full 0):
 garbage-first heap   total 187392K, used 58484K [0x0000000080000000, 0x0000000100000000)
  region size 1024K, 6 young (6144K), 6 survivors (6144K)
 Metaspace       used 65123K, capacity 66821K, committed 67020K, reserved 1107968K
  class space    used 8232K, capacity 8873K, committed 8908K, reserved 1048576K
}
Event: 7.548 GC heap before
{Heap before GC invocations=15 (full 0):
 garbage-first heap   total 187392K, used 124020K [0x0000000080000000, 0x0000000100000000)
  region size 1024K, 70 young (71680K), 6 survivors (6144K)
 Metaspace       used 67077K, capacity 68795K, committed 69068K, reserved 1110016K
  class space    used 8446K, capacity 9120K, committed 9164K, reserved 1048576K
}
Event: 7.556 GC heap after
{Heap after GC invocations=16 (full 0):
 garbage-first heap   total 187392K, used 64317K [0x0000000080000000, 0x0000000100000000)
  region size 1024K, 9 young (9216K), 9 survivors (9216K)
 Metaspace       used 67077K, capacity 68795K, committed 69068K, reserved 1110016K
  class space    used 8446K, capacity 9120K, committed 9164K, reserved 1048576K
}
Event: 8.309 GC heap before
{Heap before GC invocations=16 (full 0):
 garbage-first heap   total 187392K, used 129853K [0x0000000080000000, 0x0000000100000000)
  region size 1024K, 73 young (74752K), 9 survivors (9216K)
 Metaspace       used 73229K, capacity 75036K, committed 75212K, reserved 1114112K
  class space    used 9401K, capacity 10107K, committed 10188K, reserved 1048576K
}
Event: 8.316 GC heap after
{Heap after GC invocations=17 (full 0):
 garbage-first heap   total 187392K, used 69311K [0x0000000080000000, 0x0000000100000000)
  region size 1024K, 6 young (6144K), 6 survivors (6144K)
 Metaspace       used 73229K, capacity 75036K, committed 75212K, reserved 1114112K
  class space    used 9401K, capacity 10107K, committed 10188K, reserved 1048576K
}

Deoptimization events (20 events):
Event: 8.456 Thread 0x000001ce5871f000 Uncommon trap: trap_request=0xffffff4d fr.pc=0x000001ce470b0474 relative=0x0000000000002494
Event: 8.456 Thread 0x000001ce5871f000 Uncommon trap: reason=unstable_if action=reinterpret pc=0x000001ce470b0474 method=java.util.HashMap.getNode(ILjava/lang/Object;)Ljava/util/HashMap$Node; @ 84 c2
Event: 8.456 Thread 0x000001ce5871f000 DEOPT PACKING pc=0x000001ce470b0474 sp=0x000000bc8d2f7050
Event: 8.456 Thread 0x000001ce5871f000 DEOPT UNPACKING pc=0x000001ce3f3b662f sp=0x000000bc8d2f6f38 mode 2
Event: 8.456 Thread 0x000001ce5871f000 Uncommon trap: trap_request=0xffffff4d fr.pc=0x000001ce47187614 relative=0x00000000000002d4
Event: 8.456 Thread 0x000001ce5871f000 Uncommon trap: reason=unstable_if action=reinterpret pc=0x000001ce47187614 method=java.util.HashMap.getNode(ILjava/lang/Object;)Ljava/util/HashMap$Node; @ 84 c2
Event: 8.456 Thread 0x000001ce5871f000 DEOPT PACKING pc=0x000001ce47187614 sp=0x000000bc8d2f7000
Event: 8.456 Thread 0x000001ce5871f000 DEOPT UNPACKING pc=0x000001ce3f3b662f sp=0x000000bc8d2f6f20 mode 2
Event: 8.456 Thread 0x000001ce5871f000 Uncommon trap: trap_request=0xffffff4d fr.pc=0x000001ce47028274 relative=0x00000000000001b4
Event: 8.456 Thread 0x000001ce5871f000 Uncommon trap: reason=unstable_if action=reinterpret pc=0x000001ce47028274 method=java.util.HashMap.getNode(ILjava/lang/Object;)Ljava/util/HashMap$Node; @ 84 c2
Event: 8.456 Thread 0x000001ce5871f000 DEOPT PACKING pc=0x000001ce47028274 sp=0x000000bc8d2f6fa0
Event: 8.456 Thread 0x000001ce5871f000 DEOPT UNPACKING pc=0x000001ce3f3b662f sp=0x000000bc8d2f6f28 mode 2
Event: 8.482 Thread 0x000001ce5871f000 Uncommon trap: trap_request=0xffffff4d fr.pc=0x000001ce470056bc relative=0x00000000000000fc
Event: 8.483 Thread 0x000001ce5871f000 Uncommon trap: reason=unstable_if action=reinterpret pc=0x000001ce470056bc method=java.io.WinNTFileSystem.normalize(Ljava/lang/String;)Ljava/lang/String; @ 74 c2
Event: 8.483 Thread 0x000001ce5871f000 DEOPT PACKING pc=0x000001ce470056bc sp=0x000000bc8d2f5c50
Event: 8.483 Thread 0x000001ce5871f000 DEOPT UNPACKING pc=0x000001ce3f3b662f sp=0x000000bc8d2f5c28 mode 2
Event: 8.483 Thread 0x000001ce5871f000 Uncommon trap: trap_request=0xffffff4d fr.pc=0x000001ce4702abf8 relative=0x0000000000001838
Event: 8.483 Thread 0x000001ce5871f000 Uncommon trap: reason=unstable_if action=reinterpret pc=0x000001ce4702abf8 method=java.io.WinNTFileSystem.normalize(Ljava/lang/String;II)Ljava/lang/String; @ 100 c2
Event: 8.483 Thread 0x000001ce5871f000 DEOPT PACKING pc=0x000001ce4702abf8 sp=0x000000bc8d2f5b90
Event: 8.483 Thread 0x000001ce5871f000 DEOPT UNPACKING pc=0x000001ce3f3b662f sp=0x000000bc8d2f5b88 mode 2

Classes redefined (0 events):
No events

Internal exceptions (20 events):
Event: 8.238 Thread 0x000001ce5871f000 Exception <a 'java/lang/ClassNotFoundException'{0x00000000881affa0}: org/gradle/api/internal/tasks/DefaultTaskContainerCustomizer> (0x00000000881affa0) thrown at [./src/hotspot/share/classfile/systemDictionary.cpp, line 231]
Event: 8.239 Thread 0x000001ce5871f000 Exception <a 'java/lang/ClassNotFoundException'{0x0000000088014b60}: org/gradle/api/internal/tasks/DefaultTaskContainer_DecoratedCustomizer> (0x0000000088014b60) thrown at [./src/hotspot/share/classfile/systemDictionary.cpp, line 231]
Event: 8.243 Thread 0x000001ce5871f000 Exception <a 'java/lang/ClassNotFoundException'{0x0000000087f8d870}: java/util/Collections$SingletonListBeanInfo> (0x0000000087f8d870) thrown at [./src/hotspot/share/classfile/systemDictionary.cpp, line 231]
Event: 8.243 Thread 0x000001ce5871f000 Exception <a 'java/lang/ClassNotFoundException'{0x0000000087f99ba0}: java/util/Collections$SingletonListCustomizer> (0x0000000087f99ba0) thrown at [./src/hotspot/share/classfile/systemDictionary.cpp, line 231]
Event: 8.247 Thread 0x000001ce5871f000 Exception <a 'java/lang/ClassNotFoundException'{0x0000000087e5ea08}: org/gradle/api/internal/tasks/DefaultTaskContainer$TaskCreatingProvider_DecoratedBeanInfo> (0x0000000087e5ea08) thrown at [./src/hotspot/share/classfile/systemDictionary.cpp, line 231]
Event: 8.248 Thread 0x000001ce5871f000 Exception <a 'java/lang/ClassNotFoundException'{0x0000000087e7a948}: org/gradle/api/internal/tasks/DefaultTaskContainer$TaskCreatingProviderBeanInfo> (0x0000000087e7a948) thrown at [./src/hotspot/share/classfile/systemDictionary.cpp, line 231]
Event: 8.248 Thread 0x000001ce5871f000 Exception <a 'java/lang/ClassNotFoundException'{0x0000000087e9a1b0}: org/gradle/api/internal/DefaultNamedDomainObjectCollection$AbstractDomainObjectCreatingProviderBeanInfo> (0x0000000087e9a1b0) thrown at [./src/hotspot/share/classfile/systemDictionary.cpp, line 231]
Event: 8.248 Thread 0x000001ce5871f000 Exception <a 'java/lang/ClassNotFoundException'{0x0000000087eb9590}: org/gradle/api/internal/DefaultNamedDomainObjectCollection$AbstractNamedDomainObjectProviderBeanInfo> (0x0000000087eb9590) thrown at [./src/hotspot/share/classfile/systemDictionary.cpp, line 231]
Event: 8.248 Thread 0x000001ce5871f000 Exception <a 'java/lang/ClassNotFoundException'{0x0000000087ed2f60}: org/gradle/api/internal/provider/AbstractMinimalProviderBeanInfo> (0x0000000087ed2f60) thrown at [./src/hotspot/share/classfile/systemDictionary.cpp, line 231]
Event: 8.249 Thread 0x000001ce5871f000 Exception <a 'java/lang/ClassNotFoundException'{0x0000000087eed140}: org/gradle/api/internal/provider/AbstractMinimalProviderCustomizer> (0x0000000087eed140) thrown at [./src/hotspot/share/classfile/systemDictionary.cpp, line 231]
Event: 8.250 Thread 0x000001ce5871f000 Exception <a 'java/lang/ClassNotFoundException'{0x0000000087d458f8}: org/gradle/api/internal/DefaultNamedDomainObjectCollection$AbstractNamedDomainObjectProviderCustomizer> (0x0000000087d458f8) thrown at [./src/hotspot/share/classfile/systemDictionary.cpp, line 231]
Event: 8.250 Thread 0x000001ce5871f000 Exception <a 'java/lang/ClassNotFoundException'{0x0000000087d771a8}: org/gradle/api/internal/DefaultNamedDomainObjectCollection$AbstractDomainObjectCreatingProviderCustomizer> (0x0000000087d771a8) thrown at [./src/hotspot/share/classfile/systemDictionary.cpp, line 231]
Event: 8.251 Thread 0x000001ce5871f000 Exception <a 'java/lang/ClassNotFoundException'{0x0000000087d9dca0}: org/gradle/api/internal/tasks/DefaultTaskContainer$TaskCreatingProviderCustomizer> (0x0000000087d9dca0) thrown at [./src/hotspot/share/classfile/systemDictionary.cpp, line 231]
Event: 8.251 Thread 0x000001ce5871f000 Exception <a 'java/lang/ClassNotFoundException'{0x0000000087dc33a0}: org/gradle/api/internal/tasks/DefaultTaskContainer$TaskCreatingProvider_DecoratedCustomizer> (0x0000000087dc33a0) thrown at [./src/hotspot/share/classfile/systemDictionary.cpp, line 231]
Event: 8.285 Thread 0x000001ce5871f000 Exception <a 'java/lang/ClassNotFoundException'{0x000000008796c148}: org/gradle/api/internal/file/collections/DefaultConfigurableFileTreeBeanInfo> (0x000000008796c148) thrown at [./src/hotspot/share/classfile/systemDictionary.cpp, line 231]
Event: 8.285 Thread 0x000001ce5871f000 Exception <a 'java/lang/ClassNotFoundException'{0x0000000087984a00}: org/gradle/api/internal/file/CompositeFileTreeBeanInfo> (0x0000000087984a00) thrown at [./src/hotspot/share/classfile/systemDictionary.cpp, line 231]
Event: 8.285 Thread 0x000001ce5871f000 Exception <a 'java/lang/ClassNotFoundException'{0x000000008799e160}: org/gradle/api/internal/file/CompositeFileCollectionBeanInfo> (0x000000008799e160) thrown at [./src/hotspot/share/classfile/systemDictionary.cpp, line 231]
Event: 8.285 Thread 0x000001ce5871f000 Exception <a 'java/lang/ClassNotFoundException'{0x00000000879b7a50}: org/gradle/api/internal/file/CompositeFileCollectionCustomizer> (0x00000000879b7a50) thrown at [./src/hotspot/share/classfile/systemDictionary.cpp, line 231]
Event: 8.286 Thread 0x000001ce5871f000 Exception <a 'java/lang/ClassNotFoundException'{0x00000000879d84e0}: org/gradle/api/internal/file/CompositeFileTreeCustomizer> (0x00000000879d84e0) thrown at [./src/hotspot/share/classfile/systemDictionary.cpp, line 231]
Event: 8.286 Thread 0x000001ce5871f000 Exception <a 'java/lang/ClassNotFoundException'{0x0000000087800060}: org/gradle/api/internal/file/collections/DefaultConfigurableFileTreeCustomizer> (0x0000000087800060) thrown at [./src/hotspot/share/classfile/systemDictionary.cpp, line 231]

Events (20 events):
Event: 8.503 loading class org/jetbrains/kotlin/gradle/internal/KaptWithAndroid
Event: 8.503 loading class org/jetbrains/kotlin/gradle/internal/KaptWithAndroid done
Event: 8.503 loading class org/jetbrains/kotlin/gradle/internal/Kapt3GradleSubplugin$createKaptKotlinTask$2
Event: 8.503 loading class org/jetbrains/kotlin/gradle/internal/Kapt3GradleSubplugin$createKaptKotlinTask$2 done
Event: 8.503 loading class org/jetbrains/kotlin/gradle/internal/Kapt3KotlinGradleSubpluginKt$sam$org_gradle_api_Transformer$0
Event: 8.503 loading class org/jetbrains/kotlin/gradle/internal/Kapt3KotlinGradleSubpluginKt$sam$org_gradle_api_Transformer$0 done
Event: 8.504 loading class org/jetbrains/kotlin/gradle/internal/Kapt3GradleSubplugin$createKaptKotlinTask$3
Event: 8.504 loading class org/jetbrains/kotlin/gradle/internal/Kapt3GradleSubplugin$createKaptKotlinTask$3 done
Event: 8.504 loading class kotlin/collections/ArrayAsCollection
Event: 8.504 loading class kotlin/collections/ArrayAsCollection done
Event: 8.505 loading class org/jetbrains/kotlin/gradle/internal/KaptWithAndroid$registerGeneratedJavaSourceForAndroid$1
Event: 8.505 loading class org/jetbrains/kotlin/gradle/internal/KaptWithAndroid$registerGeneratedJavaSourceForAndroid$1 done
Event: 8.505 loading class org/jetbrains/kotlin/gradle/internal/Kapt3GradleSubplugin$createKaptKotlinTask$dslJavacOptions$1
Event: 8.505 loading class org/jetbrains/kotlin/gradle/internal/Kapt3GradleSubplugin$createKaptKotlinTask$dslJavacOptions$1 done
Event: 8.505 loading class org/jetbrains/kotlin/gradle/internal/Kapt3GradleSubplugin$createKaptKotlinTask$4
Event: 8.505 loading class org/jetbrains/kotlin/gradle/internal/Kapt3GradleSubplugin$createKaptKotlinTask$4 done
Event: 8.506 loading class org/jetbrains/kotlin/com/intellij/openapi/util/SystemInfo
Event: 8.506 loading class org/jetbrains/kotlin/com/intellij/openapi/util/SystemInfo done
Event: 8.507 loading class org/jetbrains/kotlin/com/intellij/openapi/util/NotNullLazyValue
Event: 8.507 loading class org/jetbrains/kotlin/com/intellij/openapi/util/NotNullLazyValue done


Dynamic libraries:
0x00007ff752c50000 - 0x00007ff752c5a000 	C:\Program Files\Android\Android Studio\jre\bin\java.exe
0x00007ff9d45f0000 - 0x00007ff9d47e5000 	C:\WINDOWS\SYSTEM32\ntdll.dll
0x00007ff9d2770000 - 0x00007ff9d282e000 	C:\WINDOWS\System32\KERNEL32.DLL
0x00007ff9d1d90000 - 0x00007ff9d2058000 	C:\WINDOWS\System32\KERNELBASE.dll
0x00007ff9d2110000 - 0x00007ff9d2210000 	C:\WINDOWS\System32\ucrtbase.dll
0x00007ff9b83a0000 - 0x00007ff9b83b9000 	C:\Program Files\Android\Android Studio\jre\bin\jli.dll
0x00007ff9af600000 - 0x00007ff9af617000 	C:\Program Files\Android\Android Studio\jre\bin\VCRUNTIME140.dll
0x00007ff9d40f0000 - 0x00007ff9d4290000 	C:\WINDOWS\System32\USER32.dll
0x00007ff9d2620000 - 0x00007ff9d2642000 	C:\WINDOWS\System32\win32u.dll
0x00007ff9b6200000 - 0x00007ff9b649a000 	C:\WINDOWS\WinSxS\amd64_microsoft.windows.common-controls_6595b64144ccf1df_6.0.19041.1110_none_60b5254171f9507e\COMCTL32.dll
0x00007ff9d4550000 - 0x00007ff9d457b000 	C:\WINDOWS\System32\GDI32.dll
0x00007ff9d44b0000 - 0x00007ff9d454e000 	C:\WINDOWS\System32\msvcrt.dll
0x00007ff9d2510000 - 0x00007ff9d261b000 	C:\WINDOWS\System32\gdi32full.dll
0x00007ff9d2210000 - 0x00007ff9d22ad000 	C:\WINDOWS\System32\msvcp_win.dll
0x00007ff9d4580000 - 0x00007ff9d45b0000 	C:\WINDOWS\System32\IMM32.DLL
0x00007ff9aebe0000 - 0x00007ff9aec7d000 	C:\Program Files\Android\Android Studio\jre\bin\msvcp140.dll
0x00007ff995b40000 - 0x00007ff996615000 	C:\Program Files\Android\Android Studio\jre\bin\server\jvm.dll
0x00007ff9d3f50000 - 0x00007ff9d3ffe000 	C:\WINDOWS\System32\ADVAPI32.dll
0x00007ff9d26d0000 - 0x00007ff9d276c000 	C:\WINDOWS\System32\sechost.dll
0x00007ff9d3c40000 - 0x00007ff9d3d65000 	C:\WINDOWS\System32\RPCRT4.dll
0x00007ff9d2830000 - 0x00007ff9d2838000 	C:\WINDOWS\System32\PSAPI.DLL
0x00007ff9ba0e0000 - 0x00007ff9ba0e9000 	C:\WINDOWS\SYSTEM32\WSOCK32.dll
0x00007ff9b7760000 - 0x00007ff9b7787000 	C:\WINDOWS\SYSTEM32\WINMM.dll
0x00007ff9cc880000 - 0x00007ff9cc88a000 	C:\WINDOWS\SYSTEM32\VERSION.dll
0x00007ff9d4440000 - 0x00007ff9d44ab000 	C:\WINDOWS\System32\WS2_32.dll
0x00007ff9cfc00000 - 0x00007ff9cfc12000 	C:\WINDOWS\SYSTEM32\kernel.appcore.dll
0x00007ff9c2dc0000 - 0x00007ff9c2dd1000 	C:\Program Files\Android\Android Studio\jre\bin\verify.dll
0x00007ff9c1ea0000 - 0x00007ff9c2084000 	C:\WINDOWS\SYSTEM32\DBGHELP.DLL
0x00007ff9c1e70000 - 0x00007ff9c1e9c000 	C:\WINDOWS\SYSTEM32\dbgcore.DLL
0x00007ff9d2320000 - 0x00007ff9d23a2000 	C:\WINDOWS\System32\bcryptPrimitives.dll
0x00007ff9c11b0000 - 0x00007ff9c11d9000 	C:\Program Files\Android\Android Studio\jre\bin\java.dll
0x00007ff9ccaf0000 - 0x00007ff9ccafb000 	C:\Program Files\Android\Android Studio\jre\bin\jimage.dll
0x00007ff9c1190000 - 0x00007ff9c11a8000 	C:\Program Files\Android\Android Studio\jre\bin\zip.dll
0x00007ff9d2a40000 - 0x00007ff9d3184000 	C:\WINDOWS\System32\SHELL32.dll
0x00007ff9cfe00000 - 0x00007ff9d0594000 	C:\WINDOWS\SYSTEM32\windows.storage.dll
0x00007ff9d32d0000 - 0x00007ff9d3624000 	C:\WINDOWS\System32\combase.dll
0x00007ff9d15c0000 - 0x00007ff9d15ec000 	C:\WINDOWS\SYSTEM32\Wldp.dll
0x00007ff9d3ea0000 - 0x00007ff9d3f4d000 	C:\WINDOWS\System32\SHCORE.dll
0x00007ff9d3b80000 - 0x00007ff9d3bd5000 	C:\WINDOWS\System32\shlwapi.dll
0x00007ff9d1c50000 - 0x00007ff9d1c6f000 	C:\WINDOWS\SYSTEM32\profapi.dll
0x00007ff9be220000 - 0x00007ff9be23a000 	C:\Program Files\Android\Android Studio\jre\bin\net.dll
0x00007ff9cc110000 - 0x00007ff9cc219000 	C:\WINDOWS\SYSTEM32\WINHTTP.dll
0x00007ff9d13a0000 - 0x00007ff9d140a000 	C:\WINDOWS\system32\mswsock.dll
0x00007ff9b8280000 - 0x00007ff9b8294000 	C:\Program Files\Android\Android Studio\jre\bin\nio.dll
0x00007ff9b0390000 - 0x00007ff9b03b7000 	C:\Users\ADMIN\.gradle\native\e1d6ef7f7dcc3fd88c89a11ec53ec762bb8ba0a96d01ffa2cd45eb1d1d8dd5c5\windows-amd64\native-platform.dll
0x00007ff9a08a0000 - 0x00007ff9a09e4000 	C:\Users\ADMIN\.gradle\native\5664cfc778a61ccfe75a443a1ab52a65af34e5dc3c78e0209fed803814484fcb\windows-amd64\native-platform-file-events.dll
0x00007ff9cb350000 - 0x00007ff9cb35a000 	C:\Program Files\Android\Android Studio\jre\bin\management.dll
0x00007ff9c2e80000 - 0x00007ff9c2e8d000 	C:\Program Files\Android\Android Studio\jre\bin\management_ext.dll
0x00007ff9d1600000 - 0x00007ff9d1618000 	C:\WINDOWS\SYSTEM32\CRYPTSP.dll
0x00007ff9d0d40000 - 0x00007ff9d0d74000 	C:\WINDOWS\system32\rsaenh.dll
0x00007ff9d1d60000 - 0x00007ff9d1d87000 	C:\WINDOWS\System32\bcrypt.dll
0x00007ff9d1c10000 - 0x00007ff9d1c3e000 	C:\WINDOWS\SYSTEM32\USERENV.dll
0x00007ff9d1530000 - 0x00007ff9d153c000 	C:\WINDOWS\SYSTEM32\CRYPTBASE.dll
0x00007ff9d10b0000 - 0x00007ff9d10eb000 	C:\WINDOWS\SYSTEM32\IPHLPAPI.DLL
0x00007ff9d2860000 - 0x00007ff9d2868000 	C:\WINDOWS\System32\NSI.dll
0x00007ff9cb990000 - 0x00007ff9cb9a7000 	C:\WINDOWS\SYSTEM32\dhcpcsvc6.DLL
0x00007ff9cbd20000 - 0x00007ff9cbd3d000 	C:\WINDOWS\SYSTEM32\dhcpcsvc.DLL
0x00007ff9d10f0000 - 0x00007ff9d11ba000 	C:\WINDOWS\SYSTEM32\DNSAPI.dll

dbghelp: loaded successfully - version: 4.0.5 - missing functions: none
symbol engine: initialized successfully - sym options: 0x614 - pdb path: .;C:\Program Files\Android\Android Studio\jre\bin;C:\WINDOWS\SYSTEM32;C:\WINDOWS\WinSxS\amd64_microsoft.windows.common-controls_6595b64144ccf1df_6.0.19041.1110_none_60b5254171f9507e;C:\Program Files\Android\Android Studio\jre\bin\server;C:\Users\ADMIN\.gradle\native\e1d6ef7f7dcc3fd88c89a11ec53ec762bb8ba0a96d01ffa2cd45eb1d1d8dd5c5\windows-amd64;C:\Users\ADMIN\.gradle\native\5664cfc778a61ccfe75a443a1ab52a65af34e5dc3c78e0209fed803814484fcb\windows-amd64

VM Arguments:
jvm_args: --add-opens=java.base/java.util=ALL-UNNAMED --add-opens=java.base/java.lang=ALL-UNNAMED --add-opens=java.base/java.lang.invoke=ALL-UNNAMED --add-opens=java.base/java.util=ALL-UNNAMED --add-opens=java.prefs/java.util.prefs=ALL-UNNAMED --add-opens=java.prefs/java.util.prefs=ALL-UNNAMED --add-opens=java.base/java.nio.charset=ALL-UNNAMED --add-opens=java.base/java.net=ALL-UNNAMED --add-opens=java.base/java.util.concurrent.atomic=ALL-UNNAMED -Xmx2048m -Dfile.encoding=UTF-8 -Duser.country=IN -Duser.language=en -Duser.variant 
java_command: org.gradle.launcher.daemon.bootstrap.GradleDaemon 7.2
java_class_path (initial): C:\Users\ADMIN\.gradle\wrapper\dists\gradle-7.2-bin\2dnblmf4td7x66yl1d74lt32g\gradle-7.2\lib\gradle-launcher-7.2.jar
Launcher Type: SUN_STANDARD

[Global flags]
     intx CICompilerCount                          = 4                                         {product} {ergonomic}
     uint ConcGCThreads                            = 3                                         {product} {ergonomic}
     uint G1ConcRefinementThreads                  = 10                                        {product} {ergonomic}
   size_t G1HeapRegionSize                         = 1048576                                   {product} {ergonomic}
    uintx GCDrainStackTargetSize                   = 64                                        {product} {ergonomic}
   size_t InitialHeapSize                          = 132120576                                 {product} {ergonomic}
   size_t MarkStackSize                            = 4194304                                   {product} {ergonomic}
   size_t MaxHeapSize                              = 2147483648                                {product} {command line}
   size_t MaxNewSize                               = 1287651328                                {product} {ergonomic}
   size_t MinHeapDeltaBytes                        = 1048576                                   {product} {ergonomic}
    uintx NonNMethodCodeHeapSize                   = 5836300                                {pd product} {ergonomic}
    uintx NonProfiledCodeHeapSize                  = 122910970                              {pd product} {ergonomic}
    uintx ProfiledCodeHeapSize                     = 122910970                              {pd product} {ergonomic}
    uintx ReservedCodeCacheSize                    = 251658240                              {pd product} {ergonomic}
     bool SegmentedCodeCache                       = true                                      {product} {ergonomic}
     bool UseCompressedClassPointers               = true                                 {lp64_product} {ergonomic}
     bool UseCompressedOops                        = true                                 {lp64_product} {ergonomic}
     bool UseG1GC                                  = true                                      {product} {ergonomic}
     bool UseLargePagesIndividualAllocation        = false                                  {pd product} {ergonomic}

Logging:
Log output configuration:
 #0: stdout all=warning uptime,level,tags
 #1: stderr all=off uptime,level,tags

Environment Variables:
JAVA_HOME=C:\Program Files\Java\jdk-17.0.2
PATH=C:\WINDOWS\system32;C:\WINDOWS;C:\WINDOWS\System32\Wbem;C:\WINDOWS\System32\WindowsPowerShell\v1.0\;C:\WINDOWS\System32\OpenSSH\;C:\Program Files\Git\cmd;C:\Users\ADMIN\AppData\Local\Microsoft\WindowsApps;D:\Flutter\flutter_windows_2.8.1-stable\flutter\bin;C:\Program Files\JetBrains\IntelliJ IDEA 2021.3.1\bin;;C:\Program Files (x86)\Java\jre1.8.0_321\bin;
USERNAME=ADMIN
OS=Windows_NT
PROCESSOR_IDENTIFIER=Intel64 Family 6 Model 165 Stepping 3, GenuineIntel



---------------  S Y S T E M  ---------------

OS: Windows 10 , 64 bit Build 19041 (10.0.19041.1566)
OS uptime: 6 days 5:17 hours
Hyper-V role detected

CPU:total 12 (initial active 12) (6 cores per cpu, 2 threads per core) family 6 model 165 stepping 3 microcode 0xe0, cmov, cx8, fxsr, mmx, sse, sse2, sse3, ssse3, sse4.1, sse4.2, popcnt, avx, avx2, aes, clmul, erms, 3dnowpref, lzcnt, ht, tsc, tscinvbit, bmi1, bmi2, adx, fma

Memory: 4k page, system-wide physical 8036M (302M free)
TotalPageFile size 22956M (AvailPageFile size 7M)
current process WorkingSet (physical memory assigned to process): 398M, peak: 398M
current process commit charge ("private bytes"): 442M, peak: 444M

vm_info: OpenJDK 64-Bit Server VM (11.0.11+9-b60-7590822) for windows-amd64 JRE (11.0.11+9-b60-7590822), built on Jul 29 2021 21:43:44 by "builder" with MS VC++ 14.0 (VS2015)

END.
